<?xml version="1.0" encoding="UTF-8"?>
<testsuite name="Tests" tests="1" skipped="0" failures="0" errors="0" timestamp="2022-06-01T10:24:54" hostname="Devins-MacBook-Air.local" time="0.046">
  <properties/>
  <testcase name="start" classname="Tests" time="0.046"/>
  <system-out><![CDATA[?[1;31m
Start test 1?[0m
Hello! My name is Jarvis.
I was created in 2022.
]]></system-out>
  <system-err><![CDATA[]]></system-err>
</testsuite>
