<?xml version="1.0" encoding="UTF-8"?>
<testsuite name="MinesweeperTest" tests="1" skipped="0" failures="1" errors="0" timestamp="2022-09-03T15:41:36" hostname="Devins-MacBook-Air.local" time="0.154">
  <properties/>
  <testcase name="start" classname="MinesweeperTest" time="0.154">
    <failure message="java.lang.AssertionError: Wrong answer in test #7&#10;&#10;The last grid contains '*' and '/' characters that are next to each other. This situation is impossible. If there is '*' character that is next to '/' it should be replaced to '/' or to a number.&#10;&#10;Please find below the output of your program during this failed test.&#10;Note that the '&gt;' character indicates the beginning of the input line.&#10;&#10;---&#10;&#10;How many mines do you want on the field?&#10;&gt; 1&#10; |123456789|&#10;-|---------|&#10;1|.........|&#10;2|.........|&#10;3|.........|&#10;4|.........|&#10;5|.........|&#10;6|.........|&#10;7|.........|&#10;8|.........|&#10;9|.........|&#10;-|---------|&#10;Set/delete mines marks (x and y coordinates): &gt; 3 6 mine&#10; |123456789|&#10;-|---------|&#10;1|.........|&#10;2|.........|&#10;3|.........|&#10;4|.........|&#10;5|.........|&#10;6|..*......|&#10;7|.........|&#10;8|.........|&#10;9|.........|&#10;-|---------|&#10;Set/delete mines marks (x and y coordinates): &gt; 5 4 free&#10; |123456789|&#10;-|---------|&#10;1|/////////|&#10;2|/////////|&#10;3|//////111|&#10;4|//////1..|&#10;5|//////111|&#10;6|//*//////|&#10;7|/////////|&#10;8|/////////|&#10;9|/////////|&#10;-|---------|&#10;Set/delete mines marks (x and y coordinates):" type="java.lang.AssertionError">java.lang.AssertionError: Wrong answer in test #7

The last grid contains '*' and '/' characters that are next to each other. This situation is impossible. If there is '*' character that is next to '/' it should be replaced to '/' or to a number.

Please find below the output of your program during this failed test.
Note that the '&gt;' character indicates the beginning of the input line.

---

How many mines do you want on the field?
&gt; 1
 |123456789|
-|---------|
1|.........|
2|.........|
3|.........|
4|.........|
5|.........|
6|.........|
7|.........|
8|.........|
9|.........|
-|---------|
Set/delete mines marks (x and y coordinates): &gt; 3 6 mine
 |123456789|
-|---------|
1|.........|
2|.........|
3|.........|
4|.........|
5|.........|
6|..*......|
7|.........|
8|.........|
9|.........|
-|---------|
Set/delete mines marks (x and y coordinates): &gt; 5 4 free
 |123456789|
-|---------|
1|/////////|
2|/////////|
3|//////111|
4|//////1..|
5|//////111|
6|//*//////|
7|/////////|
8|/////////|
9|/////////|
-|---------|
Set/delete mines marks (x and y coordinates):
	at org.junit.Assert.fail(Assert.java:88)
	at org.hyperskill.hstest.stage.StageTest.start(StageTest.java:155)
	at java.base/jdk.internal.reflect.NativeMethodAccessorImpl.invoke0(Native Method)
	at java.base/jdk.internal.reflect.NativeMethodAccessorImpl.invoke(NativeMethodAccessorImpl.java:77)
	at java.base/jdk.internal.reflect.DelegatingMethodAccessorImpl.invoke(DelegatingMethodAccessorImpl.java:43)
	at java.base/java.lang.reflect.Method.invoke(Method.java:568)
	at org.junit.runners.model.FrameworkMethod$1.runReflectiveCall(FrameworkMethod.java:50)
	at org.junit.internal.runners.model.ReflectiveCallable.run(ReflectiveCallable.java:12)
	at org.junit.runners.model.FrameworkMethod.invokeExplosively(FrameworkMethod.java:47)
	at org.junit.internal.runners.statements.InvokeMethod.evaluate(InvokeMethod.java:17)
	at org.junit.runners.ParentRunner.runLeaf(ParentRunner.java:325)
	at org.junit.runners.BlockJUnit4ClassRunner.runChild(BlockJUnit4ClassRunner.java:78)
	at org.junit.runners.BlockJUnit4ClassRunner.runChild(BlockJUnit4ClassRunner.java:57)
	at org.junit.runners.ParentRunner$3.run(ParentRunner.java:290)
	at org.junit.runners.ParentRunner$1.schedule(ParentRunner.java:71)
	at org.junit.runners.ParentRunner.runChildren(ParentRunner.java:288)
	at org.junit.runners.ParentRunner.access$000(ParentRunner.java:58)
	at org.junit.runners.ParentRunner$2.evaluate(ParentRunner.java:268)
	at org.junit.runners.ParentRunner.run(ParentRunner.java:363)
	at org.gradle.api.internal.tasks.testing.junit.JUnitTestClassExecutor.runTestClass(JUnitTestClassExecutor.java:110)
	at org.gradle.api.internal.tasks.testing.junit.JUnitTestClassExecutor.execute(JUnitTestClassExecutor.java:58)
	at org.gradle.api.internal.tasks.testing.junit.JUnitTestClassExecutor.execute(JUnitTestClassExecutor.java:38)
	at org.gradle.api.internal.tasks.testing.junit.AbstractJUnitTestClassProcessor.processTestClass(AbstractJUnitTestClassProcessor.java:62)
	at org.gradle.api.internal.tasks.testing.SuiteTestClassProcessor.processTestClass(SuiteTestClassProcessor.java:51)
	at java.base/jdk.internal.reflect.NativeMethodAccessorImpl.invoke0(Native Method)
	at java.base/jdk.internal.reflect.NativeMethodAccessorImpl.invoke(NativeMethodAccessorImpl.java:77)
	at java.base/jdk.internal.reflect.DelegatingMethodAccessorImpl.invoke(DelegatingMethodAccessorImpl.java:43)
	at java.base/java.lang.reflect.Method.invoke(Method.java:568)
	at org.gradle.internal.dispatch.ReflectionDispatch.dispatch(ReflectionDispatch.java:36)
	at org.gradle.internal.dispatch.ReflectionDispatch.dispatch(ReflectionDispatch.java:24)
	at org.gradle.internal.dispatch.ContextClassLoaderDispatch.dispatch(ContextClassLoaderDispatch.java:33)
	at org.gradle.internal.dispatch.ProxyDispatchAdapter$DispatchingInvocationHandler.invoke(ProxyDispatchAdapter.java:94)
	at jdk.proxy1/jdk.proxy1.$Proxy2.processTestClass(Unknown Source)
	at org.gradle.api.internal.tasks.testing.worker.TestWorker$2.run(TestWorker.java:176)
	at org.gradle.api.internal.tasks.testing.worker.TestWorker.executeAndMaintainThreadName(TestWorker.java:129)
	at org.gradle.api.internal.tasks.testing.worker.TestWorker.execute(TestWorker.java:100)
	at org.gradle.api.internal.tasks.testing.worker.TestWorker.execute(TestWorker.java:60)
	at org.gradle.process.internal.worker.child.ActionExecutionWorker.execute(ActionExecutionWorker.java:56)
	at org.gradle.process.internal.worker.child.SystemApplicationClassLoaderWorker.call(SystemApplicationClassLoaderWorker.java:133)
	at org.gradle.process.internal.worker.child.SystemApplicationClassLoaderWorker.call(SystemApplicationClassLoaderWorker.java:71)
	at worker.org.gradle.process.internal.worker.GradleWorkerMain.run(GradleWorkerMain.java:69)
	at worker.org.gradle.process.internal.worker.GradleWorkerMain.main(GradleWorkerMain.java:74)
</failure>
  </testcase>
  <system-out><![CDATA[?[1;31m
Start test 1?[0m
How many mines do you want on the field?
> 1
 |123456789|
-|---------|
1|.........|
2|.........|
3|.........|
4|.........|
5|.........|
6|.........|
7|.........|
8|.........|
9|.........|
-|---------|
Set/delete mines marks (x and y coordinates): > 9 1 free
 |123456789|
-|---------|
1|..1//////|
2|111//////|
3|/////////|
4|/////////|
5|/////////|
6|/////////|
7|/////////|
8|/////////|
9|/////////|
-|---------|
Set/delete mines marks (x and y coordinates): > 1 1 free
 |123456789|
-|---------|
1|1.1//////|
2|111//////|
3|/////////|
4|/////////|
5|/////////|
6|/////////|
7|/////////|
8|/////////|
9|/////////|
-|---------|
Congratulations! You found all the mines!
?[1;31m
Start test 2?[0m
How many mines do you want on the field?
> 1
 |123456789|
-|---------|
1|.........|
2|.........|
3|.........|
4|.........|
5|.........|
6|.........|
7|.........|
8|.........|
9|.........|
-|---------|
Set/delete mines marks (x and y coordinates): > 2 7 free
 |123456789|
-|---------|
1|/////////|
2|/////////|
3|/////////|
4|/////////|
5|//111////|
6|//1.1////|
7|//111////|
8|/////////|
9|/////////|
-|---------|
Congratulations! You found all the mines!
?[1;31m
Start test 3?[0m
How many mines do you want on the field?
> 1
 |123456789|
-|---------|
1|.........|
2|.........|
3|.........|
4|.........|
5|.........|
6|.........|
7|.........|
8|.........|
9|.........|
-|---------|
Set/delete mines marks (x and y coordinates): > 4 2 free
 |123456789|
-|---------|
1|/////////|
2|/////////|
3|/////////|
4|//////111|
5|//////1..|
6|//////111|
7|/////////|
8|/////////|
9|/////////|
-|---------|
Set/delete mines marks (x and y coordinates): > 8 5 free
 |123456789|
-|---------|
1|/////////|
2|/////////|
3|/////////|
4|//////111|
5|//////1X.|
6|//////111|
7|/////////|
8|/////////|
9|/////////|
-|---------|
You stepped on a mine and failed!
?[1;31m
Start test 4?[0m
How many mines do you want on the field?
> 1
 |123456789|
-|---------|
1|.........|
2|.........|
3|.........|
4|.........|
5|.........|
6|.........|
7|.........|
8|.........|
9|.........|
-|---------|
Set/delete mines marks (x and y coordinates): > 4 6 free
 |123456789|
-|---------|
1|//////1..|
2|//////1..|
3|//////111|
4|/////////|
5|/////////|
6|/////////|
7|/////////|
8|/////////|
9|/////////|
-|---------|
Set/delete mines marks (x and y coordinates): > 8 1 free
 |123456789|
-|---------|
1|//////11.|
2|//////1..|
3|//////111|
4|/////////|
5|/////////|
6|/////////|
7|/////////|
8|/////////|
9|/////////|
-|---------|
Set/delete mines marks (x and y coordinates): > 9 1 free
 |123456789|
-|---------|
1|//////111|
2|//////1..|
3|//////111|
4|/////////|
5|/////////|
6|/////////|
7|/////////|
8|/////////|
9|/////////|
-|---------|
Set/delete mines marks (x and y coordinates): > 8 2 free
 |123456789|
-|---------|
1|//////111|
2|//////1X.|
3|//////111|
4|/////////|
5|/////////|
6|/////////|
7|/////////|
8|/////////|
9|/////////|
-|---------|
You stepped on a mine and failed!
?[1;31m
Start test 5?[0m
How many mines do you want on the field?
> 1
 |123456789|
-|---------|
1|.........|
2|.........|
3|.........|
4|.........|
5|.........|
6|.........|
7|.........|
8|.........|
9|.........|
-|---------|
Set/delete mines marks (x and y coordinates): > 5 7 mine
 |123456789|
-|---------|
1|.........|
2|.........|
3|.........|
4|.........|
5|.........|
6|.........|
7|....*....|
8|.........|
9|.........|
-|---------|
Set/delete mines marks (x and y coordinates): > 8 2 free
 |123456789|
-|---------|
1|////1.1//|
2|////111//|
3|/////////|
4|/////////|
5|/////////|
6|/////////|
7|////*////|
8|/////////|
9|/////////|
-|---------|
Congratulations! You found all the mines!
?[1;31m
Start test 6?[0m
How many mines do you want on the field?
> 1
 |123456789|
-|---------|
1|.........|
2|.........|
3|.........|
4|.........|
5|.........|
6|.........|
7|.........|
8|.........|
9|.........|
-|---------|
Set/delete mines marks (x and y coordinates): > 5 6 mine
 |123456789|
-|---------|
1|.........|
2|.........|
3|.........|
4|.........|
5|.........|
6|....*....|
7|.........|
8|.........|
9|.........|
-|---------|
Set/delete mines marks (x and y coordinates): > 1 2 mine
 |123456789|
-|---------|
1|.........|
2|*........|
3|.........|
4|.........|
5|.........|
6|....*....|
7|.........|
8|.........|
9|.........|
-|---------|
Set/delete mines marks (x and y coordinates): > 8 4 free
 |123456789|
-|---------|
1|.........|
2|*........|
3|.........|
4|.......X.|
5|.........|
6|....*....|
7|.........|
8|.........|
9|.........|
-|---------|
You stepped on a mine and failed!
?[1;31m
Start test 7?[0m
How many mines do you want on the field?
> 1
 |123456789|
-|---------|
1|.........|
2|.........|
3|.........|
4|.........|
5|.........|
6|.........|
7|.........|
8|.........|
9|.........|
-|---------|
Set/delete mines marks (x and y coordinates): > 3 6 mine
 |123456789|
-|---------|
1|.........|
2|.........|
3|.........|
4|.........|
5|.........|
6|..*......|
7|.........|
8|.........|
9|.........|
-|---------|
Set/delete mines marks (x and y coordinates): > 5 4 free
 |123456789|
-|---------|
1|/////////|
2|/////////|
3|//////111|
4|//////1..|
5|//////111|
6|//*//////|
7|/////////|
8|/////////|
9|/////////|
-|---------|
]]></system-out>
  <system-err><![CDATA[]]></system-err>
</testsuite>
