<?xml version="1.0" encoding="UTF-8"?>
<testsuite name="Tests" tests="1" skipped="0" failures="1" errors="0" timestamp="2022-07-27T12:44:01" hostname="Devins-MacBook-Air.local" time="0.11">
  <properties/>
  <testcase name="start" classname="Tests" time="0.11">
    <failure message="java.lang.AssertionError: Wrong answer in test #2&#10;&#10;Your program should not print a game field if there is an input mistake.&#10;&#10;Please find below the output of your program during this failed test.&#10;Note that the '&gt;' character indicates the beginning of the input line.&#10;&#10;---&#10;&#10;1 2 3 4 5 6 7 8 9 10&#10;A ~ ~ ~ ~ ~ ~ ~ ~ ~ ~&#10;B ~ ~ ~ ~ ~ ~ ~ ~ ~ ~&#10;C ~ ~ ~ ~ ~ ~ ~ ~ ~ ~&#10;D ~ ~ ~ ~ ~ ~ ~ ~ ~ ~&#10;E ~ ~ ~ ~ ~ ~ ~ ~ ~ ~&#10;F ~ ~ ~ ~ ~ ~ ~ ~ ~ ~&#10;G ~ ~ ~ ~ ~ ~ ~ ~ ~ ~&#10;H ~ ~ ~ ~ ~ ~ ~ ~ ~ ~&#10;I ~ ~ ~ ~ ~ ~ ~ ~ ~ ~&#10;J ~ ~ ~ ~ ~ ~ ~ ~ ~ ~&#10;Enter the coordinates of the Aircraft Carrier (5 cells):&#10;&gt; J3 J7&#10;  1 2 3 4 5 6 7 8 9 10&#10;A ~ ~ ~ ~ ~ ~ ~ ~ ~ ~&#10;B ~ ~ ~ ~ ~ ~ ~ ~ ~ ~&#10;C ~ ~ ~ ~ ~ ~ ~ ~ ~ ~&#10;D ~ ~ ~ ~ ~ ~ ~ ~ ~ ~&#10;E ~ ~ ~ ~ ~ ~ ~ ~ ~ ~&#10;F ~ ~ ~ ~ ~ ~ ~ ~ ~ ~&#10;G ~ ~ ~ ~ ~ ~ ~ ~ ~ ~&#10;H ~ ~ ~ ~ ~ ~ ~ ~ ~ ~&#10;I ~ ~ ~ ~ ~ ~ ~ ~ ~ ~&#10;J ~ ~ O O O O O ~ ~ ~&#10;Enter the coordinates of the Battleship (4 cells):&#10;&gt; C8 B8&#10;Error! Wrong length of the Battleship! Try again:&#10;&gt; C8 F8&#10;  1 2 3 4 5 6 7 8 9 10&#10;A ~ ~ ~ ~ ~ ~ ~ ~ ~ ~&#10;B ~ ~ ~ ~ ~ ~ ~ ~ ~ ~&#10;C ~ ~ ~ ~ ~ ~ ~ O ~ ~&#10;D ~ ~ ~ ~ ~ ~ ~ O ~ ~&#10;E ~ ~ ~ ~ ~ ~ ~ O ~ ~&#10;F ~ ~ ~ ~ ~ ~ ~ O ~ ~&#10;G ~ ~ ~ ~ ~ ~ ~ ~ ~ ~&#10;H ~ ~ ~ ~ ~ ~ ~ ~ ~ ~&#10;I ~ ~ ~ ~ ~ ~ ~ ~ ~ ~&#10;J ~ ~ O O O O O ~ ~ ~&#10;Enter the coordinates of the Submarine (3 cells):&#10;&gt; A1 C2&#10;Error! Wrong ship location! Try again:&#10;&gt; A1 C1&#10;  1 2 3 4 5 6 7 8 9 10&#10;A O ~ ~ ~ ~ ~ ~ ~ ~ ~&#10;B O ~ ~ ~ ~ ~ ~ ~ ~ ~&#10;C O ~ ~ ~ ~ ~ ~ O ~ ~&#10;D ~ ~ ~ ~ ~ ~ ~ O ~ ~&#10;E ~ ~ ~ ~ ~ ~ ~ O ~ ~&#10;F ~ ~ ~ ~ ~ ~ ~ O ~ ~&#10;G ~ ~ ~ ~ ~ ~ ~ ~ ~ ~&#10;H ~ ~ ~ ~ ~ ~ ~ ~ ~ ~&#10;I ~ ~ ~ ~ ~ ~ ~ ~ ~ ~&#10;J ~ ~ O O O O O ~ ~ ~&#10;Enter the coordinates of the Cruiser (3 cells):&#10;&gt; H1 H3&#10;  1 2 3 4 5 6 7 8 9 10&#10;A O ~ ~ ~ ~ ~ ~ ~ ~ ~&#10;B O ~ ~ ~ ~ ~ ~ ~ ~ ~&#10;C O ~ ~ ~ ~ ~ ~ O ~ ~&#10;D ~ ~ ~ ~ ~ ~ ~ O ~ ~&#10;E ~ ~ ~ ~ ~ ~ ~ O ~ ~&#10;F ~ ~ ~ ~ ~ ~ ~ O ~ ~&#10;G ~ ~ ~ ~ ~ ~ ~ ~ ~ ~&#10;H O O O ~ ~ ~ ~ ~ ~ ~&#10;I ~ ~ ~ ~ ~ ~ ~ ~ ~ ~&#10;J ~ ~ O O O O O ~ ~ ~&#10;Enter the coordinates of the Destroyer (2 cells):&#10;&gt; G2 E2&#10;Error! Wrong length of the Destroyer! Try again:&#10;&gt; B5 C5&#10;  1 2 3 4 5 6 7 8 9 10&#10;A O ~ ~ ~ ~ ~ ~ ~ ~ ~&#10;B O ~ ~ ~ O ~ ~ ~ ~ ~&#10;C O ~ ~ ~ O ~ ~ O ~ ~&#10;D ~ ~ ~ ~ ~ ~ ~ O ~ ~&#10;E ~ ~ ~ ~ ~ ~ ~ O ~ ~&#10;F ~ ~ ~ ~ ~ ~ ~ O ~ ~&#10;G ~ ~ ~ ~ ~ ~ ~ ~ ~ ~&#10;H O O O ~ ~ ~ ~ ~ ~ ~&#10;I ~ ~ ~ ~ ~ ~ ~ ~ ~ ~&#10;J ~ ~ O O O O O ~ ~ ~&#10;The game starts!&#10;  1 2 3 4 5 6 7 8 9 10&#10;A O ~ ~ ~ ~ ~ ~ ~ ~ ~&#10;B O ~ ~ ~ O ~ ~ ~ ~ ~&#10;C O ~ ~ ~ O ~ ~ O ~ ~&#10;D ~ ~ ~ ~ ~ ~ ~ O ~ ~&#10;E ~ ~ ~ ~ ~ ~ ~ O ~ ~&#10;F ~ ~ ~ ~ ~ ~ ~ O ~ ~&#10;G ~ ~ ~ ~ ~ ~ ~ ~ ~ ~&#10;H O O O ~ ~ ~ ~ ~ ~ ~&#10;I ~ ~ ~ ~ ~ ~ ~ ~ ~ ~&#10;J ~ ~ O O O O O ~ ~ ~&#10;Take a shot!&#10;&gt; M1&#10;Error! You entered the wrong coordinates! Try again:&#10;&gt; A11&#10;  1 2 3 4 5 6 7 8 9 10&#10;A O ~ ~ ~ ~ ~ ~ ~ ~ M&#10;B O ~ ~ ~ O ~ ~ ~ ~ ~&#10;C O ~ ~ ~ O ~ ~ O ~ ~&#10;D ~ ~ ~ ~ ~ ~ ~ O ~ ~&#10;E ~ ~ ~ ~ ~ ~ ~ O ~ ~&#10;F ~ ~ ~ ~ ~ ~ ~ O ~ ~&#10;G ~ ~ ~ ~ ~ ~ ~ ~ ~ ~&#10;H O O O ~ ~ ~ ~ ~ ~ ~&#10;I ~ ~ ~ ~ ~ ~ ~ ~ ~ ~&#10;J ~ ~ O O O O O ~ ~ ~&#10;You missed!" type="java.lang.AssertionError">java.lang.AssertionError: Wrong answer in test #2

Your program should not print a game field if there is an input mistake.

Please find below the output of your program during this failed test.
Note that the '&gt;' character indicates the beginning of the input line.

---

1 2 3 4 5 6 7 8 9 10
A ~ ~ ~ ~ ~ ~ ~ ~ ~ ~
B ~ ~ ~ ~ ~ ~ ~ ~ ~ ~
C ~ ~ ~ ~ ~ ~ ~ ~ ~ ~
D ~ ~ ~ ~ ~ ~ ~ ~ ~ ~
E ~ ~ ~ ~ ~ ~ ~ ~ ~ ~
F ~ ~ ~ ~ ~ ~ ~ ~ ~ ~
G ~ ~ ~ ~ ~ ~ ~ ~ ~ ~
H ~ ~ ~ ~ ~ ~ ~ ~ ~ ~
I ~ ~ ~ ~ ~ ~ ~ ~ ~ ~
J ~ ~ ~ ~ ~ ~ ~ ~ ~ ~
Enter the coordinates of the Aircraft Carrier (5 cells):
&gt; J3 J7
  1 2 3 4 5 6 7 8 9 10
A ~ ~ ~ ~ ~ ~ ~ ~ ~ ~
B ~ ~ ~ ~ ~ ~ ~ ~ ~ ~
C ~ ~ ~ ~ ~ ~ ~ ~ ~ ~
D ~ ~ ~ ~ ~ ~ ~ ~ ~ ~
E ~ ~ ~ ~ ~ ~ ~ ~ ~ ~
F ~ ~ ~ ~ ~ ~ ~ ~ ~ ~
G ~ ~ ~ ~ ~ ~ ~ ~ ~ ~
H ~ ~ ~ ~ ~ ~ ~ ~ ~ ~
I ~ ~ ~ ~ ~ ~ ~ ~ ~ ~
J ~ ~ O O O O O ~ ~ ~
Enter the coordinates of the Battleship (4 cells):
&gt; C8 B8
Error! Wrong length of the Battleship! Try again:
&gt; C8 F8
  1 2 3 4 5 6 7 8 9 10
A ~ ~ ~ ~ ~ ~ ~ ~ ~ ~
B ~ ~ ~ ~ ~ ~ ~ ~ ~ ~
C ~ ~ ~ ~ ~ ~ ~ O ~ ~
D ~ ~ ~ ~ ~ ~ ~ O ~ ~
E ~ ~ ~ ~ ~ ~ ~ O ~ ~
F ~ ~ ~ ~ ~ ~ ~ O ~ ~
G ~ ~ ~ ~ ~ ~ ~ ~ ~ ~
H ~ ~ ~ ~ ~ ~ ~ ~ ~ ~
I ~ ~ ~ ~ ~ ~ ~ ~ ~ ~
J ~ ~ O O O O O ~ ~ ~
Enter the coordinates of the Submarine (3 cells):
&gt; A1 C2
Error! Wrong ship location! Try again:
&gt; A1 C1
  1 2 3 4 5 6 7 8 9 10
A O ~ ~ ~ ~ ~ ~ ~ ~ ~
B O ~ ~ ~ ~ ~ ~ ~ ~ ~
C O ~ ~ ~ ~ ~ ~ O ~ ~
D ~ ~ ~ ~ ~ ~ ~ O ~ ~
E ~ ~ ~ ~ ~ ~ ~ O ~ ~
F ~ ~ ~ ~ ~ ~ ~ O ~ ~
G ~ ~ ~ ~ ~ ~ ~ ~ ~ ~
H ~ ~ ~ ~ ~ ~ ~ ~ ~ ~
I ~ ~ ~ ~ ~ ~ ~ ~ ~ ~
J ~ ~ O O O O O ~ ~ ~
Enter the coordinates of the Cruiser (3 cells):
&gt; H1 H3
  1 2 3 4 5 6 7 8 9 10
A O ~ ~ ~ ~ ~ ~ ~ ~ ~
B O ~ ~ ~ ~ ~ ~ ~ ~ ~
C O ~ ~ ~ ~ ~ ~ O ~ ~
D ~ ~ ~ ~ ~ ~ ~ O ~ ~
E ~ ~ ~ ~ ~ ~ ~ O ~ ~
F ~ ~ ~ ~ ~ ~ ~ O ~ ~
G ~ ~ ~ ~ ~ ~ ~ ~ ~ ~
H O O O ~ ~ ~ ~ ~ ~ ~
I ~ ~ ~ ~ ~ ~ ~ ~ ~ ~
J ~ ~ O O O O O ~ ~ ~
Enter the coordinates of the Destroyer (2 cells):
&gt; G2 E2
Error! Wrong length of the Destroyer! Try again:
&gt; B5 C5
  1 2 3 4 5 6 7 8 9 10
A O ~ ~ ~ ~ ~ ~ ~ ~ ~
B O ~ ~ ~ O ~ ~ ~ ~ ~
C O ~ ~ ~ O ~ ~ O ~ ~
D ~ ~ ~ ~ ~ ~ ~ O ~ ~
E ~ ~ ~ ~ ~ ~ ~ O ~ ~
F ~ ~ ~ ~ ~ ~ ~ O ~ ~
G ~ ~ ~ ~ ~ ~ ~ ~ ~ ~
H O O O ~ ~ ~ ~ ~ ~ ~
I ~ ~ ~ ~ ~ ~ ~ ~ ~ ~
J ~ ~ O O O O O ~ ~ ~
The game starts!
  1 2 3 4 5 6 7 8 9 10
A O ~ ~ ~ ~ ~ ~ ~ ~ ~
B O ~ ~ ~ O ~ ~ ~ ~ ~
C O ~ ~ ~ O ~ ~ O ~ ~
D ~ ~ ~ ~ ~ ~ ~ O ~ ~
E ~ ~ ~ ~ ~ ~ ~ O ~ ~
F ~ ~ ~ ~ ~ ~ ~ O ~ ~
G ~ ~ ~ ~ ~ ~ ~ ~ ~ ~
H O O O ~ ~ ~ ~ ~ ~ ~
I ~ ~ ~ ~ ~ ~ ~ ~ ~ ~
J ~ ~ O O O O O ~ ~ ~
Take a shot!
&gt; M1
Error! You entered the wrong coordinates! Try again:
&gt; A11
  1 2 3 4 5 6 7 8 9 10
A O ~ ~ ~ ~ ~ ~ ~ ~ M
B O ~ ~ ~ O ~ ~ ~ ~ ~
C O ~ ~ ~ O ~ ~ O ~ ~
D ~ ~ ~ ~ ~ ~ ~ O ~ ~
E ~ ~ ~ ~ ~ ~ ~ O ~ ~
F ~ ~ ~ ~ ~ ~ ~ O ~ ~
G ~ ~ ~ ~ ~ ~ ~ ~ ~ ~
H O O O ~ ~ ~ ~ ~ ~ ~
I ~ ~ ~ ~ ~ ~ ~ ~ ~ ~
J ~ ~ O O O O O ~ ~ ~
You missed!
	at org.junit.Assert.fail(Assert.java:88)
	at org.hyperskill.hstest.stage.StageTest.start(StageTest.java:155)
	at java.base/jdk.internal.reflect.NativeMethodAccessorImpl.invoke0(Native Method)
	at java.base/jdk.internal.reflect.NativeMethodAccessorImpl.invoke(NativeMethodAccessorImpl.java:77)
	at java.base/jdk.internal.reflect.DelegatingMethodAccessorImpl.invoke(DelegatingMethodAccessorImpl.java:43)
	at java.base/java.lang.reflect.Method.invoke(Method.java:568)
	at org.junit.runners.model.FrameworkMethod$1.runReflectiveCall(FrameworkMethod.java:50)
	at org.junit.internal.runners.model.ReflectiveCallable.run(ReflectiveCallable.java:12)
	at org.junit.runners.model.FrameworkMethod.invokeExplosively(FrameworkMethod.java:47)
	at org.junit.internal.runners.statements.InvokeMethod.evaluate(InvokeMethod.java:17)
	at org.junit.runners.ParentRunner.runLeaf(ParentRunner.java:325)
	at org.junit.runners.BlockJUnit4ClassRunner.runChild(BlockJUnit4ClassRunner.java:78)
	at org.junit.runners.BlockJUnit4ClassRunner.runChild(BlockJUnit4ClassRunner.java:57)
	at org.junit.runners.ParentRunner$3.run(ParentRunner.java:290)
	at org.junit.runners.ParentRunner$1.schedule(ParentRunner.java:71)
	at org.junit.runners.ParentRunner.runChildren(ParentRunner.java:288)
	at org.junit.runners.ParentRunner.access$000(ParentRunner.java:58)
	at org.junit.runners.ParentRunner$2.evaluate(ParentRunner.java:268)
	at org.junit.runners.ParentRunner.run(ParentRunner.java:363)
	at org.gradle.api.internal.tasks.testing.junit.JUnitTestClassExecutor.runTestClass(JUnitTestClassExecutor.java:110)
	at org.gradle.api.internal.tasks.testing.junit.JUnitTestClassExecutor.execute(JUnitTestClassExecutor.java:58)
	at org.gradle.api.internal.tasks.testing.junit.JUnitTestClassExecutor.execute(JUnitTestClassExecutor.java:38)
	at org.gradle.api.internal.tasks.testing.junit.AbstractJUnitTestClassProcessor.processTestClass(AbstractJUnitTestClassProcessor.java:62)
	at org.gradle.api.internal.tasks.testing.SuiteTestClassProcessor.processTestClass(SuiteTestClassProcessor.java:51)
	at java.base/jdk.internal.reflect.NativeMethodAccessorImpl.invoke0(Native Method)
	at java.base/jdk.internal.reflect.NativeMethodAccessorImpl.invoke(NativeMethodAccessorImpl.java:77)
	at java.base/jdk.internal.reflect.DelegatingMethodAccessorImpl.invoke(DelegatingMethodAccessorImpl.java:43)
	at java.base/java.lang.reflect.Method.invoke(Method.java:568)
	at org.gradle.internal.dispatch.ReflectionDispatch.dispatch(ReflectionDispatch.java:36)
	at org.gradle.internal.dispatch.ReflectionDispatch.dispatch(ReflectionDispatch.java:24)
	at org.gradle.internal.dispatch.ContextClassLoaderDispatch.dispatch(ContextClassLoaderDispatch.java:33)
	at org.gradle.internal.dispatch.ProxyDispatchAdapter$DispatchingInvocationHandler.invoke(ProxyDispatchAdapter.java:94)
	at jdk.proxy1/jdk.proxy1.$Proxy2.processTestClass(Unknown Source)
	at org.gradle.api.internal.tasks.testing.worker.TestWorker$2.run(TestWorker.java:176)
	at org.gradle.api.internal.tasks.testing.worker.TestWorker.executeAndMaintainThreadName(TestWorker.java:129)
	at org.gradle.api.internal.tasks.testing.worker.TestWorker.execute(TestWorker.java:100)
	at org.gradle.api.internal.tasks.testing.worker.TestWorker.execute(TestWorker.java:60)
	at org.gradle.process.internal.worker.child.ActionExecutionWorker.execute(ActionExecutionWorker.java:56)
	at org.gradle.process.internal.worker.child.SystemApplicationClassLoaderWorker.call(SystemApplicationClassLoaderWorker.java:133)
	at org.gradle.process.internal.worker.child.SystemApplicationClassLoaderWorker.call(SystemApplicationClassLoaderWorker.java:71)
	at worker.org.gradle.process.internal.worker.GradleWorkerMain.run(GradleWorkerMain.java:69)
	at worker.org.gradle.process.internal.worker.GradleWorkerMain.main(GradleWorkerMain.java:74)
</failure>
  </testcase>
  <system-out><![CDATA[?[1;31m
Start test 1?[0m
  1 2 3 4 5 6 7 8 9 10
A ~ ~ ~ ~ ~ ~ ~ ~ ~ ~
B ~ ~ ~ ~ ~ ~ ~ ~ ~ ~
C ~ ~ ~ ~ ~ ~ ~ ~ ~ ~
D ~ ~ ~ ~ ~ ~ ~ ~ ~ ~
E ~ ~ ~ ~ ~ ~ ~ ~ ~ ~
F ~ ~ ~ ~ ~ ~ ~ ~ ~ ~
G ~ ~ ~ ~ ~ ~ ~ ~ ~ ~
H ~ ~ ~ ~ ~ ~ ~ ~ ~ ~
I ~ ~ ~ ~ ~ ~ ~ ~ ~ ~
J ~ ~ ~ ~ ~ ~ ~ ~ ~ ~
Enter the coordinates of the Aircraft Carrier (5 cells):
> F3 F7
  1 2 3 4 5 6 7 8 9 10
A ~ ~ ~ ~ ~ ~ ~ ~ ~ ~
B ~ ~ ~ ~ ~ ~ ~ ~ ~ ~
C ~ ~ ~ ~ ~ ~ ~ ~ ~ ~
D ~ ~ ~ ~ ~ ~ ~ ~ ~ ~
E ~ ~ ~ ~ ~ ~ ~ ~ ~ ~
F ~ ~ O O O O O ~ ~ ~
G ~ ~ ~ ~ ~ ~ ~ ~ ~ ~
H ~ ~ ~ ~ ~ ~ ~ ~ ~ ~
I ~ ~ ~ ~ ~ ~ ~ ~ ~ ~
J ~ ~ ~ ~ ~ ~ ~ ~ ~ ~
Enter the coordinates of the Battleship (4 cells):
> A1 D1
  1 2 3 4 5 6 7 8 9 10
A O ~ ~ ~ ~ ~ ~ ~ ~ ~
B O ~ ~ ~ ~ ~ ~ ~ ~ ~
C O ~ ~ ~ ~ ~ ~ ~ ~ ~
D O ~ ~ ~ ~ ~ ~ ~ ~ ~
E ~ ~ ~ ~ ~ ~ ~ ~ ~ ~
F ~ ~ O O O O O ~ ~ ~
G ~ ~ ~ ~ ~ ~ ~ ~ ~ ~
H ~ ~ ~ ~ ~ ~ ~ ~ ~ ~
I ~ ~ ~ ~ ~ ~ ~ ~ ~ ~
J ~ ~ ~ ~ ~ ~ ~ ~ ~ ~
Enter the coordinates of the Submarine (3 cells):
> J7 J10
Error! Wrong length of the Submarine! Try again:
> J10 J8
  1 2 3 4 5 6 7 8 9 10
A O ~ ~ ~ ~ ~ ~ ~ ~ ~
B O ~ ~ ~ ~ ~ ~ ~ ~ ~
C O ~ ~ ~ ~ ~ ~ ~ ~ ~
D O ~ ~ ~ ~ ~ ~ ~ ~ ~
E ~ ~ ~ ~ ~ ~ ~ ~ ~ ~
F ~ ~ O O O O O ~ ~ ~
G ~ ~ ~ ~ ~ ~ ~ ~ ~ ~
H ~ ~ ~ ~ ~ ~ ~ ~ ~ ~
I ~ ~ ~ ~ ~ ~ ~ ~ ~ ~
J ~ ~ ~ ~ ~ ~ ~ O O O
Enter the coordinates of the Cruiser (3 cells):
> B9 D8
Error! Wrong ship location! Try again:
> B9 D9
  1 2 3 4 5 6 7 8 9 10
A O ~ ~ ~ ~ ~ ~ ~ ~ ~
B O ~ ~ ~ ~ ~ ~ ~ O ~
C O ~ ~ ~ ~ ~ ~ ~ O ~
D O ~ ~ ~ ~ ~ ~ ~ O ~
E ~ ~ ~ ~ ~ ~ ~ ~ ~ ~
F ~ ~ O O O O O ~ ~ ~
G ~ ~ ~ ~ ~ ~ ~ ~ ~ ~
H ~ ~ ~ ~ ~ ~ ~ ~ ~ ~
I ~ ~ ~ ~ ~ ~ ~ ~ ~ ~
J ~ ~ ~ ~ ~ ~ ~ O O O
Enter the coordinates of the Destroyer (2 cells):
> E6 D6
Error! You placed it too close to another one. Try again:
> I2 J2
  1 2 3 4 5 6 7 8 9 10
A O ~ ~ ~ ~ ~ ~ ~ ~ ~
B O ~ ~ ~ ~ ~ ~ ~ O ~
C O ~ ~ ~ ~ ~ ~ ~ O ~
D O ~ ~ ~ ~ ~ ~ ~ O ~
E ~ ~ ~ ~ ~ ~ ~ ~ ~ ~
F ~ ~ O O O O O ~ ~ ~
G ~ ~ ~ ~ ~ ~ ~ ~ ~ ~
H ~ ~ ~ ~ ~ ~ ~ ~ ~ ~
I ~ O ~ ~ ~ ~ ~ ~ ~ ~
J ~ O ~ ~ ~ ~ ~ O O O
The game starts!
  1 2 3 4 5 6 7 8 9 10
A O ~ ~ ~ ~ ~ ~ ~ ~ ~
B O ~ ~ ~ ~ ~ ~ ~ O ~
C O ~ ~ ~ ~ ~ ~ ~ O ~
D O ~ ~ ~ ~ ~ ~ ~ O ~
E ~ ~ ~ ~ ~ ~ ~ ~ ~ ~
F ~ ~ O O O O O ~ ~ ~
G ~ ~ ~ ~ ~ ~ ~ ~ ~ ~
H ~ ~ ~ ~ ~ ~ ~ ~ ~ ~
I ~ O ~ ~ ~ ~ ~ ~ ~ ~
J ~ O ~ ~ ~ ~ ~ O O O
Take a shot!
> A1
  1 2 3 4 5 6 7 8 9 10
A X ~ ~ ~ ~ ~ ~ ~ ~ ~
B O ~ ~ ~ ~ ~ ~ ~ O ~
C O ~ ~ ~ ~ ~ ~ ~ O ~
D O ~ ~ ~ ~ ~ ~ ~ O ~
E ~ ~ ~ ~ ~ ~ ~ ~ ~ ~
F ~ ~ O O O O O ~ ~ ~
G ~ ~ ~ ~ ~ ~ ~ ~ ~ ~
H ~ ~ ~ ~ ~ ~ ~ ~ ~ ~
I ~ O ~ ~ ~ ~ ~ ~ ~ ~
J ~ O ~ ~ ~ ~ ~ O O O
You hit a ship!
?[1;31m
Start test 2?[0m
  1 2 3 4 5 6 7 8 9 10
A ~ ~ ~ ~ ~ ~ ~ ~ ~ ~
B ~ ~ ~ ~ ~ ~ ~ ~ ~ ~
C ~ ~ ~ ~ ~ ~ ~ ~ ~ ~
D ~ ~ ~ ~ ~ ~ ~ ~ ~ ~
E ~ ~ ~ ~ ~ ~ ~ ~ ~ ~
F ~ ~ ~ ~ ~ ~ ~ ~ ~ ~
G ~ ~ ~ ~ ~ ~ ~ ~ ~ ~
H ~ ~ ~ ~ ~ ~ ~ ~ ~ ~
I ~ ~ ~ ~ ~ ~ ~ ~ ~ ~
J ~ ~ ~ ~ ~ ~ ~ ~ ~ ~
Enter the coordinates of the Aircraft Carrier (5 cells):
> J3 J7
  1 2 3 4 5 6 7 8 9 10
A ~ ~ ~ ~ ~ ~ ~ ~ ~ ~
B ~ ~ ~ ~ ~ ~ ~ ~ ~ ~
C ~ ~ ~ ~ ~ ~ ~ ~ ~ ~
D ~ ~ ~ ~ ~ ~ ~ ~ ~ ~
E ~ ~ ~ ~ ~ ~ ~ ~ ~ ~
F ~ ~ ~ ~ ~ ~ ~ ~ ~ ~
G ~ ~ ~ ~ ~ ~ ~ ~ ~ ~
H ~ ~ ~ ~ ~ ~ ~ ~ ~ ~
I ~ ~ ~ ~ ~ ~ ~ ~ ~ ~
J ~ ~ O O O O O ~ ~ ~
Enter the coordinates of the Battleship (4 cells):
> C8 B8
Error! Wrong length of the Battleship! Try again:
> C8 F8
  1 2 3 4 5 6 7 8 9 10
A ~ ~ ~ ~ ~ ~ ~ ~ ~ ~
B ~ ~ ~ ~ ~ ~ ~ ~ ~ ~
C ~ ~ ~ ~ ~ ~ ~ O ~ ~
D ~ ~ ~ ~ ~ ~ ~ O ~ ~
E ~ ~ ~ ~ ~ ~ ~ O ~ ~
F ~ ~ ~ ~ ~ ~ ~ O ~ ~
G ~ ~ ~ ~ ~ ~ ~ ~ ~ ~
H ~ ~ ~ ~ ~ ~ ~ ~ ~ ~
I ~ ~ ~ ~ ~ ~ ~ ~ ~ ~
J ~ ~ O O O O O ~ ~ ~
Enter the coordinates of the Submarine (3 cells):
> A1 C2
Error! Wrong ship location! Try again:
> A1 C1
  1 2 3 4 5 6 7 8 9 10
A O ~ ~ ~ ~ ~ ~ ~ ~ ~
B O ~ ~ ~ ~ ~ ~ ~ ~ ~
C O ~ ~ ~ ~ ~ ~ O ~ ~
D ~ ~ ~ ~ ~ ~ ~ O ~ ~
E ~ ~ ~ ~ ~ ~ ~ O ~ ~
F ~ ~ ~ ~ ~ ~ ~ O ~ ~
G ~ ~ ~ ~ ~ ~ ~ ~ ~ ~
H ~ ~ ~ ~ ~ ~ ~ ~ ~ ~
I ~ ~ ~ ~ ~ ~ ~ ~ ~ ~
J ~ ~ O O O O O ~ ~ ~
Enter the coordinates of the Cruiser (3 cells):
> H1 H3
  1 2 3 4 5 6 7 8 9 10
A O ~ ~ ~ ~ ~ ~ ~ ~ ~
B O ~ ~ ~ ~ ~ ~ ~ ~ ~
C O ~ ~ ~ ~ ~ ~ O ~ ~
D ~ ~ ~ ~ ~ ~ ~ O ~ ~
E ~ ~ ~ ~ ~ ~ ~ O ~ ~
F ~ ~ ~ ~ ~ ~ ~ O ~ ~
G ~ ~ ~ ~ ~ ~ ~ ~ ~ ~
H O O O ~ ~ ~ ~ ~ ~ ~
I ~ ~ ~ ~ ~ ~ ~ ~ ~ ~
J ~ ~ O O O O O ~ ~ ~
Enter the coordinates of the Destroyer (2 cells):
> G2 E2
Error! Wrong length of the Destroyer! Try again:
> B5 C5
  1 2 3 4 5 6 7 8 9 10
A O ~ ~ ~ ~ ~ ~ ~ ~ ~
B O ~ ~ ~ O ~ ~ ~ ~ ~
C O ~ ~ ~ O ~ ~ O ~ ~
D ~ ~ ~ ~ ~ ~ ~ O ~ ~
E ~ ~ ~ ~ ~ ~ ~ O ~ ~
F ~ ~ ~ ~ ~ ~ ~ O ~ ~
G ~ ~ ~ ~ ~ ~ ~ ~ ~ ~
H O O O ~ ~ ~ ~ ~ ~ ~
I ~ ~ ~ ~ ~ ~ ~ ~ ~ ~
J ~ ~ O O O O O ~ ~ ~
The game starts!
  1 2 3 4 5 6 7 8 9 10
A O ~ ~ ~ ~ ~ ~ ~ ~ ~
B O ~ ~ ~ O ~ ~ ~ ~ ~
C O ~ ~ ~ O ~ ~ O ~ ~
D ~ ~ ~ ~ ~ ~ ~ O ~ ~
E ~ ~ ~ ~ ~ ~ ~ O ~ ~
F ~ ~ ~ ~ ~ ~ ~ O ~ ~
G ~ ~ ~ ~ ~ ~ ~ ~ ~ ~
H O O O ~ ~ ~ ~ ~ ~ ~
I ~ ~ ~ ~ ~ ~ ~ ~ ~ ~
J ~ ~ O O O O O ~ ~ ~
Take a shot!
> M1
Error! You entered the wrong coordinates! Try again:
> A11
  1 2 3 4 5 6 7 8 9 10
A O ~ ~ ~ ~ ~ ~ ~ ~ M
B O ~ ~ ~ O ~ ~ ~ ~ ~
C O ~ ~ ~ O ~ ~ O ~ ~
D ~ ~ ~ ~ ~ ~ ~ O ~ ~
E ~ ~ ~ ~ ~ ~ ~ O ~ ~
F ~ ~ ~ ~ ~ ~ ~ O ~ ~
G ~ ~ ~ ~ ~ ~ ~ ~ ~ ~
H O O O ~ ~ ~ ~ ~ ~ ~
I ~ ~ ~ ~ ~ ~ ~ ~ ~ ~
J ~ ~ O O O O O ~ ~ ~
You missed!
]]></system-out>
  <system-err><![CDATA[]]></system-err>
</testsuite>
