<?xml version="1.0" encoding="UTF-8"?>
<testsuite name="NumbersTest" tests="1" skipped="0" failures="1" errors="0" timestamp="2022-06-30T11:52:45" hostname="Devins-MacBook-Air.local" time="0.249">
  <properties/>
  <testcase name="start" classname="NumbersTest" time="0.249">
    <failure message="java.lang.AssertionError: Exception in test #17&#10;&#10;java.lang.NumberFormatException: For input string: &quot;8970808332507740741&quot;&#10;&#9;at java.base/java.lang.NumberFormatException.forInputString(NumberFormatException.java:67)&#10;&#9;at java.base/java.lang.Integer.parseInt(Integer.java:668)&#10;&#9;at java.base/java.lang.Integer.parseInt(Integer.java:786)&#10;&#9;at numbers.Main.validateInput(Main.java:86)&#10;&#9;at numbers.Main.printMenu(Main.java:32)&#10;&#9;at numbers.Main.main(Main.java:16)&#10;&#10;Please find below the output of your program during this failed test.&#10;Note that the '&gt;' character indicates the beginning of the input line.&#10;&#10;---&#10;&#10;Welcome to Amazing Numbers!&#10;Supported requests:&#10;- enter a natural number to know its properties;&#10;- enter two natural numbers to obtain the properties of the list:&#10;  * the first parameter represents a starting number;&#10;  * the second parameter shows how many consecutive numbers are to be printed;&#10;- separate the parameters with one space;&#10;- enter 0 to exit.&#10;Enter a request: &gt; 1&#10;Properties of 1&#10;buzz: false&#10;duck: false&#10;palindromic: true&#10;gapful: false&#10;even: false &#10;odd: true&#10;Supported requests:&#10;- enter a natural number to know its properties;&#10;- enter two natural numbers to obtain the properties of the list:&#10;  * the first parameter represents a starting number;&#10;  * the second parameter shows how many consecutive numbers are to be printed;&#10;- separate the parameters with one space;&#10;- enter 0 to exit.&#10;Enter a request: &gt; 2&#10;Properties of 2&#10;buzz: false&#10;duck: false&#10;palindromic: true&#10;gapful: false&#10;even: true &#10;odd: false&#10;Supported requests:&#10;- enter a natural number to know its properties;&#10;- enter two natural numbers to obtain the properties of the list:&#10;  * the first parameter represents a starting number;&#10;  * the second parameter shows how many consecutive numbers are to be printed;&#10;- separate the parameters with one space;&#10;- enter 0 to exit.&#10;Enter a request: &gt; 3&#10;Properties of 3&#10;buzz: false&#10;duck: false&#10;palindromic: true&#10;gapful: false&#10;even: false &#10;odd: true&#10;Supported requests:&#10;- enter a natural number to know its properties;&#10;- enter two natural numbers to obtain the properties of the list:&#10;  * the first parameter represents a starting number;&#10;  * the second parameter shows how many consecutive numbers are to be printed;&#10;- separate the parameters with one space;&#10;- enter 0 to exit.&#10;Enter a request: &gt; 4&#10;Properties of 4&#10;buzz: false&#10;duck: false&#10;palindromic: true&#10;gapful: false&#10;even: true &#10;odd: false&#10;Supported requests:&#10;- enter a natural number to know its properties;&#10;- enter two natural numbers to obtain the properties of the list:&#10;  * the first parameter represents a starting number;&#10;  * the second parameter shows how many consecutive numbers are to be printed;&#10;- separate the parameters with one space;&#10;- enter 0 to exit.&#10;Enter a request: &gt; 5&#10;Properties of 5&#10;buzz: false&#10;duck: false&#10;palindromic: true&#10;gapful: false&#10;even: false &#10;odd: true&#10;Supported requests:&#10;- enter a natural number to know its properties;&#10;- enter two natural numbers to obtain the properties of the list:&#10;  * the first parameter represents a starting number;&#10;  * the second parameter shows how many consecutive numbers are to be printed;&#10;- separate the parameters with one space;&#10;- enter 0 to exit.&#10;Enter a request: &gt; 6&#10;Properties of 6&#10;buzz: false&#10;duck: false&#10;palindromic: true&#10;gapful: false&#10;even: true &#10;odd: false&#10;Supported requests:&#10;- enter a natural number to know its properties;&#10;- enter two natural numbers to obtain the properties of the list:&#10;  * the first parameter represents a starting number;&#10;  * the second parameter shows how many consecutive numbers are to be printed;&#10;- separate the parameters with one space;&#10;- enter 0 to exit.&#10;Enter a request: &gt; 7&#10;Properties of 7&#10;buzz: true&#10;duck: false&#10;palindromic: true&#10;gapful: false&#10;even: false &#10;odd: true&#10;Supported requests:&#10;- enter a natural number to know its properties;&#10;- enter two natural numbers to obtain the properties of the list:&#10;  * the first parameter represents a starting number;&#10;  * the second parameter shows how many consecutive numbers are to be printed;&#10;- separate the parameters with one space;&#10;- enter 0 to exit.&#10;Enter a request: &gt; 8&#10;Properties of 8&#10;buzz: false&#10;duck: false&#10;palindromic: true&#10;gapful: false&#10;even: true &#10;odd: false&#10;Supported requests:&#10;- enter a natural number to know its properties;&#10;- enter two natural numbers to obtain the properties of the list:&#10;  * the first parameter represents a starting number;&#10;  * the second parameter shows how many consecutive numbers are to be printed;&#10;- separate the parameters with one space;&#10;- enter 0 to exit.&#10;Enter a request: &gt; 9&#10;Properties of 9&#10;buzz: false&#10;duck: false&#10;palindromic: true&#10;gapful: false&#10;even: false &#10;odd: true&#10;Supported requests:&#10;- enter a natural number to know its properties;&#10;- enter two natural numbers to obtain the properties of the list:&#10;  * the first parameter represents a starting number;&#10;  * the second parameter shows how many consecutive numbers are to be printed;&#10;- separate the parameters with one space;&#10;- enter 0 to exit.&#10;Enter a request: &gt; 10&#10;Properties of 10&#10;buzz: false&#10;duck: true&#10;palindromic: false&#10;gapful: false&#10;even: true &#10;odd: false&#10;Supported requests:&#10;- enter a natural number to know its properties;&#10;- enter two natural numbers to obtain the properties of the list:&#10;  * the first parameter represents a starting number;&#10;  * the second parameter shows how many consecutive numbers are to be printed;&#10;- separate the parameters with one space;&#10;- enter 0 to exit.&#10;Enter a request: &gt; 11&#10;Properties of 11&#10;buzz: false&#10;duck: false&#10;palindromic: true&#10;gapful: false&#10;even: false &#10;odd: true&#10;Supported requests:&#10;- enter a natural number to know its properties;&#10;- enter two natural numbers to obtain the properties of the list:&#10;  * the first parameter represents a starting number;&#10;  * the second parameter shows how many consecutive numbers are to be printed;&#10;- separate the parameters with one space;&#10;- enter 0 to exit.&#10;Enter a request: &gt; 12&#10;Properties of 12&#10;buzz: false&#10;duck: false&#10;palindromic: false&#10;gapful: false&#10;even: true &#10;odd: false&#10;Supported requests:&#10;- enter a natural number to know its properties;&#10;- enter two natural numbers to obtain the properties of the list:&#10;  * the first parameter represents a starting number;&#10;  * the second parameter shows how many consecutive numbers are to be printed;&#10;- separate the parameters with one space;&#10;- enter 0 to exit.&#10;Enter a request: &gt; 13&#10;Properties of 13&#10;buzz: false&#10;duck: false&#10;palindromic: false&#10;gapful: false&#10;even: false &#10;odd: true&#10;Supported requests:&#10;- enter a natural number to know its properties;&#10;- enter two natural numbers to obtain the properties of the list:&#10;  * the first parameter represents a starting number;&#10;  * the second parameter shows how many consecutive numbers are to be printed;&#10;- separate the parameters with one space;&#10;- enter 0 to exit.&#10;Enter a request: &gt; 14&#10;Properties of 14&#10;buzz: true&#10;duck: false&#10;palindromic: false&#10;gapful: false&#10;even: true &#10;odd: false&#10;Supported requests:&#10;- enter a natural number to know its properties;&#10;- enter two natural numbers to obtain the properties of the list:&#10;  * the first parameter represents a starting number;&#10;  * the second parameter shows how many consecutive numbers are to be printed;&#10;- separate the parameters with one space;&#10;- enter 0 to exit.&#10;Enter a request: &gt; 8970808332507740741" type="java.lang.AssertionError">java.lang.AssertionError: Exception in test #17

java.lang.NumberFormatException: For input string: &quot;8970808332507740741&quot;
	at java.base/java.lang.NumberFormatException.forInputString(NumberFormatException.java:67)
	at java.base/java.lang.Integer.parseInt(Integer.java:668)
	at java.base/java.lang.Integer.parseInt(Integer.java:786)
	at numbers.Main.validateInput(Main.java:86)
	at numbers.Main.printMenu(Main.java:32)
	at numbers.Main.main(Main.java:16)

Please find below the output of your program during this failed test.
Note that the '&gt;' character indicates the beginning of the input line.

---

Welcome to Amazing Numbers!
Supported requests:
- enter a natural number to know its properties;
- enter two natural numbers to obtain the properties of the list:
  * the first parameter represents a starting number;
  * the second parameter shows how many consecutive numbers are to be printed;
- separate the parameters with one space;
- enter 0 to exit.
Enter a request: &gt; 1
Properties of 1
buzz: false
duck: false
palindromic: true
gapful: false
even: false 
odd: true
Supported requests:
- enter a natural number to know its properties;
- enter two natural numbers to obtain the properties of the list:
  * the first parameter represents a starting number;
  * the second parameter shows how many consecutive numbers are to be printed;
- separate the parameters with one space;
- enter 0 to exit.
Enter a request: &gt; 2
Properties of 2
buzz: false
duck: false
palindromic: true
gapful: false
even: true 
odd: false
Supported requests:
- enter a natural number to know its properties;
- enter two natural numbers to obtain the properties of the list:
  * the first parameter represents a starting number;
  * the second parameter shows how many consecutive numbers are to be printed;
- separate the parameters with one space;
- enter 0 to exit.
Enter a request: &gt; 3
Properties of 3
buzz: false
duck: false
palindromic: true
gapful: false
even: false 
odd: true
Supported requests:
- enter a natural number to know its properties;
- enter two natural numbers to obtain the properties of the list:
  * the first parameter represents a starting number;
  * the second parameter shows how many consecutive numbers are to be printed;
- separate the parameters with one space;
- enter 0 to exit.
Enter a request: &gt; 4
Properties of 4
buzz: false
duck: false
palindromic: true
gapful: false
even: true 
odd: false
Supported requests:
- enter a natural number to know its properties;
- enter two natural numbers to obtain the properties of the list:
  * the first parameter represents a starting number;
  * the second parameter shows how many consecutive numbers are to be printed;
- separate the parameters with one space;
- enter 0 to exit.
Enter a request: &gt; 5
Properties of 5
buzz: false
duck: false
palindromic: true
gapful: false
even: false 
odd: true
Supported requests:
- enter a natural number to know its properties;
- enter two natural numbers to obtain the properties of the list:
  * the first parameter represents a starting number;
  * the second parameter shows how many consecutive numbers are to be printed;
- separate the parameters with one space;
- enter 0 to exit.
Enter a request: &gt; 6
Properties of 6
buzz: false
duck: false
palindromic: true
gapful: false
even: true 
odd: false
Supported requests:
- enter a natural number to know its properties;
- enter two natural numbers to obtain the properties of the list:
  * the first parameter represents a starting number;
  * the second parameter shows how many consecutive numbers are to be printed;
- separate the parameters with one space;
- enter 0 to exit.
Enter a request: &gt; 7
Properties of 7
buzz: true
duck: false
palindromic: true
gapful: false
even: false 
odd: true
Supported requests:
- enter a natural number to know its properties;
- enter two natural numbers to obtain the properties of the list:
  * the first parameter represents a starting number;
  * the second parameter shows how many consecutive numbers are to be printed;
- separate the parameters with one space;
- enter 0 to exit.
Enter a request: &gt; 8
Properties of 8
buzz: false
duck: false
palindromic: true
gapful: false
even: true 
odd: false
Supported requests:
- enter a natural number to know its properties;
- enter two natural numbers to obtain the properties of the list:
  * the first parameter represents a starting number;
  * the second parameter shows how many consecutive numbers are to be printed;
- separate the parameters with one space;
- enter 0 to exit.
Enter a request: &gt; 9
Properties of 9
buzz: false
duck: false
palindromic: true
gapful: false
even: false 
odd: true
Supported requests:
- enter a natural number to know its properties;
- enter two natural numbers to obtain the properties of the list:
  * the first parameter represents a starting number;
  * the second parameter shows how many consecutive numbers are to be printed;
- separate the parameters with one space;
- enter 0 to exit.
Enter a request: &gt; 10
Properties of 10
buzz: false
duck: true
palindromic: false
gapful: false
even: true 
odd: false
Supported requests:
- enter a natural number to know its properties;
- enter two natural numbers to obtain the properties of the list:
  * the first parameter represents a starting number;
  * the second parameter shows how many consecutive numbers are to be printed;
- separate the parameters with one space;
- enter 0 to exit.
Enter a request: &gt; 11
Properties of 11
buzz: false
duck: false
palindromic: true
gapful: false
even: false 
odd: true
Supported requests:
- enter a natural number to know its properties;
- enter two natural numbers to obtain the properties of the list:
  * the first parameter represents a starting number;
  * the second parameter shows how many consecutive numbers are to be printed;
- separate the parameters with one space;
- enter 0 to exit.
Enter a request: &gt; 12
Properties of 12
buzz: false
duck: false
palindromic: false
gapful: false
even: true 
odd: false
Supported requests:
- enter a natural number to know its properties;
- enter two natural numbers to obtain the properties of the list:
  * the first parameter represents a starting number;
  * the second parameter shows how many consecutive numbers are to be printed;
- separate the parameters with one space;
- enter 0 to exit.
Enter a request: &gt; 13
Properties of 13
buzz: false
duck: false
palindromic: false
gapful: false
even: false 
odd: true
Supported requests:
- enter a natural number to know its properties;
- enter two natural numbers to obtain the properties of the list:
  * the first parameter represents a starting number;
  * the second parameter shows how many consecutive numbers are to be printed;
- separate the parameters with one space;
- enter 0 to exit.
Enter a request: &gt; 14
Properties of 14
buzz: true
duck: false
palindromic: false
gapful: false
even: true 
odd: false
Supported requests:
- enter a natural number to know its properties;
- enter two natural numbers to obtain the properties of the list:
  * the first parameter represents a starting number;
  * the second parameter shows how many consecutive numbers are to be printed;
- separate the parameters with one space;
- enter 0 to exit.
Enter a request: &gt; 8970808332507740741
	at org.junit.Assert.fail(Assert.java:88)
	at org.hyperskill.hstest.stage.StageTest.start(StageTest.java:155)
	at java.base/jdk.internal.reflect.NativeMethodAccessorImpl.invoke0(Native Method)
	at java.base/jdk.internal.reflect.NativeMethodAccessorImpl.invoke(NativeMethodAccessorImpl.java:77)
	at java.base/jdk.internal.reflect.DelegatingMethodAccessorImpl.invoke(DelegatingMethodAccessorImpl.java:43)
	at java.base/java.lang.reflect.Method.invoke(Method.java:568)
	at org.junit.runners.model.FrameworkMethod$1.runReflectiveCall(FrameworkMethod.java:50)
	at org.junit.internal.runners.model.ReflectiveCallable.run(ReflectiveCallable.java:12)
	at org.junit.runners.model.FrameworkMethod.invokeExplosively(FrameworkMethod.java:47)
	at org.junit.internal.runners.statements.InvokeMethod.evaluate(InvokeMethod.java:17)
	at org.junit.runners.ParentRunner.runLeaf(ParentRunner.java:325)
	at org.junit.runners.BlockJUnit4ClassRunner.runChild(BlockJUnit4ClassRunner.java:78)
	at org.junit.runners.BlockJUnit4ClassRunner.runChild(BlockJUnit4ClassRunner.java:57)
	at org.junit.runners.ParentRunner$3.run(ParentRunner.java:290)
	at org.junit.runners.ParentRunner$1.schedule(ParentRunner.java:71)
	at org.junit.runners.ParentRunner.runChildren(ParentRunner.java:288)
	at org.junit.runners.ParentRunner.access$000(ParentRunner.java:58)
	at org.junit.runners.ParentRunner$2.evaluate(ParentRunner.java:268)
	at org.junit.runners.ParentRunner.run(ParentRunner.java:363)
	at org.gradle.api.internal.tasks.testing.junit.JUnitTestClassExecutor.runTestClass(JUnitTestClassExecutor.java:110)
	at org.gradle.api.internal.tasks.testing.junit.JUnitTestClassExecutor.execute(JUnitTestClassExecutor.java:58)
	at org.gradle.api.internal.tasks.testing.junit.JUnitTestClassExecutor.execute(JUnitTestClassExecutor.java:38)
	at org.gradle.api.internal.tasks.testing.junit.AbstractJUnitTestClassProcessor.processTestClass(AbstractJUnitTestClassProcessor.java:62)
	at org.gradle.api.internal.tasks.testing.SuiteTestClassProcessor.processTestClass(SuiteTestClassProcessor.java:51)
	at java.base/jdk.internal.reflect.NativeMethodAccessorImpl.invoke0(Native Method)
	at java.base/jdk.internal.reflect.NativeMethodAccessorImpl.invoke(NativeMethodAccessorImpl.java:77)
	at java.base/jdk.internal.reflect.DelegatingMethodAccessorImpl.invoke(DelegatingMethodAccessorImpl.java:43)
	at java.base/java.lang.reflect.Method.invoke(Method.java:568)
	at org.gradle.internal.dispatch.ReflectionDispatch.dispatch(ReflectionDispatch.java:36)
	at org.gradle.internal.dispatch.ReflectionDispatch.dispatch(ReflectionDispatch.java:24)
	at org.gradle.internal.dispatch.ContextClassLoaderDispatch.dispatch(ContextClassLoaderDispatch.java:33)
	at org.gradle.internal.dispatch.ProxyDispatchAdapter$DispatchingInvocationHandler.invoke(ProxyDispatchAdapter.java:94)
	at jdk.proxy1/jdk.proxy1.$Proxy2.processTestClass(Unknown Source)
	at org.gradle.api.internal.tasks.testing.worker.TestWorker$2.run(TestWorker.java:176)
	at org.gradle.api.internal.tasks.testing.worker.TestWorker.executeAndMaintainThreadName(TestWorker.java:129)
	at org.gradle.api.internal.tasks.testing.worker.TestWorker.execute(TestWorker.java:100)
	at org.gradle.api.internal.tasks.testing.worker.TestWorker.execute(TestWorker.java:60)
	at org.gradle.process.internal.worker.child.ActionExecutionWorker.execute(ActionExecutionWorker.java:56)
	at org.gradle.process.internal.worker.child.SystemApplicationClassLoaderWorker.call(SystemApplicationClassLoaderWorker.java:133)
	at org.gradle.process.internal.worker.child.SystemApplicationClassLoaderWorker.call(SystemApplicationClassLoaderWorker.java:71)
	at worker.org.gradle.process.internal.worker.GradleWorkerMain.run(GradleWorkerMain.java:69)
	at worker.org.gradle.process.internal.worker.GradleWorkerMain.main(GradleWorkerMain.java:74)
</failure>
  </testcase>
  <system-out><![CDATA[?[1;31m
Start test 1?[0m
Welcome to Amazing Numbers!
Supported requests:
- enter a natural number to know its properties;
- enter two natural numbers to obtain the properties of the list:
  * the first parameter represents a starting number;
  * the second parameter shows how many consecutive numbers are to be printed;
- separate the parameters with one space;
- enter 0 to exit.
Enter a request: > 0
Goodbye!
?[1;31m
Start test 2?[0m
Welcome to Amazing Numbers!
Supported requests:
- enter a natural number to know its properties;
- enter two natural numbers to obtain the properties of the list:
  * the first parameter represents a starting number;
  * the second parameter shows how many consecutive numbers are to be printed;
- separate the parameters with one space;
- enter 0 to exit.
Enter a request: > -16
The first parameter should be a natural number or zero.
Enter a request: > 0
Goodbye!
?[1;31m
Start test 3?[0m
Welcome to Amazing Numbers!
Supported requests:
- enter a natural number to know its properties;
- enter two natural numbers to obtain the properties of the list:
  * the first parameter represents a starting number;
  * the second parameter shows how many consecutive numbers are to be printed;
- separate the parameters with one space;
- enter 0 to exit.
Enter a request: > -39
The first parameter should be a natural number or zero.
Enter a request: > 0
Goodbye!
?[1;31m
Start test 4?[0m
Welcome to Amazing Numbers!
Supported requests:
- enter a natural number to know its properties;
- enter two natural numbers to obtain the properties of the list:
  * the first parameter represents a starting number;
  * the second parameter shows how many consecutive numbers are to be printed;
- separate the parameters with one space;
- enter 0 to exit.
Enter a request: > -12
The first parameter should be a natural number or zero.
Enter a request: > 0
Goodbye!
?[1;31m
Start test 5?[0m
Welcome to Amazing Numbers!
Supported requests:
- enter a natural number to know its properties;
- enter two natural numbers to obtain the properties of the list:
  * the first parameter represents a starting number;
  * the second parameter shows how many consecutive numbers are to be printed;
- separate the parameters with one space;
- enter 0 to exit.
Enter a request: > -12
The first parameter should be a natural number or zero.
Enter a request: > 0
Goodbye!
?[1;31m
Start test 6?[0m
Welcome to Amazing Numbers!
Supported requests:
- enter a natural number to know its properties;
- enter two natural numbers to obtain the properties of the list:
  * the first parameter represents a starting number;
  * the second parameter shows how many consecutive numbers are to be printed;
- separate the parameters with one space;
- enter 0 to exit.
Enter a request: > -63
The first parameter should be a natural number or zero.
Enter a request: > 0
Goodbye!
?[1;31m
Start test 7?[0m
Welcome to Amazing Numbers!
Supported requests:
- enter a natural number to know its properties;
- enter two natural numbers to obtain the properties of the list:
  * the first parameter represents a starting number;
  * the second parameter shows how many consecutive numbers are to be printed;
- separate the parameters with one space;
- enter 0 to exit.
Enter a request: > 23053 -10723
The second parameter should be a natural number.
Enter a request: > 0
Goodbye!
?[1;31m
Start test 8?[0m
Welcome to Amazing Numbers!
Supported requests:
- enter a natural number to know its properties;
- enter two natural numbers to obtain the properties of the list:
  * the first parameter represents a starting number;
  * the second parameter shows how many consecutive numbers are to be printed;
- separate the parameters with one space;
- enter 0 to exit.
Enter a request: > 9285 -2883
The second parameter should be a natural number.
Enter a request: > 0
Goodbye!
?[1;31m
Start test 9?[0m
Welcome to Amazing Numbers!
Supported requests:
- enter a natural number to know its properties;
- enter two natural numbers to obtain the properties of the list:
  * the first parameter represents a starting number;
  * the second parameter shows how many consecutive numbers are to be printed;
- separate the parameters with one space;
- enter 0 to exit.
Enter a request: > 32318 -3188
The second parameter should be a natural number.
Enter a request: > 0
Goodbye!
?[1;31m
Start test 10?[0m
Welcome to Amazing Numbers!
Supported requests:
- enter a natural number to know its properties;
- enter two natural numbers to obtain the properties of the list:
  * the first parameter represents a starting number;
  * the second parameter shows how many consecutive numbers are to be printed;
- separate the parameters with one space;
- enter 0 to exit.
Enter a request: > 4626 -31392
The second parameter should be a natural number.
Enter a request: > 0
Goodbye!
?[1;31m
Start test 11?[0m
Welcome to Amazing Numbers!
Supported requests:
- enter a natural number to know its properties;
- enter two natural numbers to obtain the properties of the list:
  * the first parameter represents a starting number;
  * the second parameter shows how many consecutive numbers are to be printed;
- separate the parameters with one space;
- enter 0 to exit.
Enter a request: > 10072 -24073
The second parameter should be a natural number.
Enter a request: > 0
Goodbye!
?[1;31m
Start test 12?[0m
Welcome to Amazing Numbers!
Supported requests:
- enter a natural number to know its properties;
- enter two natural numbers to obtain the properties of the list:
  * the first parameter represents a starting number;
  * the second parameter shows how many consecutive numbers are to be printed;
- separate the parameters with one space;
- enter 0 to exit.
Enter a request: > 25372 -18296
The second parameter should be a natural number.
Enter a request: > 0
Goodbye!
?[1;31m
Start test 13?[0m
Welcome to Amazing Numbers!
Supported requests:
- enter a natural number to know its properties;
- enter two natural numbers to obtain the properties of the list:
  * the first parameter represents a starting number;
  * the second parameter shows how many consecutive numbers are to be printed;
- separate the parameters with one space;
- enter 0 to exit.
Enter a request: > 18077 -9256
The second parameter should be a natural number.
Enter a request: > 0
Goodbye!
?[1;31m
Start test 14?[0m
Welcome to Amazing Numbers!
Supported requests:
- enter a natural number to know its properties;
- enter two natural numbers to obtain the properties of the list:
  * the first parameter represents a starting number;
  * the second parameter shows how many consecutive numbers are to be printed;
- separate the parameters with one space;
- enter 0 to exit.
Enter a request: > 10999 -24596
The second parameter should be a natural number.
Enter a request: > 0
Goodbye!
?[1;31m
Start test 15?[0m
Welcome to Amazing Numbers!
Supported requests:
- enter a natural number to know its properties;
- enter two natural numbers to obtain the properties of the list:
  * the first parameter represents a starting number;
  * the second parameter shows how many consecutive numbers are to be printed;
- separate the parameters with one space;
- enter 0 to exit.
Enter a request: > 29571 -13225
The second parameter should be a natural number.
Enter a request: > 0
Goodbye!
?[1;31m
Start test 16?[0m
Welcome to Amazing Numbers!
Supported requests:
- enter a natural number to know its properties;
- enter two natural numbers to obtain the properties of the list:
  * the first parameter represents a starting number;
  * the second parameter shows how many consecutive numbers are to be printed;
- separate the parameters with one space;
- enter 0 to exit.
Enter a request: > 13749 -19446
The second parameter should be a natural number.
Enter a request: > 0
Goodbye!
?[1;31m
Start test 17?[0m
Welcome to Amazing Numbers!
Supported requests:
- enter a natural number to know its properties;
- enter two natural numbers to obtain the properties of the list:
  * the first parameter represents a starting number;
  * the second parameter shows how many consecutive numbers are to be printed;
- separate the parameters with one space;
- enter 0 to exit.
Enter a request: > 1
Properties of 1
buzz: false
duck: false
palindromic: true
gapful: false
even: false 
odd: true
Supported requests:
- enter a natural number to know its properties;
- enter two natural numbers to obtain the properties of the list:
  * the first parameter represents a starting number;
  * the second parameter shows how many consecutive numbers are to be printed;
- separate the parameters with one space;
- enter 0 to exit.
Enter a request: > 2
Properties of 2
buzz: false
duck: false
palindromic: true
gapful: false
even: true 
odd: false
Supported requests:
- enter a natural number to know its properties;
- enter two natural numbers to obtain the properties of the list:
  * the first parameter represents a starting number;
  * the second parameter shows how many consecutive numbers are to be printed;
- separate the parameters with one space;
- enter 0 to exit.
Enter a request: > 3
Properties of 3
buzz: false
duck: false
palindromic: true
gapful: false
even: false 
odd: true
Supported requests:
- enter a natural number to know its properties;
- enter two natural numbers to obtain the properties of the list:
  * the first parameter represents a starting number;
  * the second parameter shows how many consecutive numbers are to be printed;
- separate the parameters with one space;
- enter 0 to exit.
Enter a request: > 4
Properties of 4
buzz: false
duck: false
palindromic: true
gapful: false
even: true 
odd: false
Supported requests:
- enter a natural number to know its properties;
- enter two natural numbers to obtain the properties of the list:
  * the first parameter represents a starting number;
  * the second parameter shows how many consecutive numbers are to be printed;
- separate the parameters with one space;
- enter 0 to exit.
Enter a request: > 5
Properties of 5
buzz: false
duck: false
palindromic: true
gapful: false
even: false 
odd: true
Supported requests:
- enter a natural number to know its properties;
- enter two natural numbers to obtain the properties of the list:
  * the first parameter represents a starting number;
  * the second parameter shows how many consecutive numbers are to be printed;
- separate the parameters with one space;
- enter 0 to exit.
Enter a request: > 6
Properties of 6
buzz: false
duck: false
palindromic: true
gapful: false
even: true 
odd: false
Supported requests:
- enter a natural number to know its properties;
- enter two natural numbers to obtain the properties of the list:
  * the first parameter represents a starting number;
  * the second parameter shows how many consecutive numbers are to be printed;
- separate the parameters with one space;
- enter 0 to exit.
Enter a request: > 7
Properties of 7
buzz: true
duck: false
palindromic: true
gapful: false
even: false 
odd: true
Supported requests:
- enter a natural number to know its properties;
- enter two natural numbers to obtain the properties of the list:
  * the first parameter represents a starting number;
  * the second parameter shows how many consecutive numbers are to be printed;
- separate the parameters with one space;
- enter 0 to exit.
Enter a request: > 8
Properties of 8
buzz: false
duck: false
palindromic: true
gapful: false
even: true 
odd: false
Supported requests:
- enter a natural number to know its properties;
- enter two natural numbers to obtain the properties of the list:
  * the first parameter represents a starting number;
  * the second parameter shows how many consecutive numbers are to be printed;
- separate the parameters with one space;
- enter 0 to exit.
Enter a request: > 9
Properties of 9
buzz: false
duck: false
palindromic: true
gapful: false
even: false 
odd: true
Supported requests:
- enter a natural number to know its properties;
- enter two natural numbers to obtain the properties of the list:
  * the first parameter represents a starting number;
  * the second parameter shows how many consecutive numbers are to be printed;
- separate the parameters with one space;
- enter 0 to exit.
Enter a request: > 10
Properties of 10
buzz: false
duck: true
palindromic: false
gapful: false
even: true 
odd: false
Supported requests:
- enter a natural number to know its properties;
- enter two natural numbers to obtain the properties of the list:
  * the first parameter represents a starting number;
  * the second parameter shows how many consecutive numbers are to be printed;
- separate the parameters with one space;
- enter 0 to exit.
Enter a request: > 11
Properties of 11
buzz: false
duck: false
palindromic: true
gapful: false
even: false 
odd: true
Supported requests:
- enter a natural number to know its properties;
- enter two natural numbers to obtain the properties of the list:
  * the first parameter represents a starting number;
  * the second parameter shows how many consecutive numbers are to be printed;
- separate the parameters with one space;
- enter 0 to exit.
Enter a request: > 12
Properties of 12
buzz: false
duck: false
palindromic: false
gapful: false
even: true 
odd: false
Supported requests:
- enter a natural number to know its properties;
- enter two natural numbers to obtain the properties of the list:
  * the first parameter represents a starting number;
  * the second parameter shows how many consecutive numbers are to be printed;
- separate the parameters with one space;
- enter 0 to exit.
Enter a request: > 13
Properties of 13
buzz: false
duck: false
palindromic: false
gapful: false
even: false 
odd: true
Supported requests:
- enter a natural number to know its properties;
- enter two natural numbers to obtain the properties of the list:
  * the first parameter represents a starting number;
  * the second parameter shows how many consecutive numbers are to be printed;
- separate the parameters with one space;
- enter 0 to exit.
Enter a request: > 14
Properties of 14
buzz: true
duck: false
palindromic: false
gapful: false
even: true 
odd: false
Supported requests:
- enter a natural number to know its properties;
- enter two natural numbers to obtain the properties of the list:
  * the first parameter represents a starting number;
  * the second parameter shows how many consecutive numbers are to be printed;
- separate the parameters with one space;
- enter 0 to exit.
Enter a request: > 8970808332507740741
]]></system-out>
  <system-err><![CDATA[]]></system-err>
</testsuite>
