<?xml version="1.0" encoding="UTF-8"?>
<testsuite name="NumbersTest" tests="1" skipped="0" failures="0" errors="0" timestamp="2022-06-17T19:43:43" hostname="Devins-MacBook-Air.local" time="0.183">
  <properties/>
  <testcase name="start" classname="NumbersTest" time="0.183"/>
  <system-out><![CDATA[?[1;31m
Start test 1?[0m
Enter a natural number:
> 0
This number is not natural!
?[1;31m
Start test 2?[0m
Enter a natural number:
> -1
This number is not natural!
?[1;31m
Start test 3?[0m
Enter a natural number:
> -2
This number is not natural!
?[1;31m
Start test 4?[0m
Enter a natural number:
> -3
This number is not natural!
?[1;31m
Start test 5?[0m
Enter a natural number:
> -4
This number is not natural!
?[1;31m
Start test 6?[0m
Enter a natural number:
> -5
This number is not natural!
?[1;31m
Start test 7?[0m
Enter a natural number:
> 1
This number is Odd.
It is not a Buzz number.
Explanation:
1 is neither divisible by 7 nor does it end with 7.
?[1;31m
Start test 8?[0m
Enter a natural number:
> 2
This number is Even.
It is not a Buzz number.
Explanation:
2 is neither divisible by 7 nor does it end with 7.
?[1;31m
Start test 9?[0m
Enter a natural number:
> 3
This number is Odd.
It is not a Buzz number.
Explanation:
3 is neither divisible by 7 nor does it end with 7.
?[1;31m
Start test 10?[0m
Enter a natural number:
> 4
This number is Even.
It is not a Buzz number.
Explanation:
4 is neither divisible by 7 nor does it end with 7.
?[1;31m
Start test 11?[0m
Enter a natural number:
> 5
This number is Odd.
It is not a Buzz number.
Explanation:
5 is neither divisible by 7 nor does it end with 7.
?[1;31m
Start test 12?[0m
Enter a natural number:
> 6
This number is Even.
It is not a Buzz number.
Explanation:
6 is neither divisible by 7 nor does it end with 7.
?[1;31m
Start test 13?[0m
Enter a natural number:
> 7
This number is Odd.
It is a Buzz number.
Explanation:
7 is divisible by 7 and ends with 7.
?[1;31m
Start test 14?[0m
Enter a natural number:
> 8
This number is Even.
It is not a Buzz number.
Explanation:
8 is neither divisible by 7 nor does it end with 7.
?[1;31m
Start test 15?[0m
Enter a natural number:
> 9
This number is Odd.
It is not a Buzz number.
Explanation:
9 is neither divisible by 7 nor does it end with 7.
?[1;31m
Start test 16?[0m
Enter a natural number:
> 10
This number is Even.
It is not a Buzz number.
Explanation:
10 is neither divisible by 7 nor does it end with 7.
?[1;31m
Start test 17?[0m
Enter a natural number:
> 11
This number is Odd.
It is not a Buzz number.
Explanation:
11 is neither divisible by 7 nor does it end with 7.
?[1;31m
Start test 18?[0m
Enter a natural number:
> 12
This number is Even.
It is not a Buzz number.
Explanation:
12 is neither divisible by 7 nor does it end with 7.
?[1;31m
Start test 19?[0m
Enter a natural number:
> 13
This number is Odd.
It is not a Buzz number.
Explanation:
13 is neither divisible by 7 nor does it end with 7.
?[1;31m
Start test 20?[0m
Enter a natural number:
> 14
This number is Even.
It is a Buzz number.
Explanation:
14 is divisible by 7.
?[1;31m
Start test 21?[0m
Enter a natural number:
> 11910
This number is Even.
It is not a Buzz number.
Explanation:
11910 is neither divisible by 7 nor does it end with 7.
?[1;31m
Start test 22?[0m
Enter a natural number:
> 2943
This number is Odd.
It is not a Buzz number.
Explanation:
2943 is neither divisible by 7 nor does it end with 7.
?[1;31m
Start test 23?[0m
Enter a natural number:
> 18941
This number is Odd.
It is not a Buzz number.
Explanation:
18941 is neither divisible by 7 nor does it end with 7.
?[1;31m
Start test 24?[0m
Enter a natural number:
> 6684
This number is Even.
It is not a Buzz number.
Explanation:
6684 is neither divisible by 7 nor does it end with 7.
?[1;31m
Start test 25?[0m
Enter a natural number:
> 7955
This number is Odd.
It is not a Buzz number.
Explanation:
7955 is neither divisible by 7 nor does it end with 7.
?[1;31m
Start test 26?[0m
Enter a natural number:
> 18278
This number is Even.
It is not a Buzz number.
Explanation:
18278 is neither divisible by 7 nor does it end with 7.
?[1;31m
Start test 27?[0m
Enter a natural number:
> 23122
This number is Even.
It is not a Buzz number.
Explanation:
23122 is neither divisible by 7 nor does it end with 7.
?[1;31m
Start test 28?[0m
Enter a natural number:
> 12376
This number is Even.
It is a Buzz number.
Explanation:
12376 is divisible by 7.
?[1;31m
Start test 29?[0m
Enter a natural number:
> 4569
This number is Odd.
It is not a Buzz number.
Explanation:
4569 is neither divisible by 7 nor does it end with 7.
?[1;31m
Start test 30?[0m
Enter a natural number:
> 19226
This number is Even.
It is not a Buzz number.
Explanation:
19226 is neither divisible by 7 nor does it end with 7.
?[1;31m
Start test 31?[0m
Enter a natural number:
> 26443
This number is Odd.
It is not a Buzz number.
Explanation:
26443 is neither divisible by 7 nor does it end with 7.
?[1;31m
Start test 32?[0m
Enter a natural number:
> 20245
This number is Odd.
It is not a Buzz number.
Explanation:
20245 is neither divisible by 7 nor does it end with 7.
?[1;31m
Start test 33?[0m
Enter a natural number:
> 13544
This number is Even.
It is not a Buzz number.
Explanation:
13544 is neither divisible by 7 nor does it end with 7.
?[1;31m
Start test 34?[0m
Enter a natural number:
> 14395
This number is Odd.
It is not a Buzz number.
Explanation:
14395 is neither divisible by 7 nor does it end with 7.
?[1;31m
Start test 35?[0m
Enter a natural number:
> 23113
This number is Odd.
It is not a Buzz number.
Explanation:
23113 is neither divisible by 7 nor does it end with 7.
?[1;31m
Start test 36?[0m
Enter a natural number:
> 9922
This number is Even.
It is not a Buzz number.
Explanation:
9922 is neither divisible by 7 nor does it end with 7.
?[1;31m
Start test 37?[0m
Enter a natural number:
> 12178
This number is Even.
It is not a Buzz number.
Explanation:
12178 is neither divisible by 7 nor does it end with 7.
?[1;31m
Start test 38?[0m
Enter a natural number:
> 19677
This number is Odd.
It is a Buzz number.
Explanation:
19677 is divisible by 7 and ends with 7.
?[1;31m
Start test 39?[0m
Enter a natural number:
> 27513
This number is Odd.
It is not a Buzz number.
Explanation:
27513 is neither divisible by 7 nor does it end with 7.
?[1;31m
Start test 40?[0m
Enter a natural number:
> 32306
This number is Even.
It is not a Buzz number.
Explanation:
32306 is neither divisible by 7 nor does it end with 7.
]]></system-out>
  <system-err><![CDATA[]]></system-err>
</testsuite>
