<?xml version="1.0" encoding="UTF-8"?>
<testsuite name="NumbersTest" tests="1" skipped="0" failures="0" errors="0" timestamp="2022-07-17T19:50:23" hostname="Devins-MacBook-Air.local" time="3.073">
  <properties/>
  <testcase name="start" classname="NumbersTest" time="3.073"/>
  <system-out><![CDATA[?[1;31m
Start test 1?[0m
Welcome to Amazing Numbers!
Supported requests:
- enter a natural number to know its properties;
- enter two natural numbers to obtain the properties of the list:
  * the first parameter represents a starting number;
  * the second parameter shows how many consecutive numbers are to be printed;
- two natural numbers and properties to search for;
- a property preceded by minus must not be present in numbers;
- separate the parameters with one space;
- enter 0 to exit.
Enter a request: > 0
Goodbye!
?[1;31m
Start test 2?[0m
Welcome to Amazing Numbers!
Supported requests:
- enter a natural number to know its properties;
- enter two natural numbers to obtain the properties of the list:
  * the first parameter represents a starting number;
  * the second parameter shows how many consecutive numbers are to be printed;
- two natural numbers and properties to search for;
- a property preceded by minus must not be present in numbers;
- separate the parameters with one space;
- enter 0 to exit.
Enter a request: > -68
The first parameter should be a natural number or zero.
Enter a request: > 0
Goodbye!
?[1;31m
Start test 3?[0m
Welcome to Amazing Numbers!
Supported requests:
- enter a natural number to know its properties;
- enter two natural numbers to obtain the properties of the list:
  * the first parameter represents a starting number;
  * the second parameter shows how many consecutive numbers are to be printed;
- two natural numbers and properties to search for;
- a property preceded by minus must not be present in numbers;
- separate the parameters with one space;
- enter 0 to exit.
Enter a request: > -119
The first parameter should be a natural number or zero.
Enter a request: > 0
Goodbye!
?[1;31m
Start test 4?[0m
Welcome to Amazing Numbers!
Supported requests:
- enter a natural number to know its properties;
- enter two natural numbers to obtain the properties of the list:
  * the first parameter represents a starting number;
  * the second parameter shows how many consecutive numbers are to be printed;
- two natural numbers and properties to search for;
- a property preceded by minus must not be present in numbers;
- separate the parameters with one space;
- enter 0 to exit.
Enter a request: > -16
The first parameter should be a natural number or zero.
Enter a request: > 0
Goodbye!
?[1;31m
Start test 5?[0m
Welcome to Amazing Numbers!
Supported requests:
- enter a natural number to know its properties;
- enter two natural numbers to obtain the properties of the list:
  * the first parameter represents a starting number;
  * the second parameter shows how many consecutive numbers are to be printed;
- two natural numbers and properties to search for;
- a property preceded by minus must not be present in numbers;
- separate the parameters with one space;
- enter 0 to exit.
Enter a request: > -65
The first parameter should be a natural number or zero.
Enter a request: > 0
Goodbye!
?[1;31m
Start test 6?[0m
Welcome to Amazing Numbers!
Supported requests:
- enter a natural number to know its properties;
- enter two natural numbers to obtain the properties of the list:
  * the first parameter represents a starting number;
  * the second parameter shows how many consecutive numbers are to be printed;
- two natural numbers and properties to search for;
- a property preceded by minus must not be present in numbers;
- separate the parameters with one space;
- enter 0 to exit.
Enter a request: > -15
The first parameter should be a natural number or zero.
Enter a request: > 0
Goodbye!
?[1;31m
Start test 7?[0m
Welcome to Amazing Numbers!
Supported requests:
- enter a natural number to know its properties;
- enter two natural numbers to obtain the properties of the list:
  * the first parameter represents a starting number;
  * the second parameter shows how many consecutive numbers are to be printed;
- two natural numbers and properties to search for;
- a property preceded by minus must not be present in numbers;
- separate the parameters with one space;
- enter 0 to exit.
Enter a request: > 7476 -25635
The second parameter should be a natural number.
Enter a request: > 0
Goodbye!
?[1;31m
Start test 8?[0m
Welcome to Amazing Numbers!
Supported requests:
- enter a natural number to know its properties;
- enter two natural numbers to obtain the properties of the list:
  * the first parameter represents a starting number;
  * the second parameter shows how many consecutive numbers are to be printed;
- two natural numbers and properties to search for;
- a property preceded by minus must not be present in numbers;
- separate the parameters with one space;
- enter 0 to exit.
Enter a request: > 28719 -6133
The second parameter should be a natural number.
Enter a request: > 0
Goodbye!
?[1;31m
Start test 9?[0m
Welcome to Amazing Numbers!
Supported requests:
- enter a natural number to know its properties;
- enter two natural numbers to obtain the properties of the list:
  * the first parameter represents a starting number;
  * the second parameter shows how many consecutive numbers are to be printed;
- two natural numbers and properties to search for;
- a property preceded by minus must not be present in numbers;
- separate the parameters with one space;
- enter 0 to exit.
Enter a request: > 27369 -48
The second parameter should be a natural number.
Enter a request: > 0
Goodbye!
?[1;31m
Start test 10?[0m
Welcome to Amazing Numbers!
Supported requests:
- enter a natural number to know its properties;
- enter two natural numbers to obtain the properties of the list:
  * the first parameter represents a starting number;
  * the second parameter shows how many consecutive numbers are to be printed;
- two natural numbers and properties to search for;
- a property preceded by minus must not be present in numbers;
- separate the parameters with one space;
- enter 0 to exit.
Enter a request: > 14672 -23938
The second parameter should be a natural number.
Enter a request: > 0
Goodbye!
?[1;31m
Start test 11?[0m
Welcome to Amazing Numbers!
Supported requests:
- enter a natural number to know its properties;
- enter two natural numbers to obtain the properties of the list:
  * the first parameter represents a starting number;
  * the second parameter shows how many consecutive numbers are to be printed;
- two natural numbers and properties to search for;
- a property preceded by minus must not be present in numbers;
- separate the parameters with one space;
- enter 0 to exit.
Enter a request: > 22156 -5179
The second parameter should be a natural number.
Enter a request: > 0
Goodbye!
?[1;31m
Start test 12?[0m
Welcome to Amazing Numbers!
Supported requests:
- enter a natural number to know its properties;
- enter two natural numbers to obtain the properties of the list:
  * the first parameter represents a starting number;
  * the second parameter shows how many consecutive numbers are to be printed;
- two natural numbers and properties to search for;
- a property preceded by minus must not be present in numbers;
- separate the parameters with one space;
- enter 0 to exit.
Enter a request: > 25831 -12474
The second parameter should be a natural number.
Enter a request: > 0
Goodbye!
?[1;31m
Start test 13?[0m
Welcome to Amazing Numbers!
Supported requests:
- enter a natural number to know its properties;
- enter two natural numbers to obtain the properties of the list:
  * the first parameter represents a starting number;
  * the second parameter shows how many consecutive numbers are to be printed;
- two natural numbers and properties to search for;
- a property preceded by minus must not be present in numbers;
- separate the parameters with one space;
- enter 0 to exit.
Enter a request: > 25625 -2816
The second parameter should be a natural number.
Enter a request: > 0
Goodbye!
?[1;31m
Start test 14?[0m
Welcome to Amazing Numbers!
Supported requests:
- enter a natural number to know its properties;
- enter two natural numbers to obtain the properties of the list:
  * the first parameter represents a starting number;
  * the second parameter shows how many consecutive numbers are to be printed;
- two natural numbers and properties to search for;
- a property preceded by minus must not be present in numbers;
- separate the parameters with one space;
- enter 0 to exit.
Enter a request: > 14375 -31816
The second parameter should be a natural number.
Enter a request: > 0
Goodbye!
?[1;31m
Start test 15?[0m
Welcome to Amazing Numbers!
Supported requests:
- enter a natural number to know its properties;
- enter two natural numbers to obtain the properties of the list:
  * the first parameter represents a starting number;
  * the second parameter shows how many consecutive numbers are to be printed;
- two natural numbers and properties to search for;
- a property preceded by minus must not be present in numbers;
- separate the parameters with one space;
- enter 0 to exit.
Enter a request: > 17809 -8058
The second parameter should be a natural number.
Enter a request: > 0
Goodbye!
?[1;31m
Start test 16?[0m
Welcome to Amazing Numbers!
Supported requests:
- enter a natural number to know its properties;
- enter two natural numbers to obtain the properties of the list:
  * the first parameter represents a starting number;
  * the second parameter shows how many consecutive numbers are to be printed;
- two natural numbers and properties to search for;
- a property preceded by minus must not be present in numbers;
- separate the parameters with one space;
- enter 0 to exit.
Enter a request: > 19136 -5680
The second parameter should be a natural number.
Enter a request: > 0
Goodbye!
?[1;31m
Start test 17?[0m
Welcome to Amazing Numbers!
Supported requests:
- enter a natural number to know its properties;
- enter two natural numbers to obtain the properties of the list:
  * the first parameter represents a starting number;
  * the second parameter shows how many consecutive numbers are to be printed;
- two natural numbers and properties to search for;
- a property preceded by minus must not be present in numbers;
- separate the parameters with one space;
- enter 0 to exit.
Enter a request: > 1
Properties of 1
buzz: false
duck: false
palindromic: true
gapful: false
spy: true
sunny: false
square: true
jumping: true
even: false 
odd: true
happy: true
sad: false
Enter a request: > 2
Properties of 2
buzz: false
duck: false
palindromic: true
gapful: false
spy: true
sunny: false
square: false
jumping: true
even: true 
odd: false
happy: false
sad: true
Enter a request: > 3
Properties of 3
buzz: false
duck: false
palindromic: true
gapful: false
spy: true
sunny: true
square: false
jumping: true
even: false 
odd: true
happy: false
sad: true
Enter a request: > 4
Properties of 4
buzz: false
duck: false
palindromic: true
gapful: false
spy: true
sunny: false
square: true
jumping: true
even: true 
odd: false
happy: false
sad: true
Enter a request: > 5
Properties of 5
buzz: false
duck: false
palindromic: true
gapful: false
spy: true
sunny: false
square: false
jumping: true
even: false 
odd: true
happy: false
sad: true
Enter a request: > 6
Properties of 6
buzz: false
duck: false
palindromic: true
gapful: false
spy: true
sunny: false
square: false
jumping: true
even: true 
odd: false
happy: false
sad: true
Enter a request: > 7
Properties of 7
buzz: true
duck: false
palindromic: true
gapful: false
spy: true
sunny: false
square: false
jumping: true
even: false 
odd: true
happy: true
sad: false
Enter a request: > 8
Properties of 8
buzz: false
duck: false
palindromic: true
gapful: false
spy: true
sunny: true
square: false
jumping: true
even: true 
odd: false
happy: false
sad: true
Enter a request: > 9
Properties of 9
buzz: false
duck: false
palindromic: true
gapful: false
spy: true
sunny: false
square: true
jumping: true
even: false 
odd: true
happy: false
sad: true
Enter a request: > 10
Properties of 10
buzz: false
duck: true
palindromic: false
gapful: false
spy: false
sunny: false
square: false
jumping: true
even: true 
odd: false
happy: true
sad: false
Enter a request: > 11
Properties of 11
buzz: false
duck: false
palindromic: true
gapful: false
spy: false
sunny: false
square: false
jumping: false
even: false 
odd: true
happy: false
sad: true
Enter a request: > 12
Properties of 12
buzz: false
duck: false
palindromic: false
gapful: false
spy: false
sunny: false
square: false
jumping: true
even: true 
odd: false
happy: false
sad: true
Enter a request: > 13
Properties of 13
buzz: false
duck: false
palindromic: false
gapful: false
spy: false
sunny: false
square: false
jumping: false
even: false 
odd: true
happy: true
sad: false
Enter a request: > 14
Properties of 14
buzz: true
duck: false
palindromic: false
gapful: false
spy: false
sunny: false
square: false
jumping: false
even: true 
odd: false
happy: false
sad: true
Enter a request: > 8254633618316676753
Properties of 8254633618316676753
buzz: false
duck: false
palindromic: false
gapful: false
spy: false
sunny: false
square: false
jumping: false
even: false 
odd: true
happy: false
sad: true
Enter a request: > 1948822792412543389
Properties of 1948822792412543389
buzz: false
duck: false
palindromic: false
gapful: false
spy: false
sunny: false
square: false
jumping: false
even: false 
odd: true
happy: false
sad: true
Enter a request: > 5972670939998481389
Properties of 5972670939998481389
buzz: false
duck: true
palindromic: false
gapful: false
spy: false
sunny: false
square: false
jumping: false
even: false 
odd: true
happy: false
sad: true
Enter a request: > 7446407370211681214
Properties of 7446407370211681214
buzz: true
duck: true
palindromic: false
gapful: false
spy: false
sunny: false
square: false
jumping: false
even: true 
odd: false
happy: true
sad: false
Enter a request: > 1887627618011136256
Properties of 1887627618011136256
buzz: false
duck: true
palindromic: false
gapful: true
spy: false
sunny: false
square: false
jumping: false
even: true 
odd: false
happy: false
sad: true
Enter a request: > 1053846113778345424
Properties of 1053846113778345424
buzz: false
duck: true
palindromic: false
gapful: false
spy: false
sunny: false
square: false
jumping: false
even: true 
odd: false
happy: false
sad: true
Enter a request: > 4245803911313863734
Properties of 4245803911313863734
buzz: false
duck: true
palindromic: false
gapful: false
spy: false
sunny: false
square: false
jumping: false
even: true 
odd: false
happy: false
sad: true
Enter a request: > 6711656426680149678
Properties of 6711656426680149678
buzz: false
duck: true
palindromic: false
gapful: false
spy: false
sunny: false
square: false
jumping: false
even: true 
odd: false
happy: false
sad: true
Enter a request: > 5830321131671342393
Properties of 5830321131671342393
buzz: false
duck: true
palindromic: false
gapful: false
spy: false
sunny: false
square: false
jumping: false
even: false 
odd: true
happy: false
sad: true
Enter a request: > 5292649138497565121
Properties of 5292649138497565121
buzz: false
duck: false
palindromic: false
gapful: false
spy: false
sunny: false
square: false
jumping: false
even: false 
odd: true
happy: false
sad: true
Enter a request: > 0
Goodbye!
?[1;31m
Start test 18?[0m
Welcome to Amazing Numbers!
Supported requests:
- enter a natural number to know its properties;
- enter two natural numbers to obtain the properties of the list:
  * the first parameter represents a starting number;
  * the second parameter shows how many consecutive numbers are to be printed;
- two natural numbers and properties to search for;
- a property preceded by minus must not be present in numbers;
- separate the parameters with one space;
- enter 0 to exit.
Enter a request: > 1 15
1 is palindromic, spy, square, jumping, odd, happy
2 is palindromic, spy, jumping, even, sad
3 is palindromic, spy, sunny, jumping, odd, sad
4 is palindromic, spy, square, jumping, even, sad
5 is palindromic, spy, jumping, odd, sad
6 is palindromic, spy, jumping, even, sad
7 is buzz, palindromic, spy, jumping, odd, happy
8 is palindromic, spy, sunny, jumping, even, sad
9 is palindromic, spy, square, jumping, odd, sad
10 is duck, jumping, even, happy
11 is palindromic, odd, sad
12 is jumping, even, sad
13 is odd, happy
14 is buzz, even, sad
15 is sunny, odd, sad
Enter a request: > 0
Goodbye!
?[1;31m
Start test 19?[0m
Welcome to Amazing Numbers!
Supported requests:
- enter a natural number to know its properties;
- enter two natural numbers to obtain the properties of the list:
  * the first parameter represents a starting number;
  * the second parameter shows how many consecutive numbers are to be printed;
- two natural numbers and properties to search for;
- a property preceded by minus must not be present in numbers;
- separate the parameters with one space;
- enter 0 to exit.
Enter a request: > 8057645232105081557 18
8057645232105081557 is buzz, duck, odd, sad
8057645232105081558 is duck, even, sad
8057645232105081559 is duck, odd, sad
8057645232105081560 is duck, even, sad
8057645232105081561 is duck, odd, sad
8057645232105081562 is duck, even, sad
8057645232105081563 is duck, odd, sad
8057645232105081564 is buzz, duck, gapful, even, sad
8057645232105081565 is duck, odd, happy
8057645232105081566 is duck, even, sad
8057645232105081567 is buzz, duck, odd, sad
8057645232105081568 is duck, even, sad
8057645232105081569 is duck, odd, sad
8057645232105081570 is duck, even, happy
8057645232105081571 is buzz, duck, odd, sad
8057645232105081572 is duck, even, sad
8057645232105081573 is duck, odd, sad
8057645232105081574 is duck, even, sad
Enter a request: > 0
Goodbye!
?[1;31m
Start test 20?[0m
Welcome to Amazing Numbers!
Supported requests:
- enter a natural number to know its properties;
- enter two natural numbers to obtain the properties of the list:
  * the first parameter represents a starting number;
  * the second parameter shows how many consecutive numbers are to be printed;
- two natural numbers and properties to search for;
- a property preceded by minus must not be present in numbers;
- separate the parameters with one space;
- enter 0 to exit.
Enter a request: > 6942746944981559883 2
6942746944981559883 is odd, sad
6942746944981559884 is even, sad
Enter a request: > 0
Goodbye!
?[1;31m
Start test 21?[0m
Welcome to Amazing Numbers!
Supported requests:
- enter a natural number to know its properties;
- enter two natural numbers to obtain the properties of the list:
  * the first parameter represents a starting number;
  * the second parameter shows how many consecutive numbers are to be printed;
- two natural numbers and properties to search for;
- a property preceded by minus must not be present in numbers;
- separate the parameters with one space;
- enter 0 to exit.
Enter a request: > 3008172032612753603 1
3008172032612753603 is duck, odd, sad
Enter a request: > 0
Goodbye!
?[1;31m
Start test 22?[0m
Welcome to Amazing Numbers!
Supported requests:
- enter a natural number to know its properties;
- enter two natural numbers to obtain the properties of the list:
  * the first parameter represents a starting number;
  * the second parameter shows how many consecutive numbers are to be printed;
- two natural numbers and properties to search for;
- a property preceded by minus must not be present in numbers;
- separate the parameters with one space;
- enter 0 to exit.
Enter a request: > 1763480909795009740 17
1763480909795009740 is duck, gapful, even, happy
1763480909795009741 is buzz, duck, odd, sad
1763480909795009742 is duck, even, sad
1763480909795009743 is duck, gapful, odd, sad
1763480909795009744 is duck, even, sad
1763480909795009745 is duck, gapful, odd, sad
1763480909795009746 is duck, even, sad
1763480909795009747 is buzz, duck, odd, sad
1763480909795009748 is buzz, duck, even, sad
1763480909795009749 is duck, odd, sad
1763480909795009750 is duck, gapful, even, sad
1763480909795009751 is duck, odd, sad
1763480909795009752 is duck, even, sad
1763480909795009753 is duck, odd, happy
1763480909795009754 is duck, even, sad
1763480909795009755 is buzz, duck, odd, sad
1763480909795009756 is duck, even, happy
Enter a request: > 0
Goodbye!
?[1;31m
Start test 23?[0m
Welcome to Amazing Numbers!
Supported requests:
- enter a natural number to know its properties;
- enter two natural numbers to obtain the properties of the list:
  * the first parameter represents a starting number;
  * the second parameter shows how many consecutive numbers are to be printed;
- two natural numbers and properties to search for;
- a property preceded by minus must not be present in numbers;
- separate the parameters with one space;
- enter 0 to exit.
Enter a request: > 9016306718901951128 16
9016306718901951128 is duck, even, sad
9016306718901951129 is duck, odd, sad
9016306718901951130 is duck, even, sad
9016306718901951131 is duck, odd, sad
9016306718901951132 is duck, even, sad
9016306718901951133 is buzz, duck, odd, sad
9016306718901951134 is duck, even, sad
9016306718901951135 is duck, odd, sad
9016306718901951136 is duck, even, sad
9016306718901951137 is buzz, duck, odd, sad
9016306718901951138 is duck, even, sad
9016306718901951139 is duck, odd, sad
9016306718901951140 is buzz, duck, even, sad
9016306718901951141 is duck, odd, sad
9016306718901951142 is duck, even, happy
9016306718901951143 is duck, odd, sad
Enter a request: > 0
Goodbye!
?[1;31m
Start test 24?[0m
Welcome to Amazing Numbers!
Supported requests:
- enter a natural number to know its properties;
- enter two natural numbers to obtain the properties of the list:
  * the first parameter represents a starting number;
  * the second parameter shows how many consecutive numbers are to be printed;
- two natural numbers and properties to search for;
- a property preceded by minus must not be present in numbers;
- separate the parameters with one space;
- enter 0 to exit.
Enter a request: > 6718294921234687151 18
6718294921234687151 is odd, sad
6718294921234687152 is even, sad
6718294921234687153 is odd, sad
6718294921234687154 is buzz, even, sad
6718294921234687155 is odd, happy
6718294921234687156 is even, sad
6718294921234687157 is buzz, odd, sad
6718294921234687158 is even, sad
6718294921234687159 is odd, happy
6718294921234687160 is duck, even, sad
6718294921234687161 is buzz, odd, sad
6718294921234687162 is even, happy
6718294921234687163 is odd, sad
6718294921234687164 is even, sad
6718294921234687165 is odd, sad
6718294921234687166 is even, sad
6718294921234687167 is buzz, odd, sad
6718294921234687168 is buzz, even, sad
Enter a request: > 0
Goodbye!
?[1;31m
Start test 25?[0m
Welcome to Amazing Numbers!
Supported requests:
- enter a natural number to know its properties;
- enter two natural numbers to obtain the properties of the list:
  * the first parameter represents a starting number;
  * the second parameter shows how many consecutive numbers are to be printed;
- two natural numbers and properties to search for;
- a property preceded by minus must not be present in numbers;
- separate the parameters with one space;
- enter 0 to exit.
Enter a request: > 2892228629900051742 12
2892228629900051742 is duck, even, sad
2892228629900051743 is buzz, duck, gapful, odd, sad
2892228629900051744 is duck, even, sad
2892228629900051745 is duck, odd, sad
2892228629900051746 is duck, even, sad
2892228629900051747 is buzz, duck, odd, sad
2892228629900051748 is duck, even, sad
2892228629900051749 is duck, odd, sad
2892228629900051750 is buzz, duck, even, sad
2892228629900051751 is duck, odd, sad
2892228629900051752 is duck, even, sad
2892228629900051753 is duck, odd, happy
Enter a request: > 0
Goodbye!
?[1;31m
Start test 26?[0m
Welcome to Amazing Numbers!
Supported requests:
- enter a natural number to know its properties;
- enter two natural numbers to obtain the properties of the list:
  * the first parameter represents a starting number;
  * the second parameter shows how many consecutive numbers are to be printed;
- two natural numbers and properties to search for;
- a property preceded by minus must not be present in numbers;
- separate the parameters with one space;
- enter 0 to exit.
Enter a request: > 6862420330824890688 11
6862420330824890688 is duck, even, sad
6862420330824890689 is duck, odd, sad
6862420330824890690 is duck, even, sad
6862420330824890691 is duck, odd, sad
6862420330824890692 is buzz, duck, even, sad
6862420330824890693 is duck, odd, sad
6862420330824890694 is duck, even, sad
6862420330824890695 is duck, odd, sad
6862420330824890696 is duck, even, sad
6862420330824890697 is buzz, duck, odd, sad
6862420330824890698 is duck, even, sad
Enter a request: > 0
Goodbye!
?[1;31m
Start test 27?[0m
Welcome to Amazing Numbers!
Supported requests:
- enter a natural number to know its properties;
- enter two natural numbers to obtain the properties of the list:
  * the first parameter represents a starting number;
  * the second parameter shows how many consecutive numbers are to be printed;
- two natural numbers and properties to search for;
- a property preceded by minus must not be present in numbers;
- separate the parameters with one space;
- enter 0 to exit.
Enter a request: > 7432496100303319262 14
7432496100303319262 is buzz, duck, even, happy
7432496100303319263 is duck, odd, sad
7432496100303319264 is duck, even, sad
7432496100303319265 is duck, odd, happy
7432496100303319266 is duck, even, happy
7432496100303319267 is buzz, duck, odd, sad
7432496100303319268 is duck, even, sad
7432496100303319269 is buzz, duck, odd, sad
7432496100303319270 is duck, even, sad
7432496100303319271 is duck, odd, sad
7432496100303319272 is duck, even, sad
7432496100303319273 is duck, odd, happy
7432496100303319274 is duck, even, sad
7432496100303319275 is duck, gapful, odd, sad
Enter a request: > 0
Goodbye!
?[1;31m
Start test 28?[0m
Welcome to Amazing Numbers!
Supported requests:
- enter a natural number to know its properties;
- enter two natural numbers to obtain the properties of the list:
  * the first parameter represents a starting number;
  * the second parameter shows how many consecutive numbers are to be printed;
- two natural numbers and properties to search for;
- a property preceded by minus must not be present in numbers;
- separate the parameters with one space;
- enter 0 to exit.
Enter a request: > 1789431066085766817 7
1789431066085766817 is buzz, duck, odd, happy
1789431066085766818 is duck, even, happy
1789431066085766819 is duck, odd, happy
1789431066085766820 is duck, gapful, even, sad
1789431066085766821 is duck, odd, sad
1789431066085766822 is duck, even, sad
1789431066085766823 is duck, odd, sad
Enter a request: > 0
Goodbye!
?[1;31m
Start test 29?[0m
Welcome to Amazing Numbers!
Supported requests:
- enter a natural number to know its properties;
- enter two natural numbers to obtain the properties of the list:
  * the first parameter represents a starting number;
  * the second parameter shows how many consecutive numbers are to be printed;
- two natural numbers and properties to search for;
- a property preceded by minus must not be present in numbers;
- separate the parameters with one space;
- enter 0 to exit.
Enter a request: > 1 10 May
The property [MAY] is wrong.
Available properties: [EVEN, ODD, BUZZ, DUCK, PALINDROMIC, GAPFUL, SPY, SQUARE, SUNNY, JUMPING, HAPPY, SAD]
Enter a request: > 0
Goodbye!
?[1;31m
Start test 30?[0m
Welcome to Amazing Numbers!
Supported requests:
- enter a natural number to know its properties;
- enter two natural numbers to obtain the properties of the list:
  * the first parameter represents a starting number;
  * the second parameter shows how many consecutive numbers are to be printed;
- two natural numbers and properties to search for;
- a property preceded by minus must not be present in numbers;
- separate the parameters with one space;
- enter 0 to exit.
Enter a request: > 40 2 bay
The property [BAY] is wrong.
Available properties: [EVEN, ODD, BUZZ, DUCK, PALINDROMIC, GAPFUL, SPY, SQUARE, SUNNY, JUMPING, HAPPY, SAD]
Enter a request: > 0
Goodbye!
?[1;31m
Start test 31?[0m
Welcome to Amazing Numbers!
Supported requests:
- enter a natural number to know its properties;
- enter two natural numbers to obtain the properties of the list:
  * the first parameter represents a starting number;
  * the second parameter shows how many consecutive numbers are to be printed;
- two natural numbers and properties to search for;
- a property preceded by minus must not be present in numbers;
- separate the parameters with one space;
- enter 0 to exit.
Enter a request: > 37 4 8
The property [8] is wrong.
Available properties: [EVEN, ODD, BUZZ, DUCK, PALINDROMIC, GAPFUL, SPY, SQUARE, SUNNY, JUMPING, HAPPY, SAD]
Enter a request: > 0
Goodbye!
?[1;31m
Start test 32?[0m
Welcome to Amazing Numbers!
Supported requests:
- enter a natural number to know its properties;
- enter two natural numbers to obtain the properties of the list:
  * the first parameter represents a starting number;
  * the second parameter shows how many consecutive numbers are to be printed;
- two natural numbers and properties to search for;
- a property preceded by minus must not be present in numbers;
- separate the parameters with one space;
- enter 0 to exit.
Enter a request: > 67 2 day
The property [DAY] is wrong.
Available properties: [EVEN, ODD, BUZZ, DUCK, PALINDROMIC, GAPFUL, SPY, SQUARE, SUNNY, JUMPING, HAPPY, SAD]
Enter a request: > 0
Goodbye!
?[1;31m
Start test 33?[0m
Welcome to Amazing Numbers!
Supported requests:
- enter a natural number to know its properties;
- enter two natural numbers to obtain the properties of the list:
  * the first parameter represents a starting number;
  * the second parameter shows how many consecutive numbers are to be printed;
- two natural numbers and properties to search for;
- a property preceded by minus must not be present in numbers;
- separate the parameters with one space;
- enter 0 to exit.
Enter a request: > 2 54 Prime
The property [PRIME] is wrong.
Available properties: [EVEN, ODD, BUZZ, DUCK, PALINDROMIC, GAPFUL, SPY, SQUARE, SUNNY, JUMPING, HAPPY, SAD]
Enter a request: > 0
Goodbye!
?[1;31m
Start test 34?[0m
Welcome to Amazing Numbers!
Supported requests:
- enter a natural number to know its properties;
- enter two natural numbers to obtain the properties of the list:
  * the first parameter represents a starting number;
  * the second parameter shows how many consecutive numbers are to be printed;
- two natural numbers and properties to search for;
- a property preceded by minus must not be present in numbers;
- separate the parameters with one space;
- enter 0 to exit.
Enter a request: > 6 8 ...
The property [...] is wrong.
Available properties: [EVEN, ODD, BUZZ, DUCK, PALINDROMIC, GAPFUL, SPY, SQUARE, SUNNY, JUMPING, HAPPY, SAD]
Enter a request: > 0
Goodbye!
?[1;31m
Start test 35?[0m
Welcome to Amazing Numbers!
Supported requests:
- enter a natural number to know its properties;
- enter two natural numbers to obtain the properties of the list:
  * the first parameter represents a starting number;
  * the second parameter shows how many consecutive numbers are to be printed;
- two natural numbers and properties to search for;
- a property preceded by minus must not be present in numbers;
- separate the parameters with one space;
- enter 0 to exit.
Enter a request: > 5 9 none
The property [NONE] is wrong.
Available properties: [EVEN, ODD, BUZZ, DUCK, PALINDROMIC, GAPFUL, SPY, SQUARE, SUNNY, JUMPING, HAPPY, SAD]
Enter a request: > 0
Goodbye!
?[1;31m
Start test 36?[0m
Welcome to Amazing Numbers!
Supported requests:
- enter a natural number to know its properties;
- enter two natural numbers to obtain the properties of the list:
  * the first parameter represents a starting number;
  * the second parameter shows how many consecutive numbers are to be printed;
- two natural numbers and properties to search for;
- a property preceded by minus must not be present in numbers;
- separate the parameters with one space;
- enter 0 to exit.
Enter a request: > 1 10 EVEN
2 is palindromic, spy, jumping, even, sad
4 is palindromic, spy, square, jumping, even, sad
6 is palindromic, spy, jumping, even, sad
8 is palindromic, spy, sunny, jumping, even, sad
10 is duck, jumping, even, happy
12 is jumping, even, sad
14 is buzz, even, sad
16 is square, even, sad
18 is even, sad
20 is duck, even, sad
Enter a request: > 1 10 ODD
1 is palindromic, spy, square, jumping, odd, happy
3 is palindromic, spy, sunny, jumping, odd, sad
5 is palindromic, spy, jumping, odd, sad
7 is buzz, palindromic, spy, jumping, odd, happy
9 is palindromic, spy, square, jumping, odd, sad
11 is palindromic, odd, sad
13 is odd, happy
15 is sunny, odd, sad
17 is buzz, odd, sad
19 is odd, happy
Enter a request: > 1 10 BUZZ
7 is buzz, palindromic, spy, jumping, odd, happy
14 is buzz, even, sad
17 is buzz, odd, sad
21 is buzz, jumping, odd, sad
27 is buzz, odd, sad
28 is buzz, even, happy
35 is buzz, sunny, odd, sad
37 is buzz, odd, sad
42 is buzz, even, sad
47 is buzz, odd, sad
Enter a request: > 1 10 DUCK
10 is duck, jumping, even, happy
20 is duck, even, sad
30 is duck, even, sad
40 is duck, even, sad
50 is duck, even, sad
60 is duck, even, sad
70 is buzz, duck, even, happy
80 is duck, sunny, even, sad
90 is duck, even, sad
100 is duck, gapful, square, even, happy
Enter a request: > 1 10 PALINDROMIC
1 is palindromic, spy, square, jumping, odd, happy
2 is palindromic, spy, jumping, even, sad
3 is palindromic, spy, sunny, jumping, odd, sad
4 is palindromic, spy, square, jumping, even, sad
5 is palindromic, spy, jumping, odd, sad
6 is palindromic, spy, jumping, even, sad
7 is buzz, palindromic, spy, jumping, odd, happy
8 is palindromic, spy, sunny, jumping, even, sad
9 is palindromic, spy, square, jumping, odd, sad
11 is palindromic, odd, sad
Enter a request: > 1 10 GAPFUL
100 is duck, gapful, square, even, happy
105 is buzz, duck, gapful, odd, sad
108 is duck, gapful, even, sad
110 is duck, gapful, even, sad
120 is duck, gapful, sunny, even, sad
121 is palindromic, gapful, square, jumping, odd, sad
130 is duck, gapful, even, happy
132 is gapful, spy, even, sad
135 is gapful, odd, sad
140 is buzz, duck, gapful, even, sad
Enter a request: > 1 10 SPY
1 is palindromic, spy, square, jumping, odd, happy
2 is palindromic, spy, jumping, even, sad
3 is palindromic, spy, sunny, jumping, odd, sad
4 is palindromic, spy, square, jumping, even, sad
5 is palindromic, spy, jumping, odd, sad
6 is palindromic, spy, jumping, even, sad
7 is buzz, palindromic, spy, jumping, odd, happy
8 is palindromic, spy, sunny, jumping, even, sad
9 is palindromic, spy, square, jumping, odd, sad
22 is palindromic, spy, even, sad
Enter a request: > 1 10 SQUARE
1 is palindromic, spy, square, jumping, odd, happy
4 is palindromic, spy, square, jumping, even, sad
9 is palindromic, spy, square, jumping, odd, sad
16 is square, even, sad
25 is square, odd, sad
36 is square, even, sad
49 is buzz, square, odd, happy
64 is square, even, sad
81 is square, odd, sad
100 is duck, gapful, square, even, happy
Enter a request: > 1 10 SUNNY
3 is palindromic, spy, sunny, jumping, odd, sad
8 is palindromic, spy, sunny, jumping, even, sad
15 is sunny, odd, sad
24 is sunny, even, sad
35 is buzz, sunny, odd, sad
48 is sunny, even, sad
63 is buzz, sunny, odd, sad
80 is duck, sunny, even, sad
99 is palindromic, sunny, odd, sad
120 is duck, gapful, sunny, even, sad
Enter a request: > 1 10 JUMPING
1 is palindromic, spy, square, jumping, odd, happy
2 is palindromic, spy, jumping, even, sad
3 is palindromic, spy, sunny, jumping, odd, sad
4 is palindromic, spy, square, jumping, even, sad
5 is palindromic, spy, jumping, odd, sad
6 is palindromic, spy, jumping, even, sad
7 is buzz, palindromic, spy, jumping, odd, happy
8 is palindromic, spy, sunny, jumping, even, sad
9 is palindromic, spy, square, jumping, odd, sad
10 is duck, jumping, even, happy
Enter a request: > 1 10 HAPPY
1 is palindromic, spy, square, jumping, odd, happy
7 is buzz, palindromic, spy, jumping, odd, happy
10 is duck, jumping, even, happy
13 is odd, happy
19 is odd, happy
23 is jumping, odd, happy
28 is buzz, even, happy
31 is odd, happy
32 is jumping, even, happy
44 is palindromic, even, happy
Enter a request: > 1 10 SAD
2 is palindromic, spy, jumping, even, sad
3 is palindromic, spy, sunny, jumping, odd, sad
4 is palindromic, spy, square, jumping, even, sad
5 is palindromic, spy, jumping, odd, sad
6 is palindromic, spy, jumping, even, sad
8 is palindromic, spy, sunny, jumping, even, sad
9 is palindromic, spy, square, jumping, odd, sad
11 is palindromic, odd, sad
12 is jumping, even, sad
14 is buzz, even, sad
Enter a request: > 0
Goodbye!
?[1;31m
Start test 37?[0m
Welcome to Amazing Numbers!
Supported requests:
- enter a natural number to know its properties;
- enter two natural numbers to obtain the properties of the list:
  * the first parameter represents a starting number;
  * the second parameter shows how many consecutive numbers are to be printed;
- two natural numbers and properties to search for;
- a property preceded by minus must not be present in numbers;
- separate the parameters with one space;
- enter 0 to exit.
Enter a request: > 7458 12 BUZZ
7462 is buzz, even, sad
7467 is buzz, odd, sad
7469 is buzz, odd, sad
7476 is buzz, even, sad
7477 is buzz, odd, sad
7483 is buzz, odd, sad
7487 is buzz, odd, sad
7490 is buzz, duck, gapful, even, sad
7497 is buzz, odd, sad
7504 is buzz, duck, even, sad
7507 is buzz, duck, odd, sad
7511 is buzz, odd, sad
Enter a request: > 0
Goodbye!
?[1;31m
Start test 38?[0m
Welcome to Amazing Numbers!
Supported requests:
- enter a natural number to know its properties;
- enter two natural numbers to obtain the properties of the list:
  * the first parameter represents a starting number;
  * the second parameter shows how many consecutive numbers are to be printed;
- two natural numbers and properties to search for;
- a property preceded by minus must not be present in numbers;
- separate the parameters with one space;
- enter 0 to exit.
Enter a request: > 24291 7 SAD
24291 is odd, sad
24293 is odd, sad
24294 is even, sad
24296 is even, sad
24297 is buzz, odd, sad
24298 is even, sad
24299 is odd, sad
Enter a request: > 0
Goodbye!
?[1;31m
Start test 39?[0m
Welcome to Amazing Numbers!
Supported requests:
- enter a natural number to know its properties;
- enter two natural numbers to obtain the properties of the list:
  * the first parameter represents a starting number;
  * the second parameter shows how many consecutive numbers are to be printed;
- two natural numbers and properties to search for;
- a property preceded by minus must not be present in numbers;
- separate the parameters with one space;
- enter 0 to exit.
Enter a request: > 18459 13 HAPPY
18464 is even, happy
18470 is duck, gapful, even, happy
18473 is buzz, gapful, odd, happy
18489 is odd, happy
18498 is even, happy
18501 is buzz, duck, odd, happy
18502 is duck, even, happy
18507 is buzz, duck, odd, happy
18510 is duck, gapful, even, happy
18513 is odd, happy
18520 is duck, gapful, even, happy
18523 is odd, happy
18526 is even, happy
Enter a request: > 0
Goodbye!
?[1;31m
Start test 40?[0m
Welcome to Amazing Numbers!
Supported requests:
- enter a natural number to know its properties;
- enter two natural numbers to obtain the properties of the list:
  * the first parameter represents a starting number;
  * the second parameter shows how many consecutive numbers are to be printed;
- two natural numbers and properties to search for;
- a property preceded by minus must not be present in numbers;
- separate the parameters with one space;
- enter 0 to exit.
Enter a request: > 16338 20 JUMPING
21010 is duck, jumping, even, sad
21012 is duck, palindromic, jumping, even, happy
21210 is buzz, duck, jumping, even, happy
21212 is palindromic, spy, jumping, even, sad
21232 is jumping, even, sad
21234 is jumping, even, sad
23210 is duck, jumping, even, sad
23212 is buzz, jumping, even, sad
23232 is palindromic, gapful, jumping, even, sad
23234 is jumping, even, sad
23432 is palindromic, jumping, even, sad
23434 is jumping, even, sad
23454 is jumping, even, happy
23456 is jumping, even, sad
32101 is duck, jumping, odd, sad
32121 is jumping, odd, happy
32123 is buzz, palindromic, jumping, odd, sad
32321 is jumping, odd, sad
32323 is palindromic, jumping, odd, sad
32343 is jumping, odd, sad
Enter a request: > 0
Goodbye!
?[1;31m
Start test 41?[0m
Welcome to Amazing Numbers!
Supported requests:
- enter a natural number to know its properties;
- enter two natural numbers to obtain the properties of the list:
  * the first parameter represents a starting number;
  * the second parameter shows how many consecutive numbers are to be printed;
- two natural numbers and properties to search for;
- a property preceded by minus must not be present in numbers;
- separate the parameters with one space;
- enter 0 to exit.
Enter a request: > 24451 1 JUMPING
32101 is duck, jumping, odd, sad
Enter a request: > 0
Goodbye!
?[1;31m
Start test 42?[0m
Welcome to Amazing Numbers!
Supported requests:
- enter a natural number to know its properties;
- enter two natural numbers to obtain the properties of the list:
  * the first parameter represents a starting number;
  * the second parameter shows how many consecutive numbers are to be printed;
- two natural numbers and properties to search for;
- a property preceded by minus must not be present in numbers;
- separate the parameters with one space;
- enter 0 to exit.
Enter a request: > 1713 20 JUMPING
2101 is duck, jumping, odd, sad
2121 is buzz, gapful, jumping, odd, happy
2123 is jumping, odd, sad
2321 is jumping, odd, sad
2323 is gapful, jumping, odd, sad
2343 is jumping, odd, sad
2345 is buzz, jumping, odd, sad
3210 is duck, gapful, jumping, even, sad
3212 is jumping, even, sad
3232 is gapful, jumping, even, sad
3234 is buzz, jumping, even, sad
3432 is jumping, even, sad
3434 is gapful, jumping, even, sad
3454 is jumping, even, sad
3456 is gapful, jumping, even, happy
4321 is jumping, odd, sad
4323 is jumping, odd, sad
4343 is gapful, jumping, odd, sad
4345 is jumping, odd, sad
4543 is buzz, jumping, odd, sad
Enter a request: > 0
Goodbye!
?[1;31m
Start test 43?[0m
Welcome to Amazing Numbers!
Supported requests:
- enter a natural number to know its properties;
- enter two natural numbers to obtain the properties of the list:
  * the first parameter represents a starting number;
  * the second parameter shows how many consecutive numbers are to be printed;
- two natural numbers and properties to search for;
- a property preceded by minus must not be present in numbers;
- separate the parameters with one space;
- enter 0 to exit.
Enter a request: > 32640 16 DUCK
32640 is duck, gapful, even, sad
32650 is duck, even, sad
32660 is duck, even, sad
32670 is duck, gapful, even, sad
32680 is duck, even, sad
32690 is buzz, duck, even, happy
32700 is duck, gapful, even, sad
32701 is duck, odd, sad
32702 is duck, even, sad
32703 is duck, gapful, odd, sad
32704 is buzz, duck, even, sad
32705 is duck, odd, sad
32706 is duck, even, sad
32707 is buzz, duck, odd, sad
32708 is duck, even, sad
32709 is duck, odd, sad
Enter a request: > 0
Goodbye!
?[1;31m
Start test 44?[0m
Welcome to Amazing Numbers!
Supported requests:
- enter a natural number to know its properties;
- enter two natural numbers to obtain the properties of the list:
  * the first parameter represents a starting number;
  * the second parameter shows how many consecutive numbers are to be printed;
- two natural numbers and properties to search for;
- a property preceded by minus must not be present in numbers;
- separate the parameters with one space;
- enter 0 to exit.
Enter a request: > 6506 7 HAPPY
6506 is duck, even, happy
6528 is gapful, even, happy
6530 is duck, even, happy
6533 is odd, happy
6534 is even, happy
6543 is jumping, odd, happy
6550 is duck, even, happy
Enter a request: > 0
Goodbye!
?[1;31m
Start test 45?[0m
Welcome to Amazing Numbers!
Supported requests:
- enter a natural number to know its properties;
- enter two natural numbers to obtain the properties of the list:
  * the first parameter represents a starting number;
  * the second parameter shows how many consecutive numbers are to be printed;
- two natural numbers and properties to search for;
- a property preceded by minus must not be present in numbers;
- separate the parameters with one space;
- enter 0 to exit.
Enter a request: > 7477 1 SUNNY
7568 is sunny, even, sad
Enter a request: > 0
Goodbye!
?[1;31m
Start test 46?[0m
Welcome to Amazing Numbers!
Supported requests:
- enter a natural number to know its properties;
- enter two natural numbers to obtain the properties of the list:
  * the first parameter represents a starting number;
  * the second parameter shows how many consecutive numbers are to be printed;
- two natural numbers and properties to search for;
- a property preceded by minus must not be present in numbers;
- separate the parameters with one space;
- enter 0 to exit.
Enter a request: > 24380 13 EVEN
24380 is duck, gapful, even, sad
24382 is even, happy
24384 is gapful, even, happy
24386 is even, happy
24388 is buzz, gapful, even, sad
24390 is duck, even, sad
24392 is even, sad
24394 is even, sad
24396 is even, sad
24398 is even, sad
24400 is duck, gapful, even, sad
24402 is buzz, duck, even, sad
24404 is duck, even, sad
Enter a request: > 0
Goodbye!
?[1;31m
Start test 47?[0m
Welcome to Amazing Numbers!
Supported requests:
- enter a natural number to know its properties;
- enter two natural numbers to obtain the properties of the list:
  * the first parameter represents a starting number;
  * the second parameter shows how many consecutive numbers are to be printed;
- two natural numbers and properties to search for;
- a property preceded by minus must not be present in numbers;
- separate the parameters with one space;
- enter 0 to exit.
Enter a request: > 1 10 odd girl
The property [GIRL] is wrong.
Available properties: [EVEN, ODD, BUZZ, DUCK, PALINDROMIC, GAPFUL, SPY, SQUARE, SUNNY, JUMPING, HAPPY, SAD]
Enter a request: > 0
Goodbye!
?[1;31m
Start test 48?[0m
Welcome to Amazing Numbers!
Supported requests:
- enter a natural number to know its properties;
- enter two natural numbers to obtain the properties of the list:
  * the first parameter represents a starting number;
  * the second parameter shows how many consecutive numbers are to be printed;
- two natural numbers and properties to search for;
- a property preceded by minus must not be present in numbers;
- separate the parameters with one space;
- enter 0 to exit.
Enter a request: > 40 2 even day
The property [DAY] is wrong.
Available properties: [EVEN, ODD, BUZZ, DUCK, PALINDROMIC, GAPFUL, SPY, SQUARE, SUNNY, JUMPING, HAPPY, SAD]
Enter a request: > 0
Goodbye!
?[1;31m
Start test 49?[0m
Welcome to Amazing Numbers!
Supported requests:
- enter a natural number to know its properties;
- enter two natural numbers to obtain the properties of the list:
  * the first parameter represents a starting number;
  * the second parameter shows how many consecutive numbers are to be printed;
- two natural numbers and properties to search for;
- a property preceded by minus must not be present in numbers;
- separate the parameters with one space;
- enter 0 to exit.
Enter a request: > 37 4 spy 89
The property [89] is wrong.
Available properties: [EVEN, ODD, BUZZ, DUCK, PALINDROMIC, GAPFUL, SPY, SQUARE, SUNNY, JUMPING, HAPPY, SAD]
Enter a request: > 0
Goodbye!
?[1;31m
Start test 50?[0m
Welcome to Amazing Numbers!
Supported requests:
- enter a natural number to know its properties;
- enter two natural numbers to obtain the properties of the list:
  * the first parameter represents a starting number;
  * the second parameter shows how many consecutive numbers are to be printed;
- two natural numbers and properties to search for;
- a property preceded by minus must not be present in numbers;
- separate the parameters with one space;
- enter 0 to exit.
Enter a request: > 67 2 DUCK +
The property [+] is wrong.
Available properties: [EVEN, ODD, BUZZ, DUCK, PALINDROMIC, GAPFUL, SPY, SQUARE, SUNNY, JUMPING, HAPPY, SAD]
Enter a request: > 0
Goodbye!
?[1;31m
Start test 51?[0m
Welcome to Amazing Numbers!
Supported requests:
- enter a natural number to know its properties;
- enter two natural numbers to obtain the properties of the list:
  * the first parameter represents a starting number;
  * the second parameter shows how many consecutive numbers are to be printed;
- two natural numbers and properties to search for;
- a property preceded by minus must not be present in numbers;
- separate the parameters with one space;
- enter 0 to exit.
Enter a request: > 1 10 boy friend
The properties [BOY, FRIEND] are wrong.
Available properties: [EVEN, ODD, BUZZ, DUCK, PALINDROMIC, GAPFUL, SPY, SQUARE, SUNNY, JUMPING, HAPPY, SAD]
Enter a request: > 0
Goodbye!
?[1;31m
Start test 52?[0m
Welcome to Amazing Numbers!
Supported requests:
- enter a natural number to know its properties;
- enter two natural numbers to obtain the properties of the list:
  * the first parameter represents a starting number;
  * the second parameter shows how many consecutive numbers are to be printed;
- two natural numbers and properties to search for;
- a property preceded by minus must not be present in numbers;
- separate the parameters with one space;
- enter 0 to exit.
Enter a request: > 40 2 long day
The properties [LONG, DAY] are wrong.
Available properties: [EVEN, ODD, BUZZ, DUCK, PALINDROMIC, GAPFUL, SPY, SQUARE, SUNNY, JUMPING, HAPPY, SAD]
Enter a request: > 0
Goodbye!
?[1;31m
Start test 53?[0m
Welcome to Amazing Numbers!
Supported requests:
- enter a natural number to know its properties;
- enter two natural numbers to obtain the properties of the list:
  * the first parameter represents a starting number;
  * the second parameter shows how many consecutive numbers are to be printed;
- two natural numbers and properties to search for;
- a property preceded by minus must not be present in numbers;
- separate the parameters with one space;
- enter 0 to exit.
Enter a request: > 37 4 hot girl
The properties [HOT, GIRL] are wrong.
Available properties: [EVEN, ODD, BUZZ, DUCK, PALINDROMIC, GAPFUL, SPY, SQUARE, SUNNY, JUMPING, HAPPY, SAD]
Enter a request: > 0
Goodbye!
?[1;31m
Start test 54?[0m
Welcome to Amazing Numbers!
Supported requests:
- enter a natural number to know its properties;
- enter two natural numbers to obtain the properties of the list:
  * the first parameter represents a starting number;
  * the second parameter shows how many consecutive numbers are to be printed;
- two natural numbers and properties to search for;
- a property preceded by minus must not be present in numbers;
- separate the parameters with one space;
- enter 0 to exit.
Enter a request: > 67 2 strong drake
The properties [STRONG, DRAKE] are wrong.
Available properties: [EVEN, ODD, BUZZ, DUCK, PALINDROMIC, GAPFUL, SPY, SQUARE, SUNNY, JUMPING, HAPPY, SAD]
Enter a request: > 0
Goodbye!
?[1;31m
Start test 55?[0m
Welcome to Amazing Numbers!
Supported requests:
- enter a natural number to know its properties;
- enter two natural numbers to obtain the properties of the list:
  * the first parameter represents a starting number;
  * the second parameter shows how many consecutive numbers are to be printed;
- two natural numbers and properties to search for;
- a property preceded by minus must not be present in numbers;
- separate the parameters with one space;
- enter 0 to exit.
Enter a request: > 1 7 even spy
2 is palindromic, spy, jumping, even, sad
4 is palindromic, spy, square, jumping, even, sad
6 is palindromic, spy, jumping, even, sad
8 is palindromic, spy, sunny, jumping, even, sad
22 is palindromic, spy, even, sad
132 is gapful, spy, even, sad
312 is spy, even, sad
Enter a request: > 0
Goodbye!
?[1;31m
Start test 56?[0m
Welcome to Amazing Numbers!
Supported requests:
- enter a natural number to know its properties;
- enter two natural numbers to obtain the properties of the list:
  * the first parameter represents a starting number;
  * the second parameter shows how many consecutive numbers are to be printed;
- two natural numbers and properties to search for;
- a property preceded by minus must not be present in numbers;
- separate the parameters with one space;
- enter 0 to exit.
Enter a request: > 1 10 odd buzz
7 is buzz, palindromic, spy, jumping, odd, happy
17 is buzz, odd, sad
21 is buzz, jumping, odd, sad
27 is buzz, odd, sad
35 is buzz, sunny, odd, sad
37 is buzz, odd, sad
47 is buzz, odd, sad
49 is buzz, square, odd, happy
57 is buzz, odd, sad
63 is buzz, sunny, odd, sad
Enter a request: > 0
Goodbye!
?[1;31m
Start test 57?[0m
Welcome to Amazing Numbers!
Supported requests:
- enter a natural number to know its properties;
- enter two natural numbers to obtain the properties of the list:
  * the first parameter represents a starting number;
  * the second parameter shows how many consecutive numbers are to be printed;
- two natural numbers and properties to search for;
- a property preceded by minus must not be present in numbers;
- separate the parameters with one space;
- enter 0 to exit.
Enter a request: > 1 9 buzz gapful
105 is buzz, duck, gapful, odd, sad
140 is buzz, duck, gapful, even, sad
154 is buzz, gapful, even, sad
187 is buzz, gapful, odd, sad
231 is buzz, gapful, spy, odd, sad
280 is buzz, duck, gapful, even, happy
297 is buzz, gapful, odd, sad
315 is buzz, gapful, odd, sad
385 is buzz, gapful, odd, sad
Enter a request: > 0
Goodbye!
?[1;31m
Start test 58?[0m
Welcome to Amazing Numbers!
Supported requests:
- enter a natural number to know its properties;
- enter two natural numbers to obtain the properties of the list:
  * the first parameter represents a starting number;
  * the second parameter shows how many consecutive numbers are to be printed;
- two natural numbers and properties to search for;
- a property preceded by minus must not be present in numbers;
- separate the parameters with one space;
- enter 0 to exit.
Enter a request: > 1 10 spy buzz
7 is buzz, palindromic, spy, jumping, odd, happy
231 is buzz, gapful, spy, odd, sad
1421 is buzz, spy, odd, sad
2114 is buzz, spy, even, sad
15211 is buzz, spy, odd, happy
21511 is buzz, spy, odd, happy
22211 is buzz, spy, odd, sad
31311 is buzz, spy, odd, sad
51121 is buzz, spy, odd, happy
111216 is buzz, gapful, spy, even, happy
Enter a request: > 0
Goodbye!
?[1;31m
Start test 59?[0m
Welcome to Amazing Numbers!
Supported requests:
- enter a natural number to know its properties;
- enter two natural numbers to obtain the properties of the list:
  * the first parameter represents a starting number;
  * the second parameter shows how many consecutive numbers are to be printed;
- two natural numbers and properties to search for;
- a property preceded by minus must not be present in numbers;
- separate the parameters with one space;
- enter 0 to exit.
Enter a request: > 100000 2 even spy
111126 is spy, even, happy
111162 is spy, even, happy
Enter a request: > 0
Goodbye!
?[1;31m
Start test 60?[0m
Welcome to Amazing Numbers!
Supported requests:
- enter a natural number to know its properties;
- enter two natural numbers to obtain the properties of the list:
  * the first parameter represents a starting number;
  * the second parameter shows how many consecutive numbers are to be printed;
- two natural numbers and properties to search for;
- a property preceded by minus must not be present in numbers;
- separate the parameters with one space;
- enter 0 to exit.
Enter a request: > 100 4 odd gapful
105 is buzz, duck, gapful, odd, sad
121 is palindromic, gapful, square, jumping, odd, sad
135 is gapful, odd, sad
143 is gapful, sunny, odd, sad
Enter a request: > 0
Goodbye!
?[1;31m
Start test 61?[0m
Welcome to Amazing Numbers!
Supported requests:
- enter a natural number to know its properties;
- enter two natural numbers to obtain the properties of the list:
  * the first parameter represents a starting number;
  * the second parameter shows how many consecutive numbers are to be printed;
- two natural numbers and properties to search for;
- a property preceded by minus must not be present in numbers;
- separate the parameters with one space;
- enter 0 to exit.
Enter a request: > 2000 4 palindromic duck
2002 is buzz, duck, palindromic, gapful, even, sad
3003 is buzz, duck, palindromic, gapful, odd, sad
4004 is buzz, duck, palindromic, gapful, even, happy
5005 is buzz, duck, palindromic, gapful, odd, sad
Enter a request: > 0
Goodbye!
?[1;31m
Start test 62?[0m
Welcome to Amazing Numbers!
Supported requests:
- enter a natural number to know its properties;
- enter two natural numbers to obtain the properties of the list:
  * the first parameter represents a starting number;
  * the second parameter shows how many consecutive numbers are to be printed;
- two natural numbers and properties to search for;
- a property preceded by minus must not be present in numbers;
- separate the parameters with one space;
- enter 0 to exit.
Enter a request: > 26534 3 buzz evens palindromic
The property [EVENS] is wrong.
Available properties: [EVEN, ODD, BUZZ, DUCK, PALINDROMIC, GAPFUL, SPY, SQUARE, SUNNY, JUMPING, HAPPY, SAD]
Enter a request: > 0
Goodbye!
?[1;31m
Start test 63?[0m
Welcome to Amazing Numbers!
Supported requests:
- enter a natural number to know its properties;
- enter two natural numbers to obtain the properties of the list:
  * the first parameter represents a starting number;
  * the second parameter shows how many consecutive numbers are to be printed;
- two natural numbers and properties to search for;
- a property preceded by minus must not be present in numbers;
- separate the parameters with one space;
- enter 0 to exit.
Enter a request: > 4384 2 odd -buzz -palindromic shiny gapful
The property [SHINY] is wrong.
Available properties: [EVEN, ODD, BUZZ, DUCK, PALINDROMIC, GAPFUL, SPY, SQUARE, SUNNY, JUMPING, HAPPY, SAD]
Enter a request: > 0
Goodbye!
?[1;31m
Start test 64?[0m
Welcome to Amazing Numbers!
Supported requests:
- enter a natural number to know its properties;
- enter two natural numbers to obtain the properties of the list:
  * the first parameter represents a starting number;
  * the second parameter shows how many consecutive numbers are to be printed;
- two natural numbers and properties to search for;
- a property preceded by minus must not be present in numbers;
- separate the parameters with one space;
- enter 0 to exit.
Enter a request: > 1 7 hot sunny odd odd -even
The property [HOT] is wrong.
Available properties: [EVEN, ODD, BUZZ, DUCK, PALINDROMIC, GAPFUL, SPY, SQUARE, SUNNY, JUMPING, HAPPY, SAD]
Enter a request: > 0
Goodbye!
?[1;31m
Start test 65?[0m
Welcome to Amazing Numbers!
Supported requests:
- enter a natural number to know its properties;
- enter two natural numbers to obtain the properties of the list:
  * the first parameter represents a starting number;
  * the second parameter shows how many consecutive numbers are to be printed;
- two natural numbers and properties to search for;
- a property preceded by minus must not be present in numbers;
- separate the parameters with one space;
- enter 0 to exit.
Enter a request: > 78343 4 sunny -duck mac odd
The property [MAC] is wrong.
Available properties: [EVEN, ODD, BUZZ, DUCK, PALINDROMIC, GAPFUL, SPY, SQUARE, SUNNY, JUMPING, HAPPY, SAD]
Enter a request: > 0
Goodbye!
?[1;31m
Start test 66?[0m
Welcome to Amazing Numbers!
Supported requests:
- enter a natural number to know its properties;
- enter two natural numbers to obtain the properties of the list:
  * the first parameter represents a starting number;
  * the second parameter shows how many consecutive numbers are to be printed;
- two natural numbers and properties to search for;
- a property preceded by minus must not be present in numbers;
- separate the parameters with one space;
- enter 0 to exit.
Enter a request: > 3 4 -even -sunny -hot
The property [-HOT] is wrong.
Available properties: [EVEN, ODD, BUZZ, DUCK, PALINDROMIC, GAPFUL, SPY, SQUARE, SUNNY, JUMPING, HAPPY, SAD]
Enter a request: > 0
Goodbye!
?[1;31m
Start test 67?[0m
Welcome to Amazing Numbers!
Supported requests:
- enter a natural number to know its properties;
- enter two natural numbers to obtain the properties of the list:
  * the first parameter represents a starting number;
  * the second parameter shows how many consecutive numbers are to be printed;
- two natural numbers and properties to search for;
- a property preceded by minus must not be present in numbers;
- separate the parameters with one space;
- enter 0 to exit.
Enter a request: > 1 7 odd spy palindromic
1 is palindromic, spy, square, jumping, odd, happy
3 is palindromic, spy, sunny, jumping, odd, sad
5 is palindromic, spy, jumping, odd, sad
7 is buzz, palindromic, spy, jumping, odd, happy
9 is palindromic, spy, square, jumping, odd, sad
12221 is palindromic, gapful, spy, odd, sad
13131 is palindromic, spy, odd, sad
Enter a request: > 0
Goodbye!
?[1;31m
Start test 68?[0m
Welcome to Amazing Numbers!
Supported requests:
- enter a natural number to know its properties;
- enter two natural numbers to obtain the properties of the list:
  * the first parameter represents a starting number;
  * the second parameter shows how many consecutive numbers are to be printed;
- two natural numbers and properties to search for;
- a property preceded by minus must not be present in numbers;
- separate the parameters with one space;
- enter 0 to exit.
Enter a request: > 1 10 even palindromic duck buzz
2002 is buzz, duck, palindromic, gapful, even, sad
4004 is buzz, duck, palindromic, gapful, even, happy
6006 is buzz, duck, palindromic, gapful, even, sad
8008 is buzz, duck, palindromic, gapful, even, sad
20202 is buzz, duck, palindromic, even, sad
20902 is buzz, duck, palindromic, even, sad
22022 is buzz, duck, palindromic, gapful, even, sad
29092 is buzz, duck, palindromic, even, sad
40404 is buzz, duck, palindromic, even, sad
44044 is buzz, duck, palindromic, gapful, even, sad
Enter a request: > 0
Goodbye!
?[1;31m
Start test 69?[0m
Welcome to Amazing Numbers!
Supported requests:
- enter a natural number to know its properties;
- enter two natural numbers to obtain the properties of the list:
  * the first parameter represents a starting number;
  * the second parameter shows how many consecutive numbers are to be printed;
- two natural numbers and properties to search for;
- a property preceded by minus must not be present in numbers;
- separate the parameters with one space;
- enter 0 to exit.
Enter a request: > 1 9 even palindromic duck buzz gapful
2002 is buzz, duck, palindromic, gapful, even, sad
4004 is buzz, duck, palindromic, gapful, even, happy
6006 is buzz, duck, palindromic, gapful, even, sad
8008 is buzz, duck, palindromic, gapful, even, sad
22022 is buzz, duck, palindromic, gapful, even, sad
44044 is buzz, duck, palindromic, gapful, even, sad
66066 is buzz, duck, palindromic, gapful, even, sad
88088 is buzz, duck, palindromic, gapful, even, sad
202202 is buzz, duck, palindromic, gapful, even, sad
Enter a request: > 0
Goodbye!
?[1;31m
Start test 70?[0m
Welcome to Amazing Numbers!
Supported requests:
- enter a natural number to know its properties;
- enter two natural numbers to obtain the properties of the list:
  * the first parameter represents a starting number;
  * the second parameter shows how many consecutive numbers are to be printed;
- two natural numbers and properties to search for;
- a property preceded by minus must not be present in numbers;
- separate the parameters with one space;
- enter 0 to exit.
Enter a request: > 1 10 even sunny duck buzz gapful
1680 is buzz, duck, gapful, sunny, even, sad
4760 is buzz, duck, gapful, sunny, even, sad
9408 is buzz, duck, gapful, sunny, even, sad
12320 is buzz, duck, gapful, sunny, even, sad
19320 is buzz, duck, gapful, sunny, even, sad
19880 is buzz, duck, gapful, sunny, even, sad
23408 is buzz, duck, gapful, sunny, even, sad
24024 is buzz, duck, gapful, sunny, even, sad
28560 is buzz, duck, gapful, sunny, even, happy
32760 is buzz, duck, gapful, sunny, even, sad
Enter a request: > 0
Goodbye!
?[1;31m
Start test 71?[0m
Welcome to Amazing Numbers!
Supported requests:
- enter a natural number to know its properties;
- enter two natural numbers to obtain the properties of the list:
  * the first parameter represents a starting number;
  * the second parameter shows how many consecutive numbers are to be printed;
- two natural numbers and properties to search for;
- a property preceded by minus must not be present in numbers;
- separate the parameters with one space;
- enter 0 to exit.
Enter a request: > 100000 2 even spy buzz gapful
111216 is buzz, gapful, spy, even, happy
161112 is buzz, gapful, spy, even, happy
Enter a request: > 0
Goodbye!
?[1;31m
Start test 72?[0m
Welcome to Amazing Numbers!
Supported requests:
- enter a natural number to know its properties;
- enter two natural numbers to obtain the properties of the list:
  * the first parameter represents a starting number;
  * the second parameter shows how many consecutive numbers are to be printed;
- two natural numbers and properties to search for;
- a property preceded by minus must not be present in numbers;
- separate the parameters with one space;
- enter 0 to exit.
Enter a request: > 100 4 odd spy gapful
231 is buzz, gapful, spy, odd, sad
12221 is palindromic, gapful, spy, odd, sad
216111 is buzz, gapful, spy, odd, happy
1111341 is buzz, gapful, spy, odd, sad
Enter a request: > 0
Goodbye!
?[1;31m
Start test 73?[0m
Welcome to Amazing Numbers!
Supported requests:
- enter a natural number to know its properties;
- enter two natural numbers to obtain the properties of the list:
  * the first parameter represents a starting number;
  * the second parameter shows how many consecutive numbers are to be printed;
- two natural numbers and properties to search for;
- a property preceded by minus must not be present in numbers;
- separate the parameters with one space;
- enter 0 to exit.
Enter a request: > 2000 4 even palindromic duck
2002 is buzz, duck, palindromic, gapful, even, sad
4004 is buzz, duck, palindromic, gapful, even, happy
6006 is buzz, duck, palindromic, gapful, even, sad
8008 is buzz, duck, palindromic, gapful, even, sad
Enter a request: > 0
Goodbye!
?[1;31m
Start test 74?[0m
Welcome to Amazing Numbers!
Supported requests:
- enter a natural number to know its properties;
- enter two natural numbers to obtain the properties of the list:
  * the first parameter represents a starting number;
  * the second parameter shows how many consecutive numbers are to be printed;
- two natural numbers and properties to search for;
- a property preceded by minus must not be present in numbers;
- separate the parameters with one space;
- enter 0 to exit.
Enter a request: > 1 15 odd spy -duck spy buzz
7 is buzz, palindromic, spy, jumping, odd, happy
231 is buzz, gapful, spy, odd, sad
1421 is buzz, spy, odd, sad
15211 is buzz, spy, odd, happy
21511 is buzz, spy, odd, happy
22211 is buzz, spy, odd, sad
31311 is buzz, spy, odd, sad
51121 is buzz, spy, odd, happy
112161 is buzz, spy, odd, happy
121611 is buzz, spy, odd, happy
216111 is buzz, gapful, spy, odd, happy
611121 is buzz, spy, odd, happy
1111127 is buzz, spy, odd, sad
1111217 is buzz, spy, odd, sad
1111271 is buzz, spy, odd, sad
Enter a request: > 0
Goodbye!
?[1;31m
Start test 75?[0m
Welcome to Amazing Numbers!
Supported requests:
- enter a natural number to know its properties;
- enter two natural numbers to obtain the properties of the list:
  * the first parameter represents a starting number;
  * the second parameter shows how many consecutive numbers are to be printed;
- two natural numbers and properties to search for;
- a property preceded by minus must not be present in numbers;
- separate the parameters with one space;
- enter 0 to exit.
Enter a request: > 1 2 jumping happy -spy
10 is duck, jumping, even, happy
23 is jumping, odd, happy
Enter a request: > 0
Goodbye!
?[1;31m
Start test 76?[0m
Welcome to Amazing Numbers!
Supported requests:
- enter a natural number to know its properties;
- enter two natural numbers to obtain the properties of the list:
  * the first parameter represents a starting number;
  * the second parameter shows how many consecutive numbers are to be printed;
- two natural numbers and properties to search for;
- a property preceded by minus must not be present in numbers;
- separate the parameters with one space;
- enter 0 to exit.
Enter a request: > 5 1 odd even
The request contains mutually exclusive properties: [EVEN, ODD]
There are no numbers with these properties.
Enter a request: > 0
Goodbye!
?[1;31m
Start test 77?[0m
Welcome to Amazing Numbers!
Supported requests:
- enter a natural number to know its properties;
- enter two natural numbers to obtain the properties of the list:
  * the first parameter represents a starting number;
  * the second parameter shows how many consecutive numbers are to be printed;
- two natural numbers and properties to search for;
- a property preceded by minus must not be present in numbers;
- separate the parameters with one space;
- enter 0 to exit.
Enter a request: > 4 3 even odd
The request contains mutually exclusive properties: [EVEN, ODD]
There are no numbers with these properties.
Enter a request: > 0
Goodbye!
?[1;31m
Start test 78?[0m
Welcome to Amazing Numbers!
Supported requests:
- enter a natural number to know its properties;
- enter two natural numbers to obtain the properties of the list:
  * the first parameter represents a starting number;
  * the second parameter shows how many consecutive numbers are to be printed;
- two natural numbers and properties to search for;
- a property preceded by minus must not be present in numbers;
- separate the parameters with one space;
- enter 0 to exit.
Enter a request: > 32 2 sunny square
The request contains mutually exclusive properties: [SUNNY, SQUARE]
There are no numbers with these properties.
Enter a request: > 0
Goodbye!
?[1;31m
Start test 79?[0m
Welcome to Amazing Numbers!
Supported requests:
- enter a natural number to know its properties;
- enter two natural numbers to obtain the properties of the list:
  * the first parameter represents a starting number;
  * the second parameter shows how many consecutive numbers are to be printed;
- two natural numbers and properties to search for;
- a property preceded by minus must not be present in numbers;
- separate the parameters with one space;
- enter 0 to exit.
Enter a request: > 3153 2 spy duck
The request contains mutually exclusive properties: [DUCK, SPY]
There are no numbers with these properties.
Enter a request: > 0
Goodbye!
?[1;31m
Start test 80?[0m
Welcome to Amazing Numbers!
Supported requests:
- enter a natural number to know its properties;
- enter two natural numbers to obtain the properties of the list:
  * the first parameter represents a starting number;
  * the second parameter shows how many consecutive numbers are to be printed;
- two natural numbers and properties to search for;
- a property preceded by minus must not be present in numbers;
- separate the parameters with one space;
- enter 0 to exit.
Enter a request: > 6 7 duck spy
The request contains mutually exclusive properties: [DUCK, SPY]
There are no numbers with these properties.
Enter a request: > 0
Goodbye!
?[1;31m
Start test 81?[0m
Welcome to Amazing Numbers!
Supported requests:
- enter a natural number to know its properties;
- enter two natural numbers to obtain the properties of the list:
  * the first parameter represents a starting number;
  * the second parameter shows how many consecutive numbers are to be printed;
- two natural numbers and properties to search for;
- a property preceded by minus must not be present in numbers;
- separate the parameters with one space;
- enter 0 to exit.
Enter a request: > 1 2 spy odd sunny even
The request contains mutually exclusive properties: [EVEN, ODD]
There are no numbers with these properties.
Enter a request: > 0
Goodbye!
?[1;31m
Start test 82?[0m
Welcome to Amazing Numbers!
Supported requests:
- enter a natural number to know its properties;
- enter two natural numbers to obtain the properties of the list:
  * the first parameter represents a starting number;
  * the second parameter shows how many consecutive numbers are to be printed;
- two natural numbers and properties to search for;
- a property preceded by minus must not be present in numbers;
- separate the parameters with one space;
- enter 0 to exit.
Enter a request: > 7 2 sunny even duck buzz square
The request contains mutually exclusive properties: [SUNNY, SQUARE]
There are no numbers with these properties.
Enter a request: > 0
Goodbye!
?[1;31m
Start test 83?[0m
Welcome to Amazing Numbers!
Supported requests:
- enter a natural number to know its properties;
- enter two natural numbers to obtain the properties of the list:
  * the first parameter represents a starting number;
  * the second parameter shows how many consecutive numbers are to be printed;
- two natural numbers and properties to search for;
- a property preceded by minus must not be present in numbers;
- separate the parameters with one space;
- enter 0 to exit.
Enter a request: > 9 5 even spy buzz duck
The request contains mutually exclusive properties: [DUCK, SPY]
There are no numbers with these properties.
Enter a request: > 0
Goodbye!
?[1;31m
Start test 84?[0m
Welcome to Amazing Numbers!
Supported requests:
- enter a natural number to know its properties;
- enter two natural numbers to obtain the properties of the list:
  * the first parameter represents a starting number;
  * the second parameter shows how many consecutive numbers are to be printed;
- two natural numbers and properties to search for;
- a property preceded by minus must not be present in numbers;
- separate the parameters with one space;
- enter 0 to exit.
Enter a request: > 6 6 -odd -even
The request contains mutually exclusive properties: [-EVEN, -ODD]
There are no numbers with these properties.
Enter a request: > 0
Goodbye!
?[1;31m
Start test 85?[0m
Welcome to Amazing Numbers!
Supported requests:
- enter a natural number to know its properties;
- enter two natural numbers to obtain the properties of the list:
  * the first parameter represents a starting number;
  * the second parameter shows how many consecutive numbers are to be printed;
- two natural numbers and properties to search for;
- a property preceded by minus must not be present in numbers;
- separate the parameters with one space;
- enter 0 to exit.
Enter a request: > 6 7 odd -odd
The request contains mutually exclusive properties: [ODD, -ODD]
There are no numbers with these properties.
Enter a request: > 0
Goodbye!
?[1;31m
Start test 86?[0m
Welcome to Amazing Numbers!
Supported requests:
- enter a natural number to know its properties;
- enter two natural numbers to obtain the properties of the list:
  * the first parameter represents a starting number;
  * the second parameter shows how many consecutive numbers are to be printed;
- two natural numbers and properties to search for;
- a property preceded by minus must not be present in numbers;
- separate the parameters with one space;
- enter 0 to exit.
Enter a request: > 8 1 -even even
The request contains mutually exclusive properties: [EVEN, -EVEN]
There are no numbers with these properties.
Enter a request: > 0
Goodbye!
?[1;31m
Start test 87?[0m
Welcome to Amazing Numbers!
Supported requests:
- enter a natural number to know its properties;
- enter two natural numbers to obtain the properties of the list:
  * the first parameter represents a starting number;
  * the second parameter shows how many consecutive numbers are to be printed;
- two natural numbers and properties to search for;
- a property preceded by minus must not be present in numbers;
- separate the parameters with one space;
- enter 0 to exit.
Enter a request: > 3 5 odd duck buzz -duck sunny
The request contains mutually exclusive properties: [DUCK, -DUCK, DUCK, -DUCK]
There are no numbers with these properties.
Enter a request: > 0
Goodbye!
?[1;31m
Start test 88?[0m
Welcome to Amazing Numbers!
Supported requests:
- enter a natural number to know its properties;
- enter two natural numbers to obtain the properties of the list:
  * the first parameter represents a starting number;
  * the second parameter shows how many consecutive numbers are to be printed;
- two natural numbers and properties to search for;
- a property preceded by minus must not be present in numbers;
- separate the parameters with one space;
- enter 0 to exit.
Enter a request: > 1 15 -EVEN
1 is palindromic, spy, square, jumping, odd, happy
3 is palindromic, spy, sunny, jumping, odd, sad
5 is palindromic, spy, jumping, odd, sad
7 is buzz, palindromic, spy, jumping, odd, happy
9 is palindromic, spy, square, jumping, odd, sad
11 is palindromic, odd, sad
13 is odd, happy
15 is sunny, odd, sad
17 is buzz, odd, sad
19 is odd, happy
21 is buzz, jumping, odd, sad
23 is jumping, odd, happy
25 is square, odd, sad
27 is buzz, odd, sad
29 is odd, sad
Enter a request: > 1 15 -ODD
2 is palindromic, spy, jumping, even, sad
4 is palindromic, spy, square, jumping, even, sad
6 is palindromic, spy, jumping, even, sad
8 is palindromic, spy, sunny, jumping, even, sad
10 is duck, jumping, even, happy
12 is jumping, even, sad
14 is buzz, even, sad
16 is square, even, sad
18 is even, sad
20 is duck, even, sad
22 is palindromic, spy, even, sad
24 is sunny, even, sad
26 is even, sad
28 is buzz, even, happy
30 is duck, even, sad
Enter a request: > 1 15 -BUZZ
1 is palindromic, spy, square, jumping, odd, happy
2 is palindromic, spy, jumping, even, sad
3 is palindromic, spy, sunny, jumping, odd, sad
4 is palindromic, spy, square, jumping, even, sad
5 is palindromic, spy, jumping, odd, sad
6 is palindromic, spy, jumping, even, sad
8 is palindromic, spy, sunny, jumping, even, sad
9 is palindromic, spy, square, jumping, odd, sad
10 is duck, jumping, even, happy
11 is palindromic, odd, sad
12 is jumping, even, sad
13 is odd, happy
15 is sunny, odd, sad
16 is square, even, sad
18 is even, sad
Enter a request: > 1 15 -DUCK
1 is palindromic, spy, square, jumping, odd, happy
2 is palindromic, spy, jumping, even, sad
3 is palindromic, spy, sunny, jumping, odd, sad
4 is palindromic, spy, square, jumping, even, sad
5 is palindromic, spy, jumping, odd, sad
6 is palindromic, spy, jumping, even, sad
7 is buzz, palindromic, spy, jumping, odd, happy
8 is palindromic, spy, sunny, jumping, even, sad
9 is palindromic, spy, square, jumping, odd, sad
11 is palindromic, odd, sad
12 is jumping, even, sad
13 is odd, happy
14 is buzz, even, sad
15 is sunny, odd, sad
16 is square, even, sad
Enter a request: > 1 15 -PALINDROMIC
10 is duck, jumping, even, happy
12 is jumping, even, sad
13 is odd, happy
14 is buzz, even, sad
15 is sunny, odd, sad
16 is square, even, sad
17 is buzz, odd, sad
18 is even, sad
19 is odd, happy
20 is duck, even, sad
21 is buzz, jumping, odd, sad
23 is jumping, odd, happy
24 is sunny, even, sad
25 is square, odd, sad
26 is even, sad
Enter a request: > 1 15 -GAPFUL
1 is palindromic, spy, square, jumping, odd, happy
2 is palindromic, spy, jumping, even, sad
3 is palindromic, spy, sunny, jumping, odd, sad
4 is palindromic, spy, square, jumping, even, sad
5 is palindromic, spy, jumping, odd, sad
6 is palindromic, spy, jumping, even, sad
7 is buzz, palindromic, spy, jumping, odd, happy
8 is palindromic, spy, sunny, jumping, even, sad
9 is palindromic, spy, square, jumping, odd, sad
10 is duck, jumping, even, happy
11 is palindromic, odd, sad
12 is jumping, even, sad
13 is odd, happy
14 is buzz, even, sad
15 is sunny, odd, sad
Enter a request: > 1 15 -SPY
10 is duck, jumping, even, happy
11 is palindromic, odd, sad
12 is jumping, even, sad
13 is odd, happy
14 is buzz, even, sad
15 is sunny, odd, sad
16 is square, even, sad
17 is buzz, odd, sad
18 is even, sad
19 is odd, happy
20 is duck, even, sad
21 is buzz, jumping, odd, sad
23 is jumping, odd, happy
24 is sunny, even, sad
25 is square, odd, sad
Enter a request: > 1 15 -SQUARE
2 is palindromic, spy, jumping, even, sad
3 is palindromic, spy, sunny, jumping, odd, sad
5 is palindromic, spy, jumping, odd, sad
6 is palindromic, spy, jumping, even, sad
7 is buzz, palindromic, spy, jumping, odd, happy
8 is palindromic, spy, sunny, jumping, even, sad
10 is duck, jumping, even, happy
11 is palindromic, odd, sad
12 is jumping, even, sad
13 is odd, happy
14 is buzz, even, sad
15 is sunny, odd, sad
17 is buzz, odd, sad
18 is even, sad
19 is odd, happy
Enter a request: > 1 15 -SUNNY
1 is palindromic, spy, square, jumping, odd, happy
2 is palindromic, spy, jumping, even, sad
4 is palindromic, spy, square, jumping, even, sad
5 is palindromic, spy, jumping, odd, sad
6 is palindromic, spy, jumping, even, sad
7 is buzz, palindromic, spy, jumping, odd, happy
9 is palindromic, spy, square, jumping, odd, sad
10 is duck, jumping, even, happy
11 is palindromic, odd, sad
12 is jumping, even, sad
13 is odd, happy
14 is buzz, even, sad
16 is square, even, sad
17 is buzz, odd, sad
18 is even, sad
Enter a request: > 1 15 -JUMPING
11 is palindromic, odd, sad
13 is odd, happy
14 is buzz, even, sad
15 is sunny, odd, sad
16 is square, even, sad
17 is buzz, odd, sad
18 is even, sad
19 is odd, happy
20 is duck, even, sad
22 is palindromic, spy, even, sad
24 is sunny, even, sad
25 is square, odd, sad
26 is even, sad
27 is buzz, odd, sad
28 is buzz, even, happy
Enter a request: > 1 15 -HAPPY
2 is palindromic, spy, jumping, even, sad
3 is palindromic, spy, sunny, jumping, odd, sad
4 is palindromic, spy, square, jumping, even, sad
5 is palindromic, spy, jumping, odd, sad
6 is palindromic, spy, jumping, even, sad
8 is palindromic, spy, sunny, jumping, even, sad
9 is palindromic, spy, square, jumping, odd, sad
11 is palindromic, odd, sad
12 is jumping, even, sad
14 is buzz, even, sad
15 is sunny, odd, sad
16 is square, even, sad
17 is buzz, odd, sad
18 is even, sad
20 is duck, even, sad
Enter a request: > 1 15 -SAD
1 is palindromic, spy, square, jumping, odd, happy
7 is buzz, palindromic, spy, jumping, odd, happy
10 is duck, jumping, even, happy
13 is odd, happy
19 is odd, happy
23 is jumping, odd, happy
28 is buzz, even, happy
31 is odd, happy
32 is jumping, even, happy
44 is palindromic, even, happy
49 is buzz, square, odd, happy
68 is even, happy
70 is buzz, duck, even, happy
79 is odd, happy
82 is even, happy
Enter a request: > 0
Goodbye!
]]></system-out>
  <system-err><![CDATA[]]></system-err>
</testsuite>
