<?xml version="1.0" encoding="UTF-8"?>
<testsuite name="NumbersTest" tests="1" skipped="0" failures="0" errors="0" timestamp="2022-07-16T16:05:37" hostname="Devins-MacBook-Air.local" time="1.894">
  <properties/>
  <testcase name="start" classname="NumbersTest" time="1.894"/>
  <system-out><![CDATA[?[1;31m
Start test 1?[0m
Welcome to Amazing Numbers!
Supported requests:
- enter a natural number to know its properties;
- enter two natural numbers to obtain the properties of the list:
  * the first parameter represents a starting number;
  * the second parameter shows how many consecutive numbers are to be printed;
- two natural numbers and properties to search for;
- separate the parameters with one space;
- enter 0 to exit.
Enter a request: > 0
Goodbye!
?[1;31m
Start test 2?[0m
Welcome to Amazing Numbers!
Supported requests:
- enter a natural number to know its properties;
- enter two natural numbers to obtain the properties of the list:
  * the first parameter represents a starting number;
  * the second parameter shows how many consecutive numbers are to be printed;
- two natural numbers and properties to search for;
- separate the parameters with one space;
- enter 0 to exit.
Enter a request: > -6
The first parameter should be a natural number or zero.
Enter a request: > 0
Goodbye!
?[1;31m
Start test 3?[0m
Welcome to Amazing Numbers!
Supported requests:
- enter a natural number to know its properties;
- enter two natural numbers to obtain the properties of the list:
  * the first parameter represents a starting number;
  * the second parameter shows how many consecutive numbers are to be printed;
- two natural numbers and properties to search for;
- separate the parameters with one space;
- enter 0 to exit.
Enter a request: > -22
The first parameter should be a natural number or zero.
Enter a request: > 0
Goodbye!
?[1;31m
Start test 4?[0m
Welcome to Amazing Numbers!
Supported requests:
- enter a natural number to know its properties;
- enter two natural numbers to obtain the properties of the list:
  * the first parameter represents a starting number;
  * the second parameter shows how many consecutive numbers are to be printed;
- two natural numbers and properties to search for;
- separate the parameters with one space;
- enter 0 to exit.
Enter a request: > -74
The first parameter should be a natural number or zero.
Enter a request: > 0
Goodbye!
?[1;31m
Start test 5?[0m
Welcome to Amazing Numbers!
Supported requests:
- enter a natural number to know its properties;
- enter two natural numbers to obtain the properties of the list:
  * the first parameter represents a starting number;
  * the second parameter shows how many consecutive numbers are to be printed;
- two natural numbers and properties to search for;
- separate the parameters with one space;
- enter 0 to exit.
Enter a request: > -54
The first parameter should be a natural number or zero.
Enter a request: > 0
Goodbye!
?[1;31m
Start test 6?[0m
Welcome to Amazing Numbers!
Supported requests:
- enter a natural number to know its properties;
- enter two natural numbers to obtain the properties of the list:
  * the first parameter represents a starting number;
  * the second parameter shows how many consecutive numbers are to be printed;
- two natural numbers and properties to search for;
- separate the parameters with one space;
- enter 0 to exit.
Enter a request: > -1
The first parameter should be a natural number or zero.
Enter a request: > 0
Goodbye!
?[1;31m
Start test 7?[0m
Welcome to Amazing Numbers!
Supported requests:
- enter a natural number to know its properties;
- enter two natural numbers to obtain the properties of the list:
  * the first parameter represents a starting number;
  * the second parameter shows how many consecutive numbers are to be printed;
- two natural numbers and properties to search for;
- separate the parameters with one space;
- enter 0 to exit.
Enter a request: > 22842 -11597
The second parameter should be a natural number.
Enter a request: > 0
Goodbye!
?[1;31m
Start test 8?[0m
Welcome to Amazing Numbers!
Supported requests:
- enter a natural number to know its properties;
- enter two natural numbers to obtain the properties of the list:
  * the first parameter represents a starting number;
  * the second parameter shows how many consecutive numbers are to be printed;
- two natural numbers and properties to search for;
- separate the parameters with one space;
- enter 0 to exit.
Enter a request: > 24926 -17950
The second parameter should be a natural number.
Enter a request: > 0
Goodbye!
?[1;31m
Start test 9?[0m
Welcome to Amazing Numbers!
Supported requests:
- enter a natural number to know its properties;
- enter two natural numbers to obtain the properties of the list:
  * the first parameter represents a starting number;
  * the second parameter shows how many consecutive numbers are to be printed;
- two natural numbers and properties to search for;
- separate the parameters with one space;
- enter 0 to exit.
Enter a request: > 5371 -15208
The second parameter should be a natural number.
Enter a request: > 0
Goodbye!
?[1;31m
Start test 10?[0m
Welcome to Amazing Numbers!
Supported requests:
- enter a natural number to know its properties;
- enter two natural numbers to obtain the properties of the list:
  * the first parameter represents a starting number;
  * the second parameter shows how many consecutive numbers are to be printed;
- two natural numbers and properties to search for;
- separate the parameters with one space;
- enter 0 to exit.
Enter a request: > 32189 -24255
The second parameter should be a natural number.
Enter a request: > 0
Goodbye!
?[1;31m
Start test 11?[0m
Welcome to Amazing Numbers!
Supported requests:
- enter a natural number to know its properties;
- enter two natural numbers to obtain the properties of the list:
  * the first parameter represents a starting number;
  * the second parameter shows how many consecutive numbers are to be printed;
- two natural numbers and properties to search for;
- separate the parameters with one space;
- enter 0 to exit.
Enter a request: > 32114 -6583
The second parameter should be a natural number.
Enter a request: > 0
Goodbye!
?[1;31m
Start test 12?[0m
Welcome to Amazing Numbers!
Supported requests:
- enter a natural number to know its properties;
- enter two natural numbers to obtain the properties of the list:
  * the first parameter represents a starting number;
  * the second parameter shows how many consecutive numbers are to be printed;
- two natural numbers and properties to search for;
- separate the parameters with one space;
- enter 0 to exit.
Enter a request: > 8860 -32315
The second parameter should be a natural number.
Enter a request: > 0
Goodbye!
?[1;31m
Start test 13?[0m
Welcome to Amazing Numbers!
Supported requests:
- enter a natural number to know its properties;
- enter two natural numbers to obtain the properties of the list:
  * the first parameter represents a starting number;
  * the second parameter shows how many consecutive numbers are to be printed;
- two natural numbers and properties to search for;
- separate the parameters with one space;
- enter 0 to exit.
Enter a request: > 28093 -28893
The second parameter should be a natural number.
Enter a request: > 0
Goodbye!
?[1;31m
Start test 14?[0m
Welcome to Amazing Numbers!
Supported requests:
- enter a natural number to know its properties;
- enter two natural numbers to obtain the properties of the list:
  * the first parameter represents a starting number;
  * the second parameter shows how many consecutive numbers are to be printed;
- two natural numbers and properties to search for;
- separate the parameters with one space;
- enter 0 to exit.
Enter a request: > 410 -10192
The second parameter should be a natural number.
Enter a request: > 0
Goodbye!
?[1;31m
Start test 15?[0m
Welcome to Amazing Numbers!
Supported requests:
- enter a natural number to know its properties;
- enter two natural numbers to obtain the properties of the list:
  * the first parameter represents a starting number;
  * the second parameter shows how many consecutive numbers are to be printed;
- two natural numbers and properties to search for;
- separate the parameters with one space;
- enter 0 to exit.
Enter a request: > 17036 -22274
The second parameter should be a natural number.
Enter a request: > 0
Goodbye!
?[1;31m
Start test 16?[0m
Welcome to Amazing Numbers!
Supported requests:
- enter a natural number to know its properties;
- enter two natural numbers to obtain the properties of the list:
  * the first parameter represents a starting number;
  * the second parameter shows how many consecutive numbers are to be printed;
- two natural numbers and properties to search for;
- separate the parameters with one space;
- enter 0 to exit.
Enter a request: > 7869 -32579
The second parameter should be a natural number.
Enter a request: > 0
Goodbye!
?[1;31m
Start test 17?[0m
Welcome to Amazing Numbers!
Supported requests:
- enter a natural number to know its properties;
- enter two natural numbers to obtain the properties of the list:
  * the first parameter represents a starting number;
  * the second parameter shows how many consecutive numbers are to be printed;
- two natural numbers and properties to search for;
- separate the parameters with one space;
- enter 0 to exit.
Enter a request: > 1
Properties of 1
buzz: false
duck: false
palindromic: true
gapful: false
spy: true
sunny: false
square: true
jumping: true
even: false 
odd: true
Enter a request: > 2
Properties of 2
buzz: false
duck: false
palindromic: true
gapful: false
spy: true
sunny: false
square: false
jumping: true
even: true 
odd: false
Enter a request: > 3
Properties of 3
buzz: false
duck: false
palindromic: true
gapful: false
spy: true
sunny: true
square: false
jumping: true
even: false 
odd: true
Enter a request: > 4
Properties of 4
buzz: false
duck: false
palindromic: true
gapful: false
spy: true
sunny: false
square: true
jumping: true
even: true 
odd: false
Enter a request: > 5
Properties of 5
buzz: false
duck: false
palindromic: true
gapful: false
spy: true
sunny: false
square: false
jumping: true
even: false 
odd: true
Enter a request: > 6
Properties of 6
buzz: false
duck: false
palindromic: true
gapful: false
spy: true
sunny: false
square: false
jumping: true
even: true 
odd: false
Enter a request: > 7
Properties of 7
buzz: true
duck: false
palindromic: true
gapful: false
spy: true
sunny: false
square: false
jumping: true
even: false 
odd: true
Enter a request: > 8
Properties of 8
buzz: false
duck: false
palindromic: true
gapful: false
spy: true
sunny: true
square: false
jumping: true
even: true 
odd: false
Enter a request: > 9
Properties of 9
buzz: false
duck: false
palindromic: true
gapful: false
spy: true
sunny: false
square: true
jumping: true
even: false 
odd: true
Enter a request: > 10
Properties of 10
buzz: false
duck: true
palindromic: false
gapful: false
spy: false
sunny: false
square: false
jumping: true
even: true 
odd: false
Enter a request: > 11
Properties of 11
buzz: false
duck: false
palindromic: true
gapful: false
spy: false
sunny: false
square: false
jumping: false
even: false 
odd: true
Enter a request: > 12
Properties of 12
buzz: false
duck: false
palindromic: false
gapful: false
spy: false
sunny: false
square: false
jumping: true
even: true 
odd: false
Enter a request: > 13
Properties of 13
buzz: false
duck: false
palindromic: false
gapful: false
spy: false
sunny: false
square: false
jumping: false
even: false 
odd: true
Enter a request: > 14
Properties of 14
buzz: true
duck: false
palindromic: false
gapful: false
spy: false
sunny: false
square: false
jumping: false
even: true 
odd: false
Enter a request: > 6605347952329869597
Properties of 6605347952329869597
buzz: true
duck: true
palindromic: false
gapful: false
spy: false
sunny: false
square: false
jumping: false
even: false 
odd: true
Enter a request: > 9184207122474334492
Properties of 9184207122474334492
buzz: false
duck: true
palindromic: false
gapful: false
spy: false
sunny: false
square: false
jumping: false
even: true 
odd: false
Enter a request: > 4177684623576255435
Properties of 4177684623576255435
buzz: true
duck: false
palindromic: false
gapful: true
spy: false
sunny: false
square: false
jumping: false
even: false 
odd: true
Enter a request: > 9069806897269550949
Properties of 9069806897269550949
buzz: false
duck: true
palindromic: false
gapful: false
spy: false
sunny: false
square: false
jumping: false
even: false 
odd: true
Enter a request: > 7568592431974989357
Properties of 7568592431974989357
buzz: true
duck: false
palindromic: false
gapful: false
spy: false
sunny: false
square: false
jumping: false
even: false 
odd: true
Enter a request: > 5465205837572745298
Properties of 5465205837572745298
buzz: false
duck: true
palindromic: false
gapful: false
spy: false
sunny: false
square: false
jumping: false
even: true 
odd: false
Enter a request: > 3019147747578881314
Properties of 3019147747578881314
buzz: false
duck: true
palindromic: false
gapful: false
spy: false
sunny: false
square: false
jumping: false
even: true 
odd: false
Enter a request: > 6916022411513481931
Properties of 6916022411513481931
buzz: true
duck: true
palindromic: false
gapful: false
spy: false
sunny: false
square: false
jumping: false
even: false 
odd: true
Enter a request: > 3851031900580185992
Properties of 3851031900580185992
buzz: false
duck: true
palindromic: false
gapful: false
spy: false
sunny: false
square: false
jumping: false
even: true 
odd: false
Enter a request: > 7674298231159704528
Properties of 7674298231159704528
buzz: false
duck: true
palindromic: false
gapful: false
spy: false
sunny: false
square: false
jumping: false
even: true 
odd: false
Enter a request: > 0
Goodbye!
?[1;31m
Start test 18?[0m
Welcome to Amazing Numbers!
Supported requests:
- enter a natural number to know its properties;
- enter two natural numbers to obtain the properties of the list:
  * the first parameter represents a starting number;
  * the second parameter shows how many consecutive numbers are to be printed;
- two natural numbers and properties to search for;
- separate the parameters with one space;
- enter 0 to exit.
Enter a request: > 1 15
1 is palindromic, spy, square, jumping, odd
2 is palindromic, spy, jumping, even
3 is palindromic, spy, sunny, jumping, odd
4 is palindromic, spy, square, jumping, even
5 is palindromic, spy, jumping, odd
6 is palindromic, spy, jumping, even
7 is buzz, palindromic, spy, jumping, odd
8 is palindromic, spy, sunny, jumping, even
9 is palindromic, spy, square, jumping, odd
10 is duck, jumping, even
11 is palindromic, odd
12 is jumping, even
13 is odd
14 is buzz, even
15 is sunny, odd
Enter a request: > 0
Goodbye!
?[1;31m
Start test 19?[0m
Welcome to Amazing Numbers!
Supported requests:
- enter a natural number to know its properties;
- enter two natural numbers to obtain the properties of the list:
  * the first parameter represents a starting number;
  * the second parameter shows how many consecutive numbers are to be printed;
- two natural numbers and properties to search for;
- separate the parameters with one space;
- enter 0 to exit.
Enter a request: > 5782958469426301424 16
5782958469426301424 is duck, even
5782958469426301425 is duck, odd
5782958469426301426 is duck, even
5782958469426301427 is buzz, duck, odd
5782958469426301428 is duck, even
5782958469426301429 is buzz, duck, odd
5782958469426301430 is duck, even
5782958469426301431 is duck, odd
5782958469426301432 is duck, even
5782958469426301433 is duck, odd
5782958469426301434 is duck, gapful, even
5782958469426301435 is duck, odd
5782958469426301436 is buzz, duck, even
5782958469426301437 is buzz, duck, odd
5782958469426301438 is duck, even
5782958469426301439 is duck, odd
Enter a request: > 0
Goodbye!
?[1;31m
Start test 20?[0m
Welcome to Amazing Numbers!
Supported requests:
- enter a natural number to know its properties;
- enter two natural numbers to obtain the properties of the list:
  * the first parameter represents a starting number;
  * the second parameter shows how many consecutive numbers are to be printed;
- two natural numbers and properties to search for;
- separate the parameters with one space;
- enter 0 to exit.
Enter a request: > 3682108754736009801 7
3682108754736009801 is buzz, duck, odd
3682108754736009802 is duck, even
3682108754736009803 is duck, odd
3682108754736009804 is duck, even
3682108754736009805 is duck, odd
3682108754736009806 is duck, even
3682108754736009807 is buzz, duck, odd
Enter a request: > 0
Goodbye!
?[1;31m
Start test 21?[0m
Welcome to Amazing Numbers!
Supported requests:
- enter a natural number to know its properties;
- enter two natural numbers to obtain the properties of the list:
  * the first parameter represents a starting number;
  * the second parameter shows how many consecutive numbers are to be printed;
- two natural numbers and properties to search for;
- separate the parameters with one space;
- enter 0 to exit.
Enter a request: > 69183719767420272 4
69183719767420272 is buzz, duck, even
69183719767420273 is duck, odd
69183719767420274 is duck, even
69183719767420275 is duck, odd
Enter a request: > 0
Goodbye!
?[1;31m
Start test 22?[0m
Welcome to Amazing Numbers!
Supported requests:
- enter a natural number to know its properties;
- enter two natural numbers to obtain the properties of the list:
  * the first parameter represents a starting number;
  * the second parameter shows how many consecutive numbers are to be printed;
- two natural numbers and properties to search for;
- separate the parameters with one space;
- enter 0 to exit.
Enter a request: > 4098784653784953105 2
4098784653784953105 is duck, odd
4098784653784953106 is duck, even
Enter a request: > 0
Goodbye!
?[1;31m
Start test 23?[0m
Welcome to Amazing Numbers!
Supported requests:
- enter a natural number to know its properties;
- enter two natural numbers to obtain the properties of the list:
  * the first parameter represents a starting number;
  * the second parameter shows how many consecutive numbers are to be printed;
- two natural numbers and properties to search for;
- separate the parameters with one space;
- enter 0 to exit.
Enter a request: > 463407471576811637 11
463407471576811637 is buzz, duck, odd
463407471576811638 is duck, even
463407471576811639 is duck, odd
463407471576811640 is duck, gapful, even
463407471576811641 is duck, odd
463407471576811642 is duck, even
463407471576811643 is buzz, duck, odd
463407471576811644 is duck, even
463407471576811645 is duck, odd
463407471576811646 is duck, even
463407471576811647 is buzz, duck, odd
Enter a request: > 0
Goodbye!
?[1;31m
Start test 24?[0m
Welcome to Amazing Numbers!
Supported requests:
- enter a natural number to know its properties;
- enter two natural numbers to obtain the properties of the list:
  * the first parameter represents a starting number;
  * the second parameter shows how many consecutive numbers are to be printed;
- two natural numbers and properties to search for;
- separate the parameters with one space;
- enter 0 to exit.
Enter a request: > 8956889370071622687 1
8956889370071622687 is buzz, duck, odd
Enter a request: > 0
Goodbye!
?[1;31m
Start test 25?[0m
Welcome to Amazing Numbers!
Supported requests:
- enter a natural number to know its properties;
- enter two natural numbers to obtain the properties of the list:
  * the first parameter represents a starting number;
  * the second parameter shows how many consecutive numbers are to be printed;
- two natural numbers and properties to search for;
- separate the parameters with one space;
- enter 0 to exit.
Enter a request: > 5919234929424838244 11
5919234929424838244 is even
5919234929424838245 is buzz, odd
5919234929424838246 is even
5919234929424838247 is buzz, odd
5919234929424838248 is even
5919234929424838249 is odd
5919234929424838250 is duck, gapful, even
5919234929424838251 is odd
5919234929424838252 is buzz, even
5919234929424838253 is odd
5919234929424838254 is even
Enter a request: > 0
Goodbye!
?[1;31m
Start test 26?[0m
Welcome to Amazing Numbers!
Supported requests:
- enter a natural number to know its properties;
- enter two natural numbers to obtain the properties of the list:
  * the first parameter represents a starting number;
  * the second parameter shows how many consecutive numbers are to be printed;
- two natural numbers and properties to search for;
- separate the parameters with one space;
- enter 0 to exit.
Enter a request: > 2238755954738717628 2
2238755954738717628 is even
2238755954738717629 is odd
Enter a request: > 0
Goodbye!
?[1;31m
Start test 27?[0m
Welcome to Amazing Numbers!
Supported requests:
- enter a natural number to know its properties;
- enter two natural numbers to obtain the properties of the list:
  * the first parameter represents a starting number;
  * the second parameter shows how many consecutive numbers are to be printed;
- two natural numbers and properties to search for;
- separate the parameters with one space;
- enter 0 to exit.
Enter a request: > 4647075894309485854 18
4647075894309485854 is buzz, duck, even
4647075894309485855 is duck, odd
4647075894309485856 is duck, even
4647075894309485857 is buzz, duck, odd
4647075894309485858 is duck, even
4647075894309485859 is duck, odd
4647075894309485860 is duck, even
4647075894309485861 is buzz, duck, odd
4647075894309485862 is duck, even
4647075894309485863 is duck, odd
4647075894309485864 is duck, even
4647075894309485865 is duck, odd
4647075894309485866 is duck, even
4647075894309485867 is buzz, duck, odd
4647075894309485868 is buzz, duck, even
4647075894309485869 is duck, odd
4647075894309485870 is duck, even
4647075894309485871 is duck, odd
Enter a request: > 0
Goodbye!
?[1;31m
Start test 28?[0m
Welcome to Amazing Numbers!
Supported requests:
- enter a natural number to know its properties;
- enter two natural numbers to obtain the properties of the list:
  * the first parameter represents a starting number;
  * the second parameter shows how many consecutive numbers are to be printed;
- two natural numbers and properties to search for;
- separate the parameters with one space;
- enter 0 to exit.
Enter a request: > 9024710468146469958 17
9024710468146469958 is duck, even
9024710468146469959 is duck, odd
9024710468146469960 is duck, even
9024710468146469961 is duck, odd
9024710468146469962 is duck, even
9024710468146469963 is duck, odd
9024710468146469964 is buzz, duck, even
9024710468146469965 is duck, odd
9024710468146469966 is duck, even
9024710468146469967 is buzz, duck, odd
9024710468146469968 is duck, even
9024710468146469969 is duck, odd
9024710468146469970 is duck, even
9024710468146469971 is buzz, duck, odd
9024710468146469972 is duck, even
9024710468146469973 is duck, odd
9024710468146469974 is duck, even
Enter a request: > 0
Goodbye!
?[1;31m
Start test 29?[0m
Welcome to Amazing Numbers!
Supported requests:
- enter a natural number to know its properties;
- enter two natural numbers to obtain the properties of the list:
  * the first parameter represents a starting number;
  * the second parameter shows how many consecutive numbers are to be printed;
- two natural numbers and properties to search for;
- separate the parameters with one space;
- enter 0 to exit.
Enter a request: > 1 10 May
The property [MAY] is wrong.
Available properties: [EVEN, ODD, BUZZ, DUCK, PALINDROMIC, GAPFUL, SPY, SQUARE, SUNNY, JUMPING]
Enter a request: > 0
Goodbye!
?[1;31m
Start test 30?[0m
Welcome to Amazing Numbers!
Supported requests:
- enter a natural number to know its properties;
- enter two natural numbers to obtain the properties of the list:
  * the first parameter represents a starting number;
  * the second parameter shows how many consecutive numbers are to be printed;
- two natural numbers and properties to search for;
- separate the parameters with one space;
- enter 0 to exit.
Enter a request: > 40 2 bay
The property [BAY] is wrong.
Available properties: [EVEN, ODD, BUZZ, DUCK, PALINDROMIC, GAPFUL, SPY, SQUARE, SUNNY, JUMPING]
Enter a request: > 0
Goodbye!
?[1;31m
Start test 31?[0m
Welcome to Amazing Numbers!
Supported requests:
- enter a natural number to know its properties;
- enter two natural numbers to obtain the properties of the list:
  * the first parameter represents a starting number;
  * the second parameter shows how many consecutive numbers are to be printed;
- two natural numbers and properties to search for;
- separate the parameters with one space;
- enter 0 to exit.
Enter a request: > 37 4 8
The property [8] is wrong.
Available properties: [EVEN, ODD, BUZZ, DUCK, PALINDROMIC, GAPFUL, SPY, SQUARE, SUNNY, JUMPING]
Enter a request: > 0
Goodbye!
?[1;31m
Start test 32?[0m
Welcome to Amazing Numbers!
Supported requests:
- enter a natural number to know its properties;
- enter two natural numbers to obtain the properties of the list:
  * the first parameter represents a starting number;
  * the second parameter shows how many consecutive numbers are to be printed;
- two natural numbers and properties to search for;
- separate the parameters with one space;
- enter 0 to exit.
Enter a request: > 67 2 day
The property [DAY] is wrong.
Available properties: [EVEN, ODD, BUZZ, DUCK, PALINDROMIC, GAPFUL, SPY, SQUARE, SUNNY, JUMPING]
Enter a request: > 0
Goodbye!
?[1;31m
Start test 33?[0m
Welcome to Amazing Numbers!
Supported requests:
- enter a natural number to know its properties;
- enter two natural numbers to obtain the properties of the list:
  * the first parameter represents a starting number;
  * the second parameter shows how many consecutive numbers are to be printed;
- two natural numbers and properties to search for;
- separate the parameters with one space;
- enter 0 to exit.
Enter a request: > 2 54 Prime
The property [PRIME] is wrong.
Available properties: [EVEN, ODD, BUZZ, DUCK, PALINDROMIC, GAPFUL, SPY, SQUARE, SUNNY, JUMPING]
Enter a request: > 0
Goodbye!
?[1;31m
Start test 34?[0m
Welcome to Amazing Numbers!
Supported requests:
- enter a natural number to know its properties;
- enter two natural numbers to obtain the properties of the list:
  * the first parameter represents a starting number;
  * the second parameter shows how many consecutive numbers are to be printed;
- two natural numbers and properties to search for;
- separate the parameters with one space;
- enter 0 to exit.
Enter a request: > 6 8 ...
The property [...] is wrong.
Available properties: [EVEN, ODD, BUZZ, DUCK, PALINDROMIC, GAPFUL, SPY, SQUARE, SUNNY, JUMPING]
Enter a request: > 0
Goodbye!
?[1;31m
Start test 35?[0m
Welcome to Amazing Numbers!
Supported requests:
- enter a natural number to know its properties;
- enter two natural numbers to obtain the properties of the list:
  * the first parameter represents a starting number;
  * the second parameter shows how many consecutive numbers are to be printed;
- two natural numbers and properties to search for;
- separate the parameters with one space;
- enter 0 to exit.
Enter a request: > 5 9 none
The property [NONE] is wrong.
Available properties: [EVEN, ODD, BUZZ, DUCK, PALINDROMIC, GAPFUL, SPY, SQUARE, SUNNY, JUMPING]
Enter a request: > 0
Goodbye!
?[1;31m
Start test 36?[0m
Welcome to Amazing Numbers!
Supported requests:
- enter a natural number to know its properties;
- enter two natural numbers to obtain the properties of the list:
  * the first parameter represents a starting number;
  * the second parameter shows how many consecutive numbers are to be printed;
- two natural numbers and properties to search for;
- separate the parameters with one space;
- enter 0 to exit.
Enter a request: > 1 10 BUZZ
7 is buzz, palindromic, spy, jumping, odd
14 is buzz, even
17 is buzz, odd
21 is buzz, jumping, odd
27 is buzz, odd
28 is buzz, even
35 is buzz, sunny, odd
37 is buzz, odd
42 is buzz, even
47 is buzz, odd
Enter a request: > 1 10 DUCK
10 is duck, jumping, even
20 is duck, even
30 is duck, even
40 is duck, even
50 is duck, even
60 is duck, even
70 is buzz, duck, even
80 is duck, sunny, even
90 is duck, even
100 is duck, gapful, square, even
Enter a request: > 1 10 PALINDROMIC
1 is palindromic, spy, square, jumping, odd
2 is palindromic, spy, jumping, even
3 is palindromic, spy, sunny, jumping, odd
4 is palindromic, spy, square, jumping, even
5 is palindromic, spy, jumping, odd
6 is palindromic, spy, jumping, even
7 is buzz, palindromic, spy, jumping, odd
8 is palindromic, spy, sunny, jumping, even
9 is palindromic, spy, square, jumping, odd
11 is palindromic, odd
Enter a request: > 1 10 GAPFUL
100 is duck, gapful, square, even
105 is buzz, duck, gapful, odd
108 is duck, gapful, even
110 is duck, gapful, even
120 is duck, gapful, sunny, even
121 is palindromic, gapful, square, jumping, odd
130 is duck, gapful, even
132 is gapful, spy, even
135 is gapful, odd
140 is buzz, duck, gapful, even
Enter a request: > 1 10 SPY
1 is palindromic, spy, square, jumping, odd
2 is palindromic, spy, jumping, even
3 is palindromic, spy, sunny, jumping, odd
4 is palindromic, spy, square, jumping, even
5 is palindromic, spy, jumping, odd
6 is palindromic, spy, jumping, even
7 is buzz, palindromic, spy, jumping, odd
8 is palindromic, spy, sunny, jumping, even
9 is palindromic, spy, square, jumping, odd
22 is palindromic, spy, even
Enter a request: > 1 10 SQUARE
1 is palindromic, spy, square, jumping, odd
4 is palindromic, spy, square, jumping, even
9 is palindromic, spy, square, jumping, odd
16 is square, even
25 is square, odd
36 is square, even
49 is buzz, square, odd
64 is square, even
81 is square, odd
100 is duck, gapful, square, even
Enter a request: > 1 10 SUNNY
3 is palindromic, spy, sunny, jumping, odd
8 is palindromic, spy, sunny, jumping, even
15 is sunny, odd
24 is sunny, even
35 is buzz, sunny, odd
48 is sunny, even
63 is buzz, sunny, odd
80 is duck, sunny, even
99 is palindromic, sunny, odd
120 is duck, gapful, sunny, even
Enter a request: > 1 10 JUMPING
1 is palindromic, spy, square, jumping, odd
2 is palindromic, spy, jumping, even
3 is palindromic, spy, sunny, jumping, odd
4 is palindromic, spy, square, jumping, even
5 is palindromic, spy, jumping, odd
6 is palindromic, spy, jumping, even
7 is buzz, palindromic, spy, jumping, odd
8 is palindromic, spy, sunny, jumping, even
9 is palindromic, spy, square, jumping, odd
10 is duck, jumping, even
Enter a request: > 1 10 EVEN
2 is palindromic, spy, jumping, even
4 is palindromic, spy, square, jumping, even
6 is palindromic, spy, jumping, even
8 is palindromic, spy, sunny, jumping, even
10 is duck, jumping, even
12 is jumping, even
14 is buzz, even
16 is square, even
18 is even
20 is duck, even
Enter a request: > 1 10 ODD
1 is palindromic, spy, square, jumping, odd
3 is palindromic, spy, sunny, jumping, odd
5 is palindromic, spy, jumping, odd
7 is buzz, palindromic, spy, jumping, odd
9 is palindromic, spy, square, jumping, odd
11 is palindromic, odd
13 is odd
15 is sunny, odd
17 is buzz, odd
19 is odd
Enter a request: > 0
Goodbye!
?[1;31m
Start test 37?[0m
Welcome to Amazing Numbers!
Supported requests:
- enter a natural number to know its properties;
- enter two natural numbers to obtain the properties of the list:
  * the first parameter represents a starting number;
  * the second parameter shows how many consecutive numbers are to be printed;
- two natural numbers and properties to search for;
- separate the parameters with one space;
- enter 0 to exit.
Enter a request: > 15321 14 EVEN
15322 is even
15324 is even
15326 is even
15328 is even
15330 is buzz, duck, gapful, even
15332 is even
15334 is even
15336 is even
15338 is even
15340 is duck, gapful, even
15342 is even
15344 is buzz, gapful, even
15346 is even
15348 is even
Enter a request: > 0
Goodbye!
?[1;31m
Start test 38?[0m
Welcome to Amazing Numbers!
Supported requests:
- enter a natural number to know its properties;
- enter two natural numbers to obtain the properties of the list:
  * the first parameter represents a starting number;
  * the second parameter shows how many consecutive numbers are to be printed;
- two natural numbers and properties to search for;
- separate the parameters with one space;
- enter 0 to exit.
Enter a request: > 2638 4 ODD
2639 is buzz, gapful, odd
2641 is odd
2643 is odd
2645 is odd
Enter a request: > 0
Goodbye!
?[1;31m
Start test 39?[0m
Welcome to Amazing Numbers!
Supported requests:
- enter a natural number to know its properties;
- enter two natural numbers to obtain the properties of the list:
  * the first parameter represents a starting number;
  * the second parameter shows how many consecutive numbers are to be printed;
- two natural numbers and properties to search for;
- separate the parameters with one space;
- enter 0 to exit.
Enter a request: > 13871 8 SPY
15112 is spy, even
15121 is spy, odd
15211 is buzz, spy, odd
21115 is spy, odd
21122 is spy, even
21151 is spy, odd
21212 is palindromic, spy, jumping, even
21221 is spy, odd
Enter a request: > 0
Goodbye!
?[1;31m
Start test 40?[0m
Welcome to Amazing Numbers!
Supported requests:
- enter a natural number to know its properties;
- enter two natural numbers to obtain the properties of the list:
  * the first parameter represents a starting number;
  * the second parameter shows how many consecutive numbers are to be printed;
- two natural numbers and properties to search for;
- separate the parameters with one space;
- enter 0 to exit.
Enter a request: > 16084 2 PALINDROMIC
16161 is palindromic, odd
16261 is buzz, palindromic, odd
Enter a request: > 0
Goodbye!
?[1;31m
Start test 41?[0m
Welcome to Amazing Numbers!
Supported requests:
- enter a natural number to know its properties;
- enter two natural numbers to obtain the properties of the list:
  * the first parameter represents a starting number;
  * the second parameter shows how many consecutive numbers are to be printed;
- two natural numbers and properties to search for;
- separate the parameters with one space;
- enter 0 to exit.
Enter a request: > 9200 1 ODD
9201 is duck, odd
Enter a request: > 0
Goodbye!
?[1;31m
Start test 42?[0m
Welcome to Amazing Numbers!
Supported requests:
- enter a natural number to know its properties;
- enter two natural numbers to obtain the properties of the list:
  * the first parameter represents a starting number;
  * the second parameter shows how many consecutive numbers are to be printed;
- two natural numbers and properties to search for;
- separate the parameters with one space;
- enter 0 to exit.
Enter a request: > 22334 18 BUZZ
22337 is buzz, odd
22344 is buzz, gapful, even
22347 is buzz, odd
22351 is buzz, odd
22357 is buzz, odd
22358 is buzz, even
22365 is buzz, odd
22367 is buzz, odd
22372 is buzz, even
22377 is buzz, odd
22379 is buzz, odd
22386 is buzz, gapful, even
22387 is buzz, odd
22393 is buzz, odd
22397 is buzz, odd
22400 is buzz, duck, gapful, even
22407 is buzz, duck, odd
22414 is buzz, even
Enter a request: > 0
Goodbye!
?[1;31m
Start test 43?[0m
Welcome to Amazing Numbers!
Supported requests:
- enter a natural number to know its properties;
- enter two natural numbers to obtain the properties of the list:
  * the first parameter represents a starting number;
  * the second parameter shows how many consecutive numbers are to be printed;
- two natural numbers and properties to search for;
- separate the parameters with one space;
- enter 0 to exit.
Enter a request: > 872 14 GAPFUL
880 is duck, gapful, even
891 is gapful, odd
900 is duck, gapful, square, even
990 is duck, gapful, even
1000 is duck, gapful, even
1001 is buzz, duck, palindromic, gapful, odd
1005 is duck, gapful, odd
1008 is buzz, duck, gapful, even
1010 is duck, gapful, jumping, even
1020 is duck, gapful, even
1030 is duck, gapful, even
1032 is duck, gapful, even
1035 is duck, gapful, odd
1037 is buzz, duck, gapful, odd
Enter a request: > 0
Goodbye!
?[1;31m
Start test 44?[0m
Welcome to Amazing Numbers!
Supported requests:
- enter a natural number to know its properties;
- enter two natural numbers to obtain the properties of the list:
  * the first parameter represents a starting number;
  * the second parameter shows how many consecutive numbers are to be printed;
- two natural numbers and properties to search for;
- separate the parameters with one space;
- enter 0 to exit.
Enter a request: > 6755 20 SPY
11125 is spy, odd
11133 is spy, odd
11152 is spy, even
11215 is spy, odd
11222 is spy, even
11251 is spy, odd
11313 is spy, odd
11331 is spy, odd
11512 is spy, even
11521 is spy, odd
12115 is spy, odd
12122 is spy, even
12151 is spy, odd
12212 is spy, even
12221 is palindromic, gapful, spy, odd
12511 is spy, odd
13113 is spy, odd
13131 is palindromic, spy, odd
13311 is spy, odd
15112 is spy, even
Enter a request: > 0
Goodbye!
?[1;31m
Start test 45?[0m
Welcome to Amazing Numbers!
Supported requests:
- enter a natural number to know its properties;
- enter two natural numbers to obtain the properties of the list:
  * the first parameter represents a starting number;
  * the second parameter shows how many consecutive numbers are to be printed;
- two natural numbers and properties to search for;
- separate the parameters with one space;
- enter 0 to exit.
Enter a request: > 1220 19 BUZZ
1225 is buzz, square, odd
1227 is buzz, odd
1232 is buzz, jumping, even
1237 is buzz, odd
1239 is buzz, odd
1246 is buzz, even
1247 is buzz, odd
1253 is buzz, odd
1257 is buzz, odd
1260 is buzz, duck, gapful, even
1267 is buzz, odd
1274 is buzz, gapful, even
1277 is buzz, odd
1281 is buzz, odd
1287 is buzz, odd
1288 is buzz, even
1295 is buzz, sunny, odd
1297 is buzz, odd
1302 is buzz, duck, even
Enter a request: > 0
Goodbye!
?[1;31m
Start test 46?[0m
Welcome to Amazing Numbers!
Supported requests:
- enter a natural number to know its properties;
- enter two natural numbers to obtain the properties of the list:
  * the first parameter represents a starting number;
  * the second parameter shows how many consecutive numbers are to be printed;
- two natural numbers and properties to search for;
- separate the parameters with one space;
- enter 0 to exit.
Enter a request: > 31021 4 DUCK
31021 is duck, odd
31022 is duck, even
31023 is duck, odd
31024 is buzz, duck, even
Enter a request: > 0
Goodbye!
?[1;31m
Start test 47?[0m
Welcome to Amazing Numbers!
Supported requests:
- enter a natural number to know its properties;
- enter two natural numbers to obtain the properties of the list:
  * the first parameter represents a starting number;
  * the second parameter shows how many consecutive numbers are to be printed;
- two natural numbers and properties to search for;
- separate the parameters with one space;
- enter 0 to exit.
Enter a request: > 1 10 odd girl
The property [GIRL] is wrong.
Available properties: [EVEN, ODD, BUZZ, DUCK, PALINDROMIC, GAPFUL, SPY, SQUARE, SUNNY, JUMPING]
Enter a request: > 0
Goodbye!
?[1;31m
Start test 48?[0m
Welcome to Amazing Numbers!
Supported requests:
- enter a natural number to know its properties;
- enter two natural numbers to obtain the properties of the list:
  * the first parameter represents a starting number;
  * the second parameter shows how many consecutive numbers are to be printed;
- two natural numbers and properties to search for;
- separate the parameters with one space;
- enter 0 to exit.
Enter a request: > 40 2 even day
The property [DAY] is wrong.
Available properties: [EVEN, ODD, BUZZ, DUCK, PALINDROMIC, GAPFUL, SPY, SQUARE, SUNNY, JUMPING]
Enter a request: > 0
Goodbye!
?[1;31m
Start test 49?[0m
Welcome to Amazing Numbers!
Supported requests:
- enter a natural number to know its properties;
- enter two natural numbers to obtain the properties of the list:
  * the first parameter represents a starting number;
  * the second parameter shows how many consecutive numbers are to be printed;
- two natural numbers and properties to search for;
- separate the parameters with one space;
- enter 0 to exit.
Enter a request: > 37 4 spy 89
The property [89] is wrong.
Available properties: [EVEN, ODD, BUZZ, DUCK, PALINDROMIC, GAPFUL, SPY, SQUARE, SUNNY, JUMPING]
Enter a request: > 0
Goodbye!
?[1;31m
Start test 50?[0m
Welcome to Amazing Numbers!
Supported requests:
- enter a natural number to know its properties;
- enter two natural numbers to obtain the properties of the list:
  * the first parameter represents a starting number;
  * the second parameter shows how many consecutive numbers are to be printed;
- two natural numbers and properties to search for;
- separate the parameters with one space;
- enter 0 to exit.
Enter a request: > 67 2 DUCK +
The property [+] is wrong.
Available properties: [EVEN, ODD, BUZZ, DUCK, PALINDROMIC, GAPFUL, SPY, SQUARE, SUNNY, JUMPING]
Enter a request: > 0
Goodbye!
?[1;31m
Start test 51?[0m
Welcome to Amazing Numbers!
Supported requests:
- enter a natural number to know its properties;
- enter two natural numbers to obtain the properties of the list:
  * the first parameter represents a starting number;
  * the second parameter shows how many consecutive numbers are to be printed;
- two natural numbers and properties to search for;
- separate the parameters with one space;
- enter 0 to exit.
Enter a request: > 1 10 boy friend
The properties [BOY, FRIEND] are wrong.
Available properties: [EVEN, ODD, BUZZ, DUCK, PALINDROMIC, GAPFUL, SPY, SQUARE, SUNNY, JUMPING]
Enter a request: > 0
Goodbye!
?[1;31m
Start test 52?[0m
Welcome to Amazing Numbers!
Supported requests:
- enter a natural number to know its properties;
- enter two natural numbers to obtain the properties of the list:
  * the first parameter represents a starting number;
  * the second parameter shows how many consecutive numbers are to be printed;
- two natural numbers and properties to search for;
- separate the parameters with one space;
- enter 0 to exit.
Enter a request: > 40 2 long day
The properties [LONG, DAY] are wrong.
Available properties: [EVEN, ODD, BUZZ, DUCK, PALINDROMIC, GAPFUL, SPY, SQUARE, SUNNY, JUMPING]
Enter a request: > 0
Goodbye!
?[1;31m
Start test 53?[0m
Welcome to Amazing Numbers!
Supported requests:
- enter a natural number to know its properties;
- enter two natural numbers to obtain the properties of the list:
  * the first parameter represents a starting number;
  * the second parameter shows how many consecutive numbers are to be printed;
- two natural numbers and properties to search for;
- separate the parameters with one space;
- enter 0 to exit.
Enter a request: > 37 4 hot girl
The properties [HOT, GIRL] are wrong.
Available properties: [EVEN, ODD, BUZZ, DUCK, PALINDROMIC, GAPFUL, SPY, SQUARE, SUNNY, JUMPING]
Enter a request: > 0
Goodbye!
?[1;31m
Start test 54?[0m
Welcome to Amazing Numbers!
Supported requests:
- enter a natural number to know its properties;
- enter two natural numbers to obtain the properties of the list:
  * the first parameter represents a starting number;
  * the second parameter shows how many consecutive numbers are to be printed;
- two natural numbers and properties to search for;
- separate the parameters with one space;
- enter 0 to exit.
Enter a request: > 67 2 strong drake
The properties [STRONG, DRAKE] are wrong.
Available properties: [EVEN, ODD, BUZZ, DUCK, PALINDROMIC, GAPFUL, SPY, SQUARE, SUNNY, JUMPING]
Enter a request: > 0
Goodbye!
?[1;31m
Start test 55?[0m
Welcome to Amazing Numbers!
Supported requests:
- enter a natural number to know its properties;
- enter two natural numbers to obtain the properties of the list:
  * the first parameter represents a starting number;
  * the second parameter shows how many consecutive numbers are to be printed;
- two natural numbers and properties to search for;
- separate the parameters with one space;
- enter 0 to exit.
Enter a request: > 1 7 odd spy palindromic
1 is palindromic, spy, square, jumping, odd
3 is palindromic, spy, sunny, jumping, odd
5 is palindromic, spy, jumping, odd
7 is buzz, palindromic, spy, jumping, odd
9 is palindromic, spy, square, jumping, odd
12221 is palindromic, gapful, spy, odd
13131 is palindromic, spy, odd
Enter a request: > 0
Goodbye!
?[1;31m
Start test 56?[0m
Welcome to Amazing Numbers!
Supported requests:
- enter a natural number to know its properties;
- enter two natural numbers to obtain the properties of the list:
  * the first parameter represents a starting number;
  * the second parameter shows how many consecutive numbers are to be printed;
- two natural numbers and properties to search for;
- separate the parameters with one space;
- enter 0 to exit.
Enter a request: > 1 10 even palindromic duck buzz
2002 is buzz, duck, palindromic, gapful, even
4004 is buzz, duck, palindromic, gapful, even
6006 is buzz, duck, palindromic, gapful, even
8008 is buzz, duck, palindromic, gapful, even
20202 is buzz, duck, palindromic, even
20902 is buzz, duck, palindromic, even
22022 is buzz, duck, palindromic, gapful, even
29092 is buzz, duck, palindromic, even
40404 is buzz, duck, palindromic, even
44044 is buzz, duck, palindromic, gapful, even
Enter a request: > 0
Goodbye!
?[1;31m
Start test 57?[0m
Welcome to Amazing Numbers!
Supported requests:
- enter a natural number to know its properties;
- enter two natural numbers to obtain the properties of the list:
  * the first parameter represents a starting number;
  * the second parameter shows how many consecutive numbers are to be printed;
- two natural numbers and properties to search for;
- separate the parameters with one space;
- enter 0 to exit.
Enter a request: > 1 9 even palindromic duck buzz gapful
2002 is buzz, duck, palindromic, gapful, even
4004 is buzz, duck, palindromic, gapful, even
6006 is buzz, duck, palindromic, gapful, even
8008 is buzz, duck, palindromic, gapful, even
22022 is buzz, duck, palindromic, gapful, even
44044 is buzz, duck, palindromic, gapful, even
66066 is buzz, duck, palindromic, gapful, even
88088 is buzz, duck, palindromic, gapful, even
202202 is buzz, duck, palindromic, gapful, even
Enter a request: > 0
Goodbye!
?[1;31m
Start test 58?[0m
Welcome to Amazing Numbers!
Supported requests:
- enter a natural number to know its properties;
- enter two natural numbers to obtain the properties of the list:
  * the first parameter represents a starting number;
  * the second parameter shows how many consecutive numbers are to be printed;
- two natural numbers and properties to search for;
- separate the parameters with one space;
- enter 0 to exit.
Enter a request: > 1 10 even sunny duck buzz gapful
1680 is buzz, duck, gapful, sunny, even
4760 is buzz, duck, gapful, sunny, even
9408 is buzz, duck, gapful, sunny, even
12320 is buzz, duck, gapful, sunny, even
19320 is buzz, duck, gapful, sunny, even
19880 is buzz, duck, gapful, sunny, even
23408 is buzz, duck, gapful, sunny, even
24024 is buzz, duck, gapful, sunny, even
28560 is buzz, duck, gapful, sunny, even
32760 is buzz, duck, gapful, sunny, even
Enter a request: > 0
Goodbye!
?[1;31m
Start test 59?[0m
Welcome to Amazing Numbers!
Supported requests:
- enter a natural number to know its properties;
- enter two natural numbers to obtain the properties of the list:
  * the first parameter represents a starting number;
  * the second parameter shows how many consecutive numbers are to be printed;
- two natural numbers and properties to search for;
- separate the parameters with one space;
- enter 0 to exit.
Enter a request: > 100000 2 even spy buzz gapful
111216 is buzz, gapful, spy, even
161112 is buzz, gapful, spy, even
Enter a request: > 0
Goodbye!
?[1;31m
Start test 60?[0m
Welcome to Amazing Numbers!
Supported requests:
- enter a natural number to know its properties;
- enter two natural numbers to obtain the properties of the list:
  * the first parameter represents a starting number;
  * the second parameter shows how many consecutive numbers are to be printed;
- two natural numbers and properties to search for;
- separate the parameters with one space;
- enter 0 to exit.
Enter a request: > 100 4 odd spy gapful
231 is buzz, gapful, spy, odd
12221 is palindromic, gapful, spy, odd
216111 is buzz, gapful, spy, odd
1111341 is buzz, gapful, spy, odd
Enter a request: > 0
Goodbye!
?[1;31m
Start test 61?[0m
Welcome to Amazing Numbers!
Supported requests:
- enter a natural number to know its properties;
- enter two natural numbers to obtain the properties of the list:
  * the first parameter represents a starting number;
  * the second parameter shows how many consecutive numbers are to be printed;
- two natural numbers and properties to search for;
- separate the parameters with one space;
- enter 0 to exit.
Enter a request: > 2000 4 even palindromic duck
2002 is buzz, duck, palindromic, gapful, even
4004 is buzz, duck, palindromic, gapful, even
6006 is buzz, duck, palindromic, gapful, even
8008 is buzz, duck, palindromic, gapful, even
Enter a request: > 0
Goodbye!
?[1;31m
Start test 62?[0m
Welcome to Amazing Numbers!
Supported requests:
- enter a natural number to know its properties;
- enter two natural numbers to obtain the properties of the list:
  * the first parameter represents a starting number;
  * the second parameter shows how many consecutive numbers are to be printed;
- two natural numbers and properties to search for;
- separate the parameters with one space;
- enter 0 to exit.
Enter a request: > 1 7 even spy
2 is palindromic, spy, jumping, even
4 is palindromic, spy, square, jumping, even
6 is palindromic, spy, jumping, even
8 is palindromic, spy, sunny, jumping, even
22 is palindromic, spy, even
132 is gapful, spy, even
312 is spy, even
Enter a request: > 0
Goodbye!
?[1;31m
Start test 63?[0m
Welcome to Amazing Numbers!
Supported requests:
- enter a natural number to know its properties;
- enter two natural numbers to obtain the properties of the list:
  * the first parameter represents a starting number;
  * the second parameter shows how many consecutive numbers are to be printed;
- two natural numbers and properties to search for;
- separate the parameters with one space;
- enter 0 to exit.
Enter a request: > 1 10 odd buzz
7 is buzz, palindromic, spy, jumping, odd
17 is buzz, odd
21 is buzz, jumping, odd
27 is buzz, odd
35 is buzz, sunny, odd
37 is buzz, odd
47 is buzz, odd
49 is buzz, square, odd
57 is buzz, odd
63 is buzz, sunny, odd
Enter a request: > 0
Goodbye!
?[1;31m
Start test 64?[0m
Welcome to Amazing Numbers!
Supported requests:
- enter a natural number to know its properties;
- enter two natural numbers to obtain the properties of the list:
  * the first parameter represents a starting number;
  * the second parameter shows how many consecutive numbers are to be printed;
- two natural numbers and properties to search for;
- separate the parameters with one space;
- enter 0 to exit.
Enter a request: > 1 9 buzz gapful
105 is buzz, duck, gapful, odd
140 is buzz, duck, gapful, even
154 is buzz, gapful, even
187 is buzz, gapful, odd
231 is buzz, gapful, spy, odd
280 is buzz, duck, gapful, even
297 is buzz, gapful, odd
315 is buzz, gapful, odd
385 is buzz, gapful, odd
Enter a request: > 0
Goodbye!
?[1;31m
Start test 65?[0m
Welcome to Amazing Numbers!
Supported requests:
- enter a natural number to know its properties;
- enter two natural numbers to obtain the properties of the list:
  * the first parameter represents a starting number;
  * the second parameter shows how many consecutive numbers are to be printed;
- two natural numbers and properties to search for;
- separate the parameters with one space;
- enter 0 to exit.
Enter a request: > 1 10 spy buzz
7 is buzz, palindromic, spy, jumping, odd
231 is buzz, gapful, spy, odd
1421 is buzz, spy, odd
2114 is buzz, spy, even
15211 is buzz, spy, odd
21511 is buzz, spy, odd
22211 is buzz, spy, odd
31311 is buzz, spy, odd
51121 is buzz, spy, odd
111216 is buzz, gapful, spy, even
Enter a request: > 0
Goodbye!
?[1;31m
Start test 66?[0m
Welcome to Amazing Numbers!
Supported requests:
- enter a natural number to know its properties;
- enter two natural numbers to obtain the properties of the list:
  * the first parameter represents a starting number;
  * the second parameter shows how many consecutive numbers are to be printed;
- two natural numbers and properties to search for;
- separate the parameters with one space;
- enter 0 to exit.
Enter a request: > 100000 2 even spy
111126 is spy, even
111162 is spy, even
Enter a request: > 0
Goodbye!
?[1;31m
Start test 67?[0m
Welcome to Amazing Numbers!
Supported requests:
- enter a natural number to know its properties;
- enter two natural numbers to obtain the properties of the list:
  * the first parameter represents a starting number;
  * the second parameter shows how many consecutive numbers are to be printed;
- two natural numbers and properties to search for;
- separate the parameters with one space;
- enter 0 to exit.
Enter a request: > 100 4 odd gapful
105 is buzz, duck, gapful, odd
121 is palindromic, gapful, square, jumping, odd
135 is gapful, odd
143 is gapful, sunny, odd
Enter a request: > 0
Goodbye!
?[1;31m
Start test 68?[0m
Welcome to Amazing Numbers!
Supported requests:
- enter a natural number to know its properties;
- enter two natural numbers to obtain the properties of the list:
  * the first parameter represents a starting number;
  * the second parameter shows how many consecutive numbers are to be printed;
- two natural numbers and properties to search for;
- separate the parameters with one space;
- enter 0 to exit.
Enter a request: > 2000 4 palindromic duck
2002 is buzz, duck, palindromic, gapful, even
3003 is buzz, duck, palindromic, gapful, odd
4004 is buzz, duck, palindromic, gapful, even
5005 is buzz, duck, palindromic, gapful, odd
Enter a request: > 0
Goodbye!
?[1;31m
Start test 69?[0m
Welcome to Amazing Numbers!
Supported requests:
- enter a natural number to know its properties;
- enter two natural numbers to obtain the properties of the list:
  * the first parameter represents a starting number;
  * the second parameter shows how many consecutive numbers are to be printed;
- two natural numbers and properties to search for;
- separate the parameters with one space;
- enter 0 to exit.
Enter a request: > 9131 9 GAPFUL bAY EVEN JUMPING
The property [BAY] is wrong.
Available properties: [EVEN, ODD, BUZZ, DUCK, PALINDROMIC, GAPFUL, SPY, SQUARE, SUNNY, JUMPING]
Enter a request: > 0
Goodbye!
?[1;31m
Start test 70?[0m
Welcome to Amazing Numbers!
Supported requests:
- enter a natural number to know its properties;
- enter two natural numbers to obtain the properties of the list:
  * the first parameter represents a starting number;
  * the second parameter shows how many consecutive numbers are to be printed;
- two natural numbers and properties to search for;
- separate the parameters with one space;
- enter 0 to exit.
Enter a request: > 14897 7 simple JUMPING DUCK
The property [SIMPLE] is wrong.
Available properties: [EVEN, ODD, BUZZ, DUCK, PALINDROMIC, GAPFUL, SPY, SQUARE, SUNNY, JUMPING]
Enter a request: > 0
Goodbye!
?[1;31m
Start test 71?[0m
Welcome to Amazing Numbers!
Supported requests:
- enter a natural number to know its properties;
- enter two natural numbers to obtain the properties of the list:
  * the first parameter represents a starting number;
  * the second parameter shows how many consecutive numbers are to be printed;
- two natural numbers and properties to search for;
- separate the parameters with one space;
- enter 0 to exit.
Enter a request: > 14808 6 ODD ~~ SQUARE
The property [~~] is wrong.
Available properties: [EVEN, ODD, BUZZ, DUCK, PALINDROMIC, GAPFUL, SPY, SQUARE, SUNNY, JUMPING]
Enter a request: > 0
Goodbye!
?[1;31m
Start test 72?[0m
Welcome to Amazing Numbers!
Supported requests:
- enter a natural number to know its properties;
- enter two natural numbers to obtain the properties of the list:
  * the first parameter represents a starting number;
  * the second parameter shows how many consecutive numbers are to be printed;
- two natural numbers and properties to search for;
- separate the parameters with one space;
- enter 0 to exit.
Enter a request: > 1554 7 reverse
The property [REVERSE] is wrong.
Available properties: [EVEN, ODD, BUZZ, DUCK, PALINDROMIC, GAPFUL, SPY, SQUARE, SUNNY, JUMPING]
Enter a request: > 0
Goodbye!
?[1;31m
Start test 73?[0m
Welcome to Amazing Numbers!
Supported requests:
- enter a natural number to know its properties;
- enter two natural numbers to obtain the properties of the list:
  * the first parameter represents a starting number;
  * the second parameter shows how many consecutive numbers are to be printed;
- two natural numbers and properties to search for;
- separate the parameters with one space;
- enter 0 to exit.
Enter a request: > 14935 3 JUMPING gipful SPY
The property [GIPFUL] is wrong.
Available properties: [EVEN, ODD, BUZZ, DUCK, PALINDROMIC, GAPFUL, SPY, SQUARE, SUNNY, JUMPING]
Enter a request: > 0
Goodbye!
?[1;31m
Start test 74?[0m
Welcome to Amazing Numbers!
Supported requests:
- enter a natural number to know its properties;
- enter two natural numbers to obtain the properties of the list:
  * the first parameter represents a starting number;
  * the second parameter shows how many consecutive numbers are to be printed;
- two natural numbers and properties to search for;
- separate the parameters with one space;
- enter 0 to exit.
Enter a request: > 25790 18 bAY
The property [BAY] is wrong.
Available properties: [EVEN, ODD, BUZZ, DUCK, PALINDROMIC, GAPFUL, SPY, SQUARE, SUNNY, JUMPING]
Enter a request: > 0
Goodbye!
?[1;31m
Start test 75?[0m
Welcome to Amazing Numbers!
Supported requests:
- enter a natural number to know its properties;
- enter two natural numbers to obtain the properties of the list:
  * the first parameter represents a starting number;
  * the second parameter shows how many consecutive numbers are to be printed;
- two natural numbers and properties to search for;
- separate the parameters with one space;
- enter 0 to exit.
Enter a request: > 17197 8 bAY SQUARE GAPFUL
The property [BAY] is wrong.
Available properties: [EVEN, ODD, BUZZ, DUCK, PALINDROMIC, GAPFUL, SPY, SQUARE, SUNNY, JUMPING]
Enter a request: > 0
Goodbye!
?[1;31m
Start test 76?[0m
Welcome to Amazing Numbers!
Supported requests:
- enter a natural number to know its properties;
- enter two natural numbers to obtain the properties of the list:
  * the first parameter represents a starting number;
  * the second parameter shows how many consecutive numbers are to be printed;
- two natural numbers and properties to search for;
- separate the parameters with one space;
- enter 0 to exit.
Enter a request: > 18341 6 SUNNY EVEN ~~ SQUARE
The property [~~] is wrong.
Available properties: [EVEN, ODD, BUZZ, DUCK, PALINDROMIC, GAPFUL, SPY, SQUARE, SUNNY, JUMPING]
Enter a request: > 0
Goodbye!
?[1;31m
Start test 77?[0m
Welcome to Amazing Numbers!
Supported requests:
- enter a natural number to know its properties;
- enter two natural numbers to obtain the properties of the list:
  * the first parameter represents a starting number;
  * the second parameter shows how many consecutive numbers are to be printed;
- two natural numbers and properties to search for;
- separate the parameters with one space;
- enter 0 to exit.
Enter a request: > 7305 4 Boy
The property [BOY] is wrong.
Available properties: [EVEN, ODD, BUZZ, DUCK, PALINDROMIC, GAPFUL, SPY, SQUARE, SUNNY, JUMPING]
Enter a request: > 0
Goodbye!
?[1;31m
Start test 78?[0m
Welcome to Amazing Numbers!
Supported requests:
- enter a natural number to know its properties;
- enter two natural numbers to obtain the properties of the list:
  * the first parameter represents a starting number;
  * the second parameter shows how many consecutive numbers are to be printed;
- two natural numbers and properties to search for;
- separate the parameters with one space;
- enter 0 to exit.
Enter a request: > 15740 18 drake PALINDROMIC
The property [DRAKE] is wrong.
Available properties: [EVEN, ODD, BUZZ, DUCK, PALINDROMIC, GAPFUL, SPY, SQUARE, SUNNY, JUMPING]
Enter a request: > 0
Goodbye!
?[1;31m
Start test 79?[0m
Welcome to Amazing Numbers!
Supported requests:
- enter a natural number to know its properties;
- enter two natural numbers to obtain the properties of the list:
  * the first parameter represents a starting number;
  * the second parameter shows how many consecutive numbers are to be printed;
- two natural numbers and properties to search for;
- separate the parameters with one space;
- enter 0 to exit.
Enter a request: > 5 1 odd even
The request contains mutually exclusive properties: [EVEN, ODD]
There are no numbers with these properties.
Enter a request: > 0
Goodbye!
?[1;31m
Start test 80?[0m
Welcome to Amazing Numbers!
Supported requests:
- enter a natural number to know its properties;
- enter two natural numbers to obtain the properties of the list:
  * the first parameter represents a starting number;
  * the second parameter shows how many consecutive numbers are to be printed;
- two natural numbers and properties to search for;
- separate the parameters with one space;
- enter 0 to exit.
Enter a request: > 4 3 even odd
The request contains mutually exclusive properties: [EVEN, ODD]
There are no numbers with these properties.
Enter a request: > 0
Goodbye!
?[1;31m
Start test 81?[0m
Welcome to Amazing Numbers!
Supported requests:
- enter a natural number to know its properties;
- enter two natural numbers to obtain the properties of the list:
  * the first parameter represents a starting number;
  * the second parameter shows how many consecutive numbers are to be printed;
- two natural numbers and properties to search for;
- separate the parameters with one space;
- enter 0 to exit.
Enter a request: > 32 2 sunny square
The request contains mutually exclusive properties: [SUNNY, SQUARE]
There are no numbers with these properties.
Enter a request: > 0
Goodbye!
?[1;31m
Start test 82?[0m
Welcome to Amazing Numbers!
Supported requests:
- enter a natural number to know its properties;
- enter two natural numbers to obtain the properties of the list:
  * the first parameter represents a starting number;
  * the second parameter shows how many consecutive numbers are to be printed;
- two natural numbers and properties to search for;
- separate the parameters with one space;
- enter 0 to exit.
Enter a request: > 3153 2 spy duck
The request contains mutually exclusive properties: [DUCK, SPY]
There are no numbers with these properties.
Enter a request: > 0
Goodbye!
?[1;31m
Start test 83?[0m
Welcome to Amazing Numbers!
Supported requests:
- enter a natural number to know its properties;
- enter two natural numbers to obtain the properties of the list:
  * the first parameter represents a starting number;
  * the second parameter shows how many consecutive numbers are to be printed;
- two natural numbers and properties to search for;
- separate the parameters with one space;
- enter 0 to exit.
Enter a request: > 6 7 duck spy
The request contains mutually exclusive properties: [DUCK, SPY]
There are no numbers with these properties.
Enter a request: > 0
Goodbye!
?[1;31m
Start test 84?[0m
Welcome to Amazing Numbers!
Supported requests:
- enter a natural number to know its properties;
- enter two natural numbers to obtain the properties of the list:
  * the first parameter represents a starting number;
  * the second parameter shows how many consecutive numbers are to be printed;
- two natural numbers and properties to search for;
- separate the parameters with one space;
- enter 0 to exit.
Enter a request: > 1 2 spy odd sunny even
The request contains mutually exclusive properties: [EVEN, ODD]
There are no numbers with these properties.
Enter a request: > 0
Goodbye!
?[1;31m
Start test 85?[0m
Welcome to Amazing Numbers!
Supported requests:
- enter a natural number to know its properties;
- enter two natural numbers to obtain the properties of the list:
  * the first parameter represents a starting number;
  * the second parameter shows how many consecutive numbers are to be printed;
- two natural numbers and properties to search for;
- separate the parameters with one space;
- enter 0 to exit.
Enter a request: > 7 2 sunny even duck buzz square
The request contains mutually exclusive properties: [SUNNY, SQUARE]
There are no numbers with these properties.
Enter a request: > 0
Goodbye!
?[1;31m
Start test 86?[0m
Welcome to Amazing Numbers!
Supported requests:
- enter a natural number to know its properties;
- enter two natural numbers to obtain the properties of the list:
  * the first parameter represents a starting number;
  * the second parameter shows how many consecutive numbers are to be printed;
- two natural numbers and properties to search for;
- separate the parameters with one space;
- enter 0 to exit.
Enter a request: > 9 5 even spy buzz duck
The request contains mutually exclusive properties: [DUCK, SPY]
There are no numbers with these properties.
Enter a request: > 0
Goodbye!
]]></system-out>
  <system-err><![CDATA[]]></system-err>
</testsuite>
