<?xml version="1.0" encoding="UTF-8"?>
<testsuite name="NumbersTest" tests="1" skipped="0" failures="0" errors="0" timestamp="2022-06-17T21:01:58" hostname="Devins-MacBook-Air.local" time="0.16">
  <properties/>
  <testcase name="start" classname="NumbersTest" time="0.16"/>
  <system-out><![CDATA[?[1;31m
Start test 1?[0m
Welcome to Amazing Numbers!
Supported requests:
- enter a natural number to know its properties;
- enter 0 to exit.
Enter a request: > 0
Goodbye!
?[1;31m
Start test 2?[0m
Welcome to Amazing Numbers!
Supported requests:
- enter a natural number to know its properties;
- enter 0 to exit.
Enter a request: > -83
The first parameter should be a natural number or zero.
Enter a request: > 0
Goodbye!
?[1;31m
Start test 3?[0m
Welcome to Amazing Numbers!
Supported requests:
- enter a natural number to know its properties;
- enter 0 to exit.
Enter a request: > -83
The first parameter should be a natural number or zero.
Enter a request: > 0
Goodbye!
?[1;31m
Start test 4?[0m
Welcome to Amazing Numbers!
Supported requests:
- enter a natural number to know its properties;
- enter 0 to exit.
Enter a request: > -7
The first parameter should be a natural number or zero.
Enter a request: > 0
Goodbye!
?[1;31m
Start test 5?[0m
Welcome to Amazing Numbers!
Supported requests:
- enter a natural number to know its properties;
- enter 0 to exit.
Enter a request: > -46
The first parameter should be a natural number or zero.
Enter a request: > 0
Goodbye!
?[1;31m
Start test 6?[0m
Welcome to Amazing Numbers!
Supported requests:
- enter a natural number to know its properties;
- enter 0 to exit.
Enter a request: > -71
The first parameter should be a natural number or zero.
Enter a request: > 0
Goodbye!
?[1;31m
Start test 7?[0m
Welcome to Amazing Numbers!
Supported requests:
- enter a natural number to know its properties;
- enter 0 to exit.
Enter a request: > 1
Properties of 1
even: false
odd: true
buzz: false
duck: false
palindromic: true
Supported requests:
- enter a natural number to know its properties;
- enter 0 to exit.
Enter a request: > 2
Properties of 2
even: true
odd: false
buzz: false
duck: false
palindromic: true
Supported requests:
- enter a natural number to know its properties;
- enter 0 to exit.
Enter a request: > 3
Properties of 3
even: false
odd: true
buzz: false
duck: false
palindromic: true
Supported requests:
- enter a natural number to know its properties;
- enter 0 to exit.
Enter a request: > 4
Properties of 4
even: true
odd: false
buzz: false
duck: false
palindromic: true
Supported requests:
- enter a natural number to know its properties;
- enter 0 to exit.
Enter a request: > 5
Properties of 5
even: false
odd: true
buzz: false
duck: false
palindromic: true
Supported requests:
- enter a natural number to know its properties;
- enter 0 to exit.
Enter a request: > 6
Properties of 6
even: true
odd: false
buzz: false
duck: false
palindromic: true
Supported requests:
- enter a natural number to know its properties;
- enter 0 to exit.
Enter a request: > 7
Properties of 7
even: false
odd: true
buzz: true
duck: false
palindromic: true
Supported requests:
- enter a natural number to know its properties;
- enter 0 to exit.
Enter a request: > 8
Properties of 8
even: true
odd: false
buzz: false
duck: false
palindromic: true
Supported requests:
- enter a natural number to know its properties;
- enter 0 to exit.
Enter a request: > 9
Properties of 9
even: false
odd: true
buzz: false
duck: false
palindromic: true
Supported requests:
- enter a natural number to know its properties;
- enter 0 to exit.
Enter a request: > 10
Properties of 10
even: true
odd: false
buzz: false
duck: true
palindromic: false
Supported requests:
- enter a natural number to know its properties;
- enter 0 to exit.
Enter a request: > 11
Properties of 11
even: false
odd: true
buzz: false
duck: false
palindromic: true
Supported requests:
- enter a natural number to know its properties;
- enter 0 to exit.
Enter a request: > 12
Properties of 12
even: true
odd: false
buzz: false
duck: false
palindromic: false
Supported requests:
- enter a natural number to know its properties;
- enter 0 to exit.
Enter a request: > 13
Properties of 13
even: false
odd: true
buzz: false
duck: false
palindromic: false
Supported requests:
- enter a natural number to know its properties;
- enter 0 to exit.
Enter a request: > 14
Properties of 14
even: true
odd: false
buzz: true
duck: false
palindromic: false
Supported requests:
- enter a natural number to know its properties;
- enter 0 to exit.
Enter a request: > 0
Goodbye!
?[1;31m
Start test 8?[0m
Welcome to Amazing Numbers!
Supported requests:
- enter a natural number to know its properties;
- enter 0 to exit.
Enter a request: > 7031159154094023204
Properties of 7031159154094023204
even: true
odd: false
buzz: false
duck: true
palindromic: false
Supported requests:
- enter a natural number to know its properties;
- enter 0 to exit.
Enter a request: > 0
Goodbye!
?[1;31m
Start test 9?[0m
Welcome to Amazing Numbers!
Supported requests:
- enter a natural number to know its properties;
- enter 0 to exit.
Enter a request: > 7586055415937575683
Properties of 7586055415937575683
even: false
odd: true
buzz: false
duck: true
palindromic: false
Supported requests:
- enter a natural number to know its properties;
- enter 0 to exit.
Enter a request: > 0
Goodbye!
?[1;31m
Start test 10?[0m
Welcome to Amazing Numbers!
Supported requests:
- enter a natural number to know its properties;
- enter 0 to exit.
Enter a request: > 5682548791397634739
Properties of 5682548791397634739
even: false
odd: true
buzz: false
duck: false
palindromic: false
Supported requests:
- enter a natural number to know its properties;
- enter 0 to exit.
Enter a request: > 0
Goodbye!
?[1;31m
Start test 11?[0m
Welcome to Amazing Numbers!
Supported requests:
- enter a natural number to know its properties;
- enter 0 to exit.
Enter a request: > 8322672476831077268
Properties of 8322672476831077268
even: true
odd: false
buzz: false
duck: true
palindromic: false
Supported requests:
- enter a natural number to know its properties;
- enter 0 to exit.
Enter a request: > 0
Goodbye!
?[1;31m
Start test 12?[0m
Welcome to Amazing Numbers!
Supported requests:
- enter a natural number to know its properties;
- enter 0 to exit.
Enter a request: > 2296655079628077558
Properties of 2296655079628077558
even: true
odd: false
buzz: false
duck: true
palindromic: false
Supported requests:
- enter a natural number to know its properties;
- enter 0 to exit.
Enter a request: > 0
Goodbye!
?[1;31m
Start test 13?[0m
Welcome to Amazing Numbers!
Supported requests:
- enter a natural number to know its properties;
- enter 0 to exit.
Enter a request: > 8657997910084488206
Properties of 8657997910084488206
even: true
odd: false
buzz: false
duck: true
palindromic: false
Supported requests:
- enter a natural number to know its properties;
- enter 0 to exit.
Enter a request: > 0
Goodbye!
?[1;31m
Start test 14?[0m
Welcome to Amazing Numbers!
Supported requests:
- enter a natural number to know its properties;
- enter 0 to exit.
Enter a request: > 5902968636310485732
Properties of 5902968636310485732
even: true
odd: false
buzz: false
duck: true
palindromic: false
Supported requests:
- enter a natural number to know its properties;
- enter 0 to exit.
Enter a request: > 0
Goodbye!
?[1;31m
Start test 15?[0m
Welcome to Amazing Numbers!
Supported requests:
- enter a natural number to know its properties;
- enter 0 to exit.
Enter a request: > 1145030393572969216
Properties of 1145030393572969216
even: true
odd: false
buzz: false
duck: true
palindromic: false
Supported requests:
- enter a natural number to know its properties;
- enter 0 to exit.
Enter a request: > 0
Goodbye!
?[1;31m
Start test 16?[0m
Welcome to Amazing Numbers!
Supported requests:
- enter a natural number to know its properties;
- enter 0 to exit.
Enter a request: > 7538368617598536509
Properties of 7538368617598536509
even: false
odd: true
buzz: false
duck: true
palindromic: false
Supported requests:
- enter a natural number to know its properties;
- enter 0 to exit.
Enter a request: > 0
Goodbye!
?[1;31m
Start test 17?[0m
Welcome to Amazing Numbers!
Supported requests:
- enter a natural number to know its properties;
- enter 0 to exit.
Enter a request: > 3598429179167092924
Properties of 3598429179167092924
even: true
odd: false
buzz: false
duck: true
palindromic: false
Supported requests:
- enter a natural number to know its properties;
- enter 0 to exit.
Enter a request: > 0
Goodbye!
]]></system-out>
  <system-err><![CDATA[]]></system-err>
</testsuite>
