<?xml version="1.0" encoding="UTF-8"?>
<testsuite name="BullsCowsTest" tests="1" skipped="0" failures="0" errors="0" timestamp="2022-08-21T17:47:05" hostname="Devins-MacBook-Air.local" time="0.383">
  <properties/>
  <testcase name="start" classname="BullsCowsTest" time="0.383"/>
  <system-out><![CDATA[?[1;31m
Start test 1?[0m
Input the length of the secret code:
> 1
Input the number of possible symbols in the code:
> 10
The secret is prepared: * (0-9).
Okay, let's start a game!
Turn 1:
> 0
Grade: None. 
Turn 2:
> 1
Grade: None. 
Turn 3:
> 2
Grade: None. 
Turn 4:
> 3
Grade: None. 
Turn 5:
> 4
Grade: None. 
Turn 6:
> 5
Grade: None. 
Turn 7:
> 6
Grade: None. 
Turn 8:
> 7
Grade: 1 bull. 
Congratulations! You guessed the secret code.
?[1;31m
Start test 2?[0m
Input the length of the secret code:
> 4
Input the number of possible symbols in the code:
> 10
The secret is prepared: **** (0-9).
Okay, let's start a game!
Turn 1:
> 0000
Grade: None. 
Turn 2:
> 1111
Grade: None. 
Turn 3:
> 2222
Grade: None. 
Turn 4:
> 3333
Grade: 1 bull. 
Turn 5:
> 4444
Grade: 1 bull. 
Turn 6:
> 5555
Grade: None. 
Turn 7:
> 6666
Grade: None. 
Turn 8:
> 7777
Grade: 1 bull. 
Turn 9:
> 8888
Grade: 1 bull. 
Turn 10:
> 3478
Grade: 2 bulls and 2 cows. 
Turn 11:
> 4378
Grade: 4 cows. 
Turn 12:
> 7348
Grade: 4 cows. 
Turn 13:
> 3748
Grade: 1 bull. 
Turn 14:
> 4738
Grade: 4 cows. 
Turn 15:
> 7438
Grade: 1 bull. 
Turn 16:
> 8437
Grade: 2 bulls and 2 cows. 
Turn 17:
> 4837
Grade: 1 bull. 
Turn 18:
> 3847
Grade: 2 bulls and 2 cows. 
Turn 19:
> 8347
Grade: 1 bull. 
Turn 20:
> 4387
Grade: 2 bulls and 2 cows. 
Turn 21:
> 3487
Grade: 4 bulls. 
Congratulations! You guessed the secret code.
?[1;31m
Start test 3?[0m
Input the length of the secret code:
> 6
Input the number of possible symbols in the code:
> 10
The secret is prepared: ****** (0-9).
Okay, let's start a game!
Turn 1:
> 000000
Grade: 1 bull. 
Turn 2:
> 111111
Grade: None. 
Turn 3:
> 222222
Grade: 1 bull. 
Turn 4:
> 333333
Grade: None. 
Turn 5:
> 444444
Grade: 1 bull. 
Turn 6:
> 555555
Grade: 1 bull. 
Turn 7:
> 666666
Grade: None. 
Turn 8:
> 777777
Grade: 1 bull. 
Turn 9:
> 888888
Grade: 1 bull. 
Turn 10:
> 024578
Grade: 2 bulls and 4 cows. 
Turn 11:
> 204578
Grade: 4 bulls and 2 cows. 
Turn 12:
> 402578
Grade: 2 bulls and 4 cows. 
Turn 13:
> 042578
Grade: 1 bull. 
Turn 14:
> 240578
Grade: 2 bulls and 4 cows. 
Turn 15:
> 420578
Grade: 1 bull. 
Turn 16:
> 520478
Grade: 6 cows. 
Turn 17:
> 250478
Grade: 1 bull. 
Turn 18:
> 052478
Grade: 6 cows. 
Turn 19:
> 502478
Grade: 1 bull. 
Turn 20:
> 205478
Grade: 2 bulls and 4 cows. 
Turn 21:
> 025478
Grade: 6 cows. 
Turn 22:
> 045278
Grade: 6 cows. 
Turn 23:
> 405278
Grade: 1 bull. 
Turn 24:
> 504278
Grade: 2 bulls and 4 cows. 
Turn 25:
> 054278
Grade: 1 bull. 
Turn 26:
> 450278
Grade: 6 cows. 
Turn 27:
> 540278
Grade: 6 cows. 
Turn 28:
> 542078
Grade: 6 cows. 
Turn 29:
> 452078
Grade: 6 cows. 
Turn 30:
> 254078
Grade: 2 bulls and 4 cows. 
Turn 31:
> 524078
Grade: 1 bull. 
Turn 32:
> 425078
Grade: 6 cows. 
Turn 33:
> 245078
Grade: 1 bull. 
Turn 34:
> 745028
Grade: 6 cows. 
Turn 35:
> 475028
Grade: 6 cows. 
Turn 36:
> 574028
Grade: 1 bull. 
Turn 37:
> 754028
Grade: 1 bull. 
Turn 38:
> 457028
Grade: 6 cows. 
Turn 39:
> 547028
Grade: 6 cows. 
Turn 40:
> 047528
Grade: 1 bull. 
Turn 41:
> 407528
Grade: 2 bulls and 4 cows. 
Turn 42:
> 704528
Grade: 3 bulls and 3 cows. 
Turn 43:
> 074528
Grade: 2 bulls and 4 cows. 
Turn 44:
> 470528
Grade: 1 bull. 
Turn 45:
> 740528
Grade: 1 bull. 
Turn 46:
> 750428
Grade: 6 cows. 
Turn 47:
> 570428
Grade: 6 cows. 
Turn 48:
> 075428
Grade: 6 cows. 
Turn 49:
> 705428
Grade: 1 bull. 
Turn 50:
> 507428
Grade: 1 bull. 
Turn 51:
> 057428
Grade: 6 cows. 
Turn 52:
> 054728
Grade: 1 bull. 
Turn 53:
> 504728
Grade: 2 bulls and 4 cows. 
Turn 54:
> 405728
Grade: 1 bull. 
Turn 55:
> 045728
Grade: 6 cows. 
Turn 56:
> 540728
Grade: 6 cows. 
Turn 57:
> 450728
Grade: 6 cows. 
Turn 58:
> 250748
Grade: 1 bull. 
Turn 59:
> 520748
Grade: 6 cows. 
Turn 60:
> 025748
Grade: 6 cows. 
Turn 61:
> 205748
Grade: 2 bulls and 4 cows. 
Turn 62:
> 502748
Grade: 1 bull. 
Turn 63:
> 052748
Grade: 6 cows. 
Turn 64:
> 752048
Grade: 6 cows. 
Turn 65:
> 572048
Grade: 6 cows. 
Turn 66:
> 275048
Grade: 1 bull. 
Turn 67:
> 725048
Grade: 6 cows. 
Turn 68:
> 527048
Grade: 6 cows. 
Turn 69:
> 257048
Grade: 1 bull. 
Turn 70:
> 207548
Grade: 3 bulls and 3 cows. 
Turn 71:
> 027548
Grade: 1 bull. 
Turn 72:
> 720548
Grade: 1 bull. 
Turn 73:
> 270548
Grade: 2 bulls and 4 cows. 
Turn 74:
> 072548
Grade: 1 bull. 
Turn 75:
> 702548
Grade: 2 bulls and 4 cows. 
Turn 76:
> 705248
Grade: 1 bull. 
Turn 77:
> 075248
Grade: 6 cows. 
Turn 78:
> 570248
Grade: 6 cows. 
Turn 79:
> 750248
Grade: 6 cows. 
Turn 80:
> 057248
Grade: 6 cows. 
Turn 81:
> 507248
Grade: 1 bull. 
Turn 82:
> 407258
Grade: 1 bull. 
Turn 83:
> 047258
Grade: 6 cows. 
Turn 84:
> 740258
Grade: 6 cows. 
Turn 85:
> 470258
Grade: 6 cows. 
Turn 86:
> 074258
Grade: 1 bull. 
Turn 87:
> 704258
Grade: 2 bulls and 4 cows. 
Turn 88:
> 204758
Grade: 3 bulls and 3 cows. 
Turn 89:
> 024758
Grade: 1 bull. 
Turn 90:
> 420758
Grade: 6 cows. 
Turn 91:
> 240758
Grade: 1 bull. 
Turn 92:
> 042758
Grade: 6 cows. 
Turn 93:
> 402758
Grade: 1 bull. 
Turn 94:
> 472058
Grade: 6 cows. 
Turn 95:
> 742058
Grade: 6 cows. 
Turn 96:
> 247058
Grade: 1 bull. 
Turn 97:
> 427058
Grade: 6 cows. 
Turn 98:
> 724058
Grade: 1 bull. 
Turn 99:
> 274058
Grade: 2 bulls and 4 cows. 
Turn 100:
> 270458
Grade: 1 bull. 
Turn 101:
> 720458
Grade: 6 cows. 
Turn 102:
> 027458
Grade: 6 cows. 
Turn 103:
> 207458
Grade: 2 bulls and 4 cows. 
Turn 104:
> 702458
Grade: 1 bull. 
Turn 105:
> 072458
Grade: 6 cows. 
Turn 106:
> 572408
Grade: 6 cows. 
Turn 107:
> 752408
Grade: 6 cows. 
Turn 108:
> 257408
Grade: 1 bull. 
Turn 109:
> 527408
Grade: 6 cows. 
Turn 110:
> 725408
Grade: 6 cows. 
Turn 111:
> 275408
Grade: 1 bull. 
Turn 112:
> 475208
Grade: 6 cows. 
Turn 113:
> 745208
Grade: 6 cows. 
Turn 114:
> 547208
Grade: 6 cows. 
Turn 115:
> 457208
Grade: 6 cows. 
Turn 116:
> 754208
Grade: 1 bull. 
Turn 117:
> 574208
Grade: 1 bull. 
Turn 118:
> 524708
Grade: 1 bull. 
Turn 119:
> 254708
Grade: 2 bulls and 4 cows. 
Turn 120:
> 452708
Grade: 6 cows. 
Turn 121:
> 542708
Grade: 6 cows. 
Turn 122:
> 245708
Grade: 1 bull. 
Turn 123:
> 425708
Grade: 6 cows. 
Turn 124:
> 427508
Grade: 1 bull. 
Turn 125:
> 247508
Grade: 2 bulls and 4 cows. 
Turn 126:
> 742508
Grade: 1 bull. 
Turn 127:
> 472508
Grade: 1 bull. 
Turn 128:
> 274508
Grade: 3 bulls and 3 cows. 
Turn 129:
> 724508
Grade: 2 bulls and 4 cows. 
Turn 130:
> 824507
Grade: 3 bulls and 3 cows. 
Turn 131:
> 284507
Grade: 4 bulls and 2 cows. 
Turn 132:
> 482507
Grade: 2 bulls and 4 cows. 
Turn 133:
> 842507
Grade: 2 bulls and 4 cows. 
Turn 134:
> 248507
Grade: 3 bulls and 3 cows. 
Turn 135:
> 428507
Grade: 2 bulls and 4 cows. 
Turn 136:
> 528407
Grade: 1 bull. 
Turn 137:
> 258407
Grade: 2 bulls and 4 cows. 
Turn 138:
> 852407
Grade: 1 bull. 
Turn 139:
> 582407
Grade: 1 bull. 
Turn 140:
> 285407
Grade: 2 bulls and 4 cows. 
Turn 141:
> 825407
Grade: 1 bull. 
Turn 142:
> 845207
Grade: 1 bull. 
Turn 143:
> 485207
Grade: 1 bull. 
Turn 144:
> 584207
Grade: 2 bulls and 4 cows. 
Turn 145:
> 854207
Grade: 2 bulls and 4 cows. 
Turn 146:
> 458207
Grade: 1 bull. 
Turn 147:
> 548207
Grade: 1 bull. 
Turn 148:
> 542807
Grade: 1 bull. 
Turn 149:
> 452807
Grade: 1 bull. 
Turn 150:
> 254807
Grade: 3 bulls and 3 cows. 
Turn 151:
> 524807
Grade: 2 bulls and 4 cows. 
Turn 152:
> 425807
Grade: 1 bull. 
Turn 153:
> 245807
Grade: 2 bulls and 4 cows. 
Turn 154:
> 045827
Grade: 1 bull. 
Turn 155:
> 405827
Grade: 2 bulls and 4 cows. 
Turn 156:
> 504827
Grade: 3 bulls and 3 cows. 
Turn 157:
> 054827
Grade: 2 bulls and 4 cows. 
Turn 158:
> 450827
Grade: 1 bull. 
Turn 159:
> 540827
Grade: 1 bull. 
Turn 160:
> 840527
Grade: 2 bulls and 4 cows. 
Turn 161:
> 480527
Grade: 2 bulls and 4 cows. 
Turn 162:
> 084527
Grade: 3 bulls and 3 cows. 
Turn 163:
> 804527
Grade: 4 bulls and 2 cows. 
Turn 164:
> 408527
Grade: 3 bulls and 3 cows. 
Turn 165:
> 048527
Grade: 2 bulls and 4 cows. 
Turn 166:
> 058427
Grade: 1 bull. 
Turn 167:
> 508427
Grade: 2 bulls and 4 cows. 
Turn 168:
> 805427
Grade: 2 bulls and 4 cows. 
Turn 169:
> 085427
Grade: 1 bull. 
Turn 170:
> 580427
Grade: 1 bull. 
Turn 171:
> 850427
Grade: 1 bull. 
Turn 172:
> 854027
Grade: 2 bulls and 4 cows. 
Turn 173:
> 584027
Grade: 2 bulls and 4 cows. 
Turn 174:
> 485027
Grade: 1 bull. 
Turn 175:
> 845027
Grade: 1 bull. 
Turn 176:
> 548027
Grade: 1 bull. 
Turn 177:
> 458027
Grade: 1 bull. 
Turn 178:
> 258047
Grade: 2 bulls and 4 cows. 
Turn 179:
> 528047
Grade: 1 bull. 
Turn 180:
> 825047
Grade: 1 bull. 
Turn 181:
> 285047
Grade: 2 bulls and 4 cows. 
Turn 182:
> 582047
Grade: 1 bull. 
Turn 183:
> 852047
Grade: 1 bull. 
Turn 184:
> 052847
Grade: 1 bull. 
Turn 185:
> 502847
Grade: 2 bulls and 4 cows. 
Turn 186:
> 205847
Grade: 3 bulls and 3 cows. 
Turn 187:
> 025847
Grade: 1 bull. 
Turn 188:
> 520847
Grade: 1 bull. 
Turn 189:
> 250847
Grade: 2 bulls and 4 cows. 
Turn 190:
> 280547
Grade: 3 bulls and 3 cows. 
Turn 191:
> 820547
Grade: 2 bulls and 4 cows. 
Turn 192:
> 028547
Grade: 2 bulls and 4 cows. 
Turn 193:
> 208547
Grade: 4 bulls and 2 cows. 
Turn 194:
> 802547
Grade: 3 bulls and 3 cows. 
Turn 195:
> 082547
Grade: 2 bulls and 4 cows. 
Turn 196:
> 085247
Grade: 1 bull. 
Turn 197:
> 805247
Grade: 2 bulls and 4 cows. 
Turn 198:
> 508247
Grade: 2 bulls and 4 cows. 
Turn 199:
> 058247
Grade: 1 bull. 
Turn 200:
> 850247
Grade: 1 bull. 
Turn 201:
> 580247
Grade: 1 bull. 
Turn 202:
> 480257
Grade: 1 bull. 
Turn 203:
> 840257
Grade: 1 bull. 
Turn 204:
> 048257
Grade: 1 bull. 
Turn 205:
> 408257
Grade: 2 bulls and 4 cows. 
Turn 206:
> 804257
Grade: 3 bulls and 3 cows. 
Turn 207:
> 084257
Grade: 2 bulls and 4 cows. 
Turn 208:
> 284057
Grade: 3 bulls and 3 cows. 
Turn 209:
> 824057
Grade: 2 bulls and 4 cows. 
Turn 210:
> 428057
Grade: 1 bull. 
Turn 211:
> 248057
Grade: 2 bulls and 4 cows. 
Turn 212:
> 842057
Grade: 1 bull. 
Turn 213:
> 482057
Grade: 1 bull. 
Turn 214:
> 402857
Grade: 2 bulls and 4 cows. 
Turn 215:
> 042857
Grade: 1 bull. 
Turn 216:
> 240857
Grade: 2 bulls and 4 cows. 
Turn 217:
> 420857
Grade: 1 bull. 
Turn 218:
> 024857
Grade: 2 bulls and 4 cows. 
Turn 219:
> 204857
Grade: 4 bulls and 2 cows. 
Turn 220:
> 208457
Grade: 3 bulls and 3 cows. 
Turn 221:
> 028457
Grade: 1 bull. 
Turn 222:
> 820457
Grade: 1 bull. 
Turn 223:
> 280457
Grade: 2 bulls and 4 cows. 
Turn 224:
> 082457
Grade: 1 bull. 
Turn 225:
> 802457
Grade: 2 bulls and 4 cows. 
Turn 226:
> 502487
Grade: 3 bulls and 3 cows. 
Turn 227:
> 052487
Grade: 2 bulls and 4 cows. 
Turn 228:
> 250487
Grade: 3 bulls and 3 cows. 
Turn 229:
> 520487
Grade: 2 bulls and 4 cows. 
Turn 230:
> 025487
Grade: 2 bulls and 4 cows. 
Turn 231:
> 205487
Grade: 4 bulls and 2 cows. 
Turn 232:
> 405287
Grade: 3 bulls and 3 cows. 
Turn 233:
> 045287
Grade: 2 bulls and 4 cows. 
Turn 234:
> 540287
Grade: 2 bulls and 4 cows. 
Turn 235:
> 450287
Grade: 2 bulls and 4 cows. 
Turn 236:
> 054287
Grade: 3 bulls and 3 cows. 
Turn 237:
> 504287
Grade: 4 bulls and 2 cows. 
Turn 238:
> 524087
Grade: 3 bulls and 3 cows. 
Turn 239:
> 254087
Grade: 4 bulls and 2 cows. 
Turn 240:
> 452087
Grade: 2 bulls and 4 cows. 
Turn 241:
> 542087
Grade: 2 bulls and 4 cows. 
Turn 242:
> 245087
Grade: 3 bulls and 3 cows. 
Turn 243:
> 425087
Grade: 2 bulls and 4 cows. 
Turn 244:
> 420587
Grade: 3 bulls and 3 cows. 
Turn 245:
> 240587
Grade: 4 bulls and 2 cows. 
Turn 246:
> 042587
Grade: 3 bulls and 3 cows. 
Turn 247:
> 402587
Grade: 4 bulls and 2 cows. 
Turn 248:
> 204587
Grade: 6 bulls. 
Congratulations! You guessed the secret code.
?[1;31m
Start test 4?[0m
Input the length of the secret code:
> 11
Input the number of possible symbols in the code:
> 10
Error: it's not possible to generate a code with a length of 11 with 10 unique symbols.
?[1;31m
Start test 5?[0m
Input the length of the secret code:
> 4
Input the number of possible symbols in the code:
> 16
The secret is prepared: **** (0-9, a-f).
Okay, let's start a game!
Turn 1:
> 0000
Grade: None. 
Turn 2:
> 1111
Grade: 1 bull. 
Turn 3:
> 2222
Grade: 1 bull. 
Turn 4:
> 3333
Grade: 1 bull. 
Turn 5:
> 4444
Grade: None. 
Turn 6:
> 5555
Grade: None. 
Turn 7:
> 6666
Grade: None. 
Turn 8:
> 7777
Grade: None. 
Turn 9:
> 8888
Grade: None. 
Turn 10:
> 9999
Grade: None. 
Turn 11:
> aaaa
Grade: None. 
Turn 12:
> bbbb
Grade: None. 
Turn 13:
> cccc
Grade: None. 
Turn 14:
> dddd
Grade: None. 
Turn 15:
> eeee
Grade: None. 
Turn 16:
> ffff
Grade: 1 bull. 
Turn 17:
> 123f
Grade: 1 bull. 
Turn 18:
> 213f
Grade: 2 bulls and 2 cows. 
Turn 19:
> 312f
Grade: 1 bull. 
Turn 20:
> 132f
Grade: 4 cows. 
Turn 21:
> 231f
Grade: 4 cows. 
Turn 22:
> 321f
Grade: 4 cows. 
Turn 23:
> f213
Grade: 1 bull. 
Turn 24:
> 2f13
Grade: 4 cows. 
Turn 25:
> 1f23
Grade: 4 cows. 
Turn 26:
> f123
Grade: 2 bulls and 2 cows. 
Turn 27:
> 21f3
Grade: 1 bull. 
Turn 28:
> 12f3
Grade: 4 cows. 
Turn 29:
> 13f2
Grade: 1 bull. 
Turn 30:
> 31f2
Grade: 2 bulls and 2 cows. 
Turn 31:
> f132
Grade: 4 bulls. 
Congratulations! You guessed the secret code.
?[1;31m
Start test 6?[0m
Input the length of the secret code:
> 6
Input the number of possible symbols in the code:
> 36
The secret is prepared: ****** (0-9, a-z).
Okay, let's start a game!
Turn 1:
> 000000
Grade: None. 
Turn 2:
> 111111
Grade: 1 bull. 
Turn 3:
> 222222
Grade: None. 
Turn 4:
> 333333
Grade: None. 
Turn 5:
> 444444
Grade: None. 
Turn 6:
> 555555
Grade: None. 
Turn 7:
> 666666
Grade: None. 
Turn 8:
> 777777
Grade: None. 
Turn 9:
> 888888
Grade: None. 
Turn 10:
> 999999
Grade: None. 
Turn 11:
> aaaaaa
Grade: None. 
Turn 12:
> bbbbbb
Grade: None. 
Turn 13:
> cccccc
Grade: 1 bull. 
Turn 14:
> dddddd
Grade: None. 
Turn 15:
> eeeeee
Grade: None. 
Turn 16:
> ffffff
Grade: None. 
Turn 17:
> gggggg
Grade: 1 bull. 
Turn 18:
> hhhhhh
Grade: None. 
Turn 19:
> iiiiii
Grade: None. 
Turn 20:
> jjjjjj
Grade: None. 
Turn 21:
> kkkkkk
Grade: None. 
Turn 22:
> llllll
Grade: None. 
Turn 23:
> mmmmmm
Grade: None. 
Turn 24:
> nnnnnn
Grade: 1 bull. 
Turn 25:
> oooooo
Grade: None. 
Turn 26:
> pppppp
Grade: None. 
Turn 27:
> qqqqqq
Grade: None. 
Turn 28:
> rrrrrr
Grade: None. 
Turn 29:
> ssssss
Grade: None. 
Turn 30:
> tttttt
Grade: None. 
Turn 31:
> uuuuuu
Grade: None. 
Turn 32:
> vvvvvv
Grade: 1 bull. 
Turn 33:
> wwwwww
Grade: None. 
Turn 34:
> xxxxxx
Grade: None. 
Turn 35:
> yyyyyy
Grade: 1 bull. 
Turn 36:
> 1cgnvy
Grade: 6 cows. 
Turn 37:
> c1gnvy
Grade: 6 cows. 
Turn 38:
> g1cnvy
Grade: 6 cows. 
Turn 39:
> 1gcnvy
Grade: 6 cows. 
Turn 40:
> cg1nvy
Grade: 1 bull. 
Turn 41:
> gc1nvy
Grade: 1 bull. 
Turn 42:
> nc1gvy
Grade: 2 bulls and 4 cows. 
Turn 43:
> cn1gvy
Grade: 2 bulls and 4 cows. 
Turn 44:
> 1ncgvy
Grade: 1 bull. 
Turn 45:
> n1cgvy
Grade: 1 bull. 
Turn 46:
> c1ngvy
Grade: 1 bull. 
Turn 47:
> 1cngvy
Grade: 1 bull. 
Turn 48:
> 1gncvy
Grade: 6 cows. 
Turn 49:
> g1ncvy
Grade: 6 cows. 
Turn 50:
> n1gcvy
Grade: 6 cows. 
Turn 51:
> 1ngcvy
Grade: 6 cows. 
Turn 52:
> gn1cvy
Grade: 1 bull. 
Turn 53:
> ng1cvy
Grade: 1 bull. 
Turn 54:
> ngc1vy
Grade: 6 cows. 
Turn 55:
> gnc1vy
Grade: 6 cows. 
Turn 56:
> cng1vy
Grade: 6 cows. 
Turn 57:
> ncg1vy
Grade: 6 cows. 
Turn 58:
> gcn1vy
Grade: 6 cows. 
Turn 59:
> cgn1vy
Grade: 6 cows. 
Turn 60:
> vgn1cy
Grade: 1 bull. 
Turn 61:
> gvn1cy
Grade: 6 cows. 
Turn 62:
> nvg1cy
Grade: 6 cows. 
Turn 63:
> vng1cy
Grade: 1 bull. 
Turn 64:
> gnv1cy
Grade: 6 cows. 
Turn 65:
> ngv1cy
Grade: 6 cows. 
Turn 66:
> 1gvncy
Grade: 6 cows. 
Turn 67:
> g1vncy
Grade: 6 cows. 
Turn 68:
> v1gncy
Grade: 1 bull. 
Turn 69:
> 1vgncy
Grade: 6 cows. 
Turn 70:
> gv1ncy
Grade: 1 bull. 
Turn 71:
> vg1ncy
Grade: 2 bulls and 4 cows. 
Turn 72:
> vn1gcy
Grade: 3 bulls and 3 cows. 
Turn 73:
> nv1gcy
Grade: 2 bulls and 4 cows. 
Turn 74:
> 1vngcy
Grade: 1 bull. 
Turn 75:
> v1ngcy
Grade: 2 bulls and 4 cows. 
Turn 76:
> n1vgcy
Grade: 1 bull. 
Turn 77:
> 1nvgcy
Grade: 1 bull. 
Turn 78:
> 1ngvcy
Grade: 6 cows. 
Turn 79:
> n1gvcy
Grade: 6 cows. 
Turn 80:
> g1nvcy
Grade: 6 cows. 
Turn 81:
> 1gnvcy
Grade: 6 cows. 
Turn 82:
> ng1vcy
Grade: 1 bull. 
Turn 83:
> gn1vcy
Grade: 1 bull. 
Turn 84:
> cn1vgy
Grade: 1 bull. 
Turn 85:
> nc1vgy
Grade: 1 bull. 
Turn 86:
> 1cnvgy
Grade: 6 cows. 
Turn 87:
> c1nvgy
Grade: 6 cows. 
Turn 88:
> n1cvgy
Grade: 6 cows. 
Turn 89:
> 1ncvgy
Grade: 6 cows. 
Turn 90:
> vnc1gy
Grade: 1 bull. 
Turn 91:
> nvc1gy
Grade: 6 cows. 
Turn 92:
> cvn1gy
Grade: 6 cows. 
Turn 93:
> vcn1gy
Grade: 1 bull. 
Turn 94:
> ncv1gy
Grade: 6 cows. 
Turn 95:
> cnv1gy
Grade: 6 cows. 
Turn 96:
> c1vngy
Grade: 6 cows. 
Turn 97:
> 1cvngy
Grade: 6 cows. 
Turn 98:
> vc1ngy
Grade: 2 bulls and 4 cows. 
Turn 99:
> cv1ngy
Grade: 1 bull. 
Turn 100:
> 1vcngy
Grade: 6 cows. 
Turn 101:
> v1cngy
Grade: 1 bull. 
Turn 102:
> v1ncgy
Grade: 1 bull. 
Turn 103:
> 1vncgy
Grade: 6 cows. 
Turn 104:
> nv1cgy
Grade: 1 bull. 
Turn 105:
> vn1cgy
Grade: 2 bulls and 4 cows. 
Turn 106:
> 1nvcgy
Grade: 6 cows. 
Turn 107:
> n1vcgy
Grade: 6 cows. 
Turn 108:
> g1vcny
Grade: 1 bull. 
Turn 109:
> 1gvcny
Grade: 1 bull. 
Turn 110:
> vg1cny
Grade: 3 bulls and 3 cows. 
Turn 111:
> gv1cny
Grade: 2 bulls and 4 cows. 
Turn 112:
> 1vgcny
Grade: 1 bull. 
Turn 113:
> v1gcny
Grade: 2 bulls and 4 cows. 
Turn 114:
> c1gvny
Grade: 1 bull. 
Turn 115:
> 1cgvny
Grade: 1 bull. 
Turn 116:
> gc1vny
Grade: 2 bulls and 4 cows. 
Turn 117:
> cg1vny
Grade: 2 bulls and 4 cows. 
Turn 118:
> 1gcvny
Grade: 1 bull. 
Turn 119:
> g1cvny
Grade: 1 bull. 
Turn 120:
> gvc1ny
Grade: 1 bull. 
Turn 121:
> vgc1ny
Grade: 2 bulls and 4 cows. 
Turn 122:
> cgv1ny
Grade: 1 bull. 
Turn 123:
> gcv1ny
Grade: 1 bull. 
Turn 124:
> vcg1ny
Grade: 2 bulls and 4 cows. 
Turn 125:
> cvg1ny
Grade: 1 bull. 
Turn 126:
> cv1gny
Grade: 3 bulls and 3 cows. 
Turn 127:
> vc1gny
Grade: 4 bulls and 2 cows. 
Turn 128:
> 1cvgny
Grade: 2 bulls and 4 cows. 
Turn 129:
> c1vgny
Grade: 2 bulls and 4 cows. 
Turn 130:
> v1cgny
Grade: 3 bulls and 3 cows. 
Turn 131:
> 1vcgny
Grade: 2 bulls and 4 cows. 
Turn 132:
> nvcg1y
Grade: 1 bull. 
Turn 133:
> vncg1y
Grade: 2 bulls and 4 cows. 
Turn 134:
> cnvg1y
Grade: 1 bull. 
Turn 135:
> ncvg1y
Grade: 1 bull. 
Turn 136:
> vcng1y
Grade: 2 bulls and 4 cows. 
Turn 137:
> cvng1y
Grade: 1 bull. 
Turn 138:
> gvnc1y
Grade: 6 cows. 
Turn 139:
> vgnc1y
Grade: 1 bull. 
Turn 140:
> ngvc1y
Grade: 6 cows. 
Turn 141:
> gnvc1y
Grade: 6 cows. 
Turn 142:
> vngc1y
Grade: 1 bull. 
Turn 143:
> nvgc1y
Grade: 6 cows. 
Turn 144:
> ncgv1y
Grade: 6 cows. 
Turn 145:
> cngv1y
Grade: 6 cows. 
Turn 146:
> gncv1y
Grade: 6 cows. 
Turn 147:
> ngcv1y
Grade: 6 cows. 
Turn 148:
> cgnv1y
Grade: 6 cows. 
Turn 149:
> gcnv1y
Grade: 6 cows. 
Turn 150:
> gcvn1y
Grade: 6 cows. 
Turn 151:
> cgvn1y
Grade: 6 cows. 
Turn 152:
> vgcn1y
Grade: 1 bull. 
Turn 153:
> gvcn1y
Grade: 6 cows. 
Turn 154:
> cvgn1y
Grade: 6 cows. 
Turn 155:
> vcgn1y
Grade: 1 bull. 
Turn 156:
> ycgn1v
Grade: 6 cows. 
Turn 157:
> cygn1v
Grade: 1 bull. 
Turn 158:
> gycn1v
Grade: 1 bull. 
Turn 159:
> ygcn1v
Grade: 6 cows. 
Turn 160:
> cgyn1v
Grade: 6 cows. 
Turn 161:
> gcyn1v
Grade: 6 cows. 
Turn 162:
> ncyg1v
Grade: 1 bull. 
Turn 163:
> cnyg1v
Grade: 1 bull. 
Turn 164:
> yncg1v
Grade: 1 bull. 
Turn 165:
> nycg1v
Grade: 2 bulls and 4 cows. 
Turn 166:
> cyng1v
Grade: 2 bulls and 4 cows. 
Turn 167:
> ycng1v
Grade: 1 bull. 
Turn 168:
> ygnc1v
Grade: 6 cows. 
Turn 169:
> gync1v
Grade: 1 bull. 
Turn 170:
> nygc1v
Grade: 1 bull. 
Turn 171:
> yngc1v
Grade: 6 cows. 
Turn 172:
> gnyc1v
Grade: 6 cows. 
Turn 173:
> ngyc1v
Grade: 6 cows. 
Turn 174:
> ngcy1v
Grade: 6 cows. 
Turn 175:
> gncy1v
Grade: 6 cows. 
Turn 176:
> cngy1v
Grade: 6 cows. 
Turn 177:
> ncgy1v
Grade: 6 cows. 
Turn 178:
> gcny1v
Grade: 6 cows. 
Turn 179:
> cgny1v
Grade: 6 cows. 
Turn 180:
> 1gnycv
Grade: 6 cows. 
Turn 181:
> g1nycv
Grade: 6 cows. 
Turn 182:
> n1gycv
Grade: 6 cows. 
Turn 183:
> 1ngycv
Grade: 6 cows. 
Turn 184:
> gn1ycv
Grade: 1 bull. 
Turn 185:
> ng1ycv
Grade: 1 bull. 
Turn 186:
> yg1ncv
Grade: 1 bull. 
Turn 187:
> gy1ncv
Grade: 2 bulls and 4 cows. 
Turn 188:
> 1ygncv
Grade: 1 bull. 
Turn 189:
> y1gncv
Grade: 6 cows. 
Turn 190:
> g1yncv
Grade: 6 cows. 
Turn 191:
> 1gyncv
Grade: 6 cows. 
Turn 192:
> 1nygcv
Grade: 1 bull. 
Turn 193:
> n1ygcv
Grade: 1 bull. 
Turn 194:
> y1ngcv
Grade: 1 bull. 
Turn 195:
> 1yngcv
Grade: 2 bulls and 4 cows. 
Turn 196:
> ny1gcv
Grade: 3 bulls and 3 cows. 
Turn 197:
> yn1gcv
Grade: 2 bulls and 4 cows. 
Turn 198:
> yng1cv
Grade: 6 cows. 
Turn 199:
> nyg1cv
Grade: 1 bull. 
Turn 200:
> gyn1cv
Grade: 1 bull. 
Turn 201:
> ygn1cv
Grade: 6 cows. 
Turn 202:
> ngy1cv
Grade: 6 cows. 
Turn 203:
> gny1cv
Grade: 6 cows. 
Turn 204:
> cny1gv
Grade: 6 cows. 
Turn 205:
> ncy1gv
Grade: 6 cows. 
Turn 206:
> ycn1gv
Grade: 6 cows. 
Turn 207:
> cyn1gv
Grade: 1 bull. 
Turn 208:
> nyc1gv
Grade: 1 bull. 
Turn 209:
> ync1gv
Grade: 6 cows. 
Turn 210:
> 1ncygv
Grade: 6 cows. 
Turn 211:
> n1cygv
Grade: 6 cows. 
Turn 212:
> c1nygv
Grade: 6 cows. 
Turn 213:
> 1cnygv
Grade: 6 cows. 
Turn 214:
> nc1ygv
Grade: 1 bull. 
Turn 215:
> cn1ygv
Grade: 1 bull. 
Turn 216:
> cy1ngv
Grade: 2 bulls and 4 cows. 
Turn 217:
> yc1ngv
Grade: 1 bull. 
Turn 218:
> 1cyngv
Grade: 6 cows. 
Turn 219:
> c1yngv
Grade: 6 cows. 
Turn 220:
> y1cngv
Grade: 6 cows. 
Turn 221:
> 1ycngv
Grade: 1 bull. 
Turn 222:
> 1yncgv
Grade: 1 bull. 
Turn 223:
> y1ncgv
Grade: 6 cows. 
Turn 224:
> n1ycgv
Grade: 6 cows. 
Turn 225:
> 1nycgv
Grade: 6 cows. 
Turn 226:
> yn1cgv
Grade: 1 bull. 
Turn 227:
> ny1cgv
Grade: 2 bulls and 4 cows. 
Turn 228:
> gy1cnv
Grade: 3 bulls and 3 cows. 
Turn 229:
> yg1cnv
Grade: 2 bulls and 4 cows. 
Turn 230:
> 1gycnv
Grade: 1 bull. 
Turn 231:
> g1ycnv
Grade: 1 bull. 
Turn 232:
> y1gcnv
Grade: 1 bull. 
Turn 233:
> 1ygcnv
Grade: 2 bulls and 4 cows. 
Turn 234:
> cyg1nv
Grade: 2 bulls and 4 cows. 
Turn 235:
> ycg1nv
Grade: 1 bull. 
Turn 236:
> gcy1nv
Grade: 1 bull. 
Turn 237:
> cgy1nv
Grade: 1 bull. 
Turn 238:
> ygc1nv
Grade: 1 bull. 
Turn 239:
> gyc1nv
Grade: 2 bulls and 4 cows. 
Turn 240:
> g1cynv
Grade: 1 bull. 
Turn 241:
> 1gcynv
Grade: 1 bull. 
Turn 242:
> cg1ynv
Grade: 2 bulls and 4 cows. 
Turn 243:
> gc1ynv
Grade: 2 bulls and 4 cows. 
Turn 244:
> 1cgynv
Grade: 1 bull. 
Turn 245:
> c1gynv
Grade: 1 bull. 
Turn 246:
> c1ygnv
Grade: 2 bulls and 4 cows. 
Turn 247:
> 1cygnv
Grade: 2 bulls and 4 cows. 
Turn 248:
> yc1gnv
Grade: 3 bulls and 3 cows. 
Turn 249:
> cy1gnv
Grade: 4 bulls and 2 cows. 
Turn 250:
> 1ycgnv
Grade: 3 bulls and 3 cows. 
Turn 251:
> y1cgnv
Grade: 2 bulls and 4 cows. 
Turn 252:
> n1cgyv
Grade: 1 bull. 
Turn 253:
> 1ncgyv
Grade: 1 bull. 
Turn 254:
> cn1gyv
Grade: 2 bulls and 4 cows. 
Turn 255:
> nc1gyv
Grade: 2 bulls and 4 cows. 
Turn 256:
> 1cngyv
Grade: 1 bull. 
Turn 257:
> c1ngyv
Grade: 1 bull. 
Turn 258:
> g1ncyv
Grade: 6 cows. 
Turn 259:
> 1gncyv
Grade: 6 cows. 
Turn 260:
> ng1cyv
Grade: 1 bull. 
Turn 261:
> gn1cyv
Grade: 1 bull. 
Turn 262:
> 1ngcyv
Grade: 6 cows. 
Turn 263:
> n1gcyv
Grade: 6 cows. 
Turn 264:
> ncg1yv
Grade: 6 cows. 
Turn 265:
> cng1yv
Grade: 6 cows. 
Turn 266:
> gnc1yv
Grade: 6 cows. 
Turn 267:
> ngc1yv
Grade: 6 cows. 
Turn 268:
> cgn1yv
Grade: 6 cows. 
Turn 269:
> gcn1yv
Grade: 6 cows. 
Turn 270:
> gc1nyv
Grade: 1 bull. 
Turn 271:
> cg1nyv
Grade: 1 bull. 
Turn 272:
> 1gcnyv
Grade: 6 cows. 
Turn 273:
> g1cnyv
Grade: 6 cows. 
Turn 274:
> c1gnyv
Grade: 6 cows. 
Turn 275:
> 1cgnyv
Grade: 6 cows. 
Turn 276:
> 1vgnyc
Grade: 1 bull. 
Turn 277:
> v1gnyc
Grade: 2 bulls and 4 cows. 
Turn 278:
> g1vnyc
Grade: 1 bull. 
Turn 279:
> 1gvnyc
Grade: 1 bull. 
Turn 280:
> vg1nyc
Grade: 3 bulls and 3 cows. 
Turn 281:
> gv1nyc
Grade: 2 bulls and 4 cows. 
Turn 282:
> nv1gyc
Grade: 3 bulls and 3 cows. 
Turn 283:
> vn1gyc
Grade: 4 bulls and 2 cows. 
Turn 284:
> 1nvgyc
Grade: 2 bulls and 4 cows. 
Turn 285:
> n1vgyc
Grade: 2 bulls and 4 cows. 
Turn 286:
> v1ngyc
Grade: 3 bulls and 3 cows. 
Turn 287:
> 1vngyc
Grade: 2 bulls and 4 cows. 
Turn 288:
> 1gnvyc
Grade: 1 bull. 
Turn 289:
> g1nvyc
Grade: 1 bull. 
Turn 290:
> n1gvyc
Grade: 1 bull. 
Turn 291:
> 1ngvyc
Grade: 1 bull. 
Turn 292:
> gn1vyc
Grade: 2 bulls and 4 cows. 
Turn 293:
> ng1vyc
Grade: 2 bulls and 4 cows. 
Turn 294:
> ngv1yc
Grade: 1 bull. 
Turn 295:
> gnv1yc
Grade: 1 bull. 
Turn 296:
> vng1yc
Grade: 2 bulls and 4 cows. 
Turn 297:
> nvg1yc
Grade: 1 bull. 
Turn 298:
> gvn1yc
Grade: 1 bull. 
Turn 299:
> vgn1yc
Grade: 2 bulls and 4 cows. 
Turn 300:
> ygn1vc
Grade: 1 bull. 
Turn 301:
> gyn1vc
Grade: 2 bulls and 4 cows. 
Turn 302:
> nyg1vc
Grade: 2 bulls and 4 cows. 
Turn 303:
> yng1vc
Grade: 1 bull. 
Turn 304:
> gny1vc
Grade: 1 bull. 
Turn 305:
> ngy1vc
Grade: 1 bull. 
Turn 306:
> 1gynvc
Grade: 1 bull. 
Turn 307:
> g1ynvc
Grade: 1 bull. 
Turn 308:
> y1gnvc
Grade: 1 bull. 
Turn 309:
> 1ygnvc
Grade: 2 bulls and 4 cows. 
Turn 310:
> gy1nvc
Grade: 3 bulls and 3 cows. 
Turn 311:
> yg1nvc
Grade: 2 bulls and 4 cows. 
Turn 312:
> yn1gvc
Grade: 3 bulls and 3 cows. 
Turn 313:
> ny1gvc
Grade: 4 bulls and 2 cows. 
Turn 314:
> 1yngvc
Grade: 3 bulls and 3 cows. 
Turn 315:
> y1ngvc
Grade: 2 bulls and 4 cows. 
Turn 316:
> n1ygvc
Grade: 2 bulls and 4 cows. 
Turn 317:
> 1nygvc
Grade: 2 bulls and 4 cows. 
Turn 318:
> 1ngyvc
Grade: 1 bull. 
Turn 319:
> n1gyvc
Grade: 1 bull. 
Turn 320:
> g1nyvc
Grade: 1 bull. 
Turn 321:
> 1gnyvc
Grade: 1 bull. 
Turn 322:
> ng1yvc
Grade: 2 bulls and 4 cows. 
Turn 323:
> gn1yvc
Grade: 2 bulls and 4 cows. 
Turn 324:
> vn1ygc
Grade: 3 bulls and 3 cows. 
Turn 325:
> nv1ygc
Grade: 2 bulls and 4 cows. 
Turn 326:
> 1vnygc
Grade: 1 bull. 
Turn 327:
> v1nygc
Grade: 2 bulls and 4 cows. 
Turn 328:
> n1vygc
Grade: 1 bull. 
Turn 329:
> 1nvygc
Grade: 1 bull. 
Turn 330:
> ynv1gc
Grade: 1 bull. 
Turn 331:
> nyv1gc
Grade: 2 bulls and 4 cows. 
Turn 332:
> vyn1gc
Grade: 3 bulls and 3 cows. 
Turn 333:
> yvn1gc
Grade: 1 bull. 
Turn 334:
> nvy1gc
Grade: 1 bull. 
Turn 335:
> vny1gc
Grade: 2 bulls and 4 cows. 
Turn 336:
> v1yngc
Grade: 2 bulls and 4 cows. 
Turn 337:
> 1vyngc
Grade: 1 bull. 
Turn 338:
> yv1ngc
Grade: 2 bulls and 4 cows. 
Turn 339:
> vy1ngc
Grade: 4 bulls and 2 cows. 
Turn 340:
> 1yvngc
Grade: 2 bulls and 4 cows. 
Turn 341:
> y1vngc
Grade: 1 bull. 
Turn 342:
> y1nvgc
Grade: 1 bull. 
Turn 343:
> 1ynvgc
Grade: 2 bulls and 4 cows. 
Turn 344:
> ny1vgc
Grade: 3 bulls and 3 cows. 
Turn 345:
> yn1vgc
Grade: 2 bulls and 4 cows. 
Turn 346:
> 1nyvgc
Grade: 1 bull. 
Turn 347:
> n1yvgc
Grade: 1 bull. 
Turn 348:
> g1yvnc
Grade: 2 bulls and 4 cows. 
Turn 349:
> 1gyvnc
Grade: 2 bulls and 4 cows. 
Turn 350:
> yg1vnc
Grade: 3 bulls and 3 cows. 
Turn 351:
> gy1vnc
Grade: 4 bulls and 2 cows. 
Turn 352:
> 1ygvnc
Grade: 3 bulls and 3 cows. 
Turn 353:
> y1gvnc
Grade: 2 bulls and 4 cows. 
Turn 354:
> v1gync
Grade: 3 bulls and 3 cows. 
Turn 355:
> 1vgync
Grade: 2 bulls and 4 cows. 
Turn 356:
> gv1ync
Grade: 3 bulls and 3 cows. 
Turn 357:
> vg1ync
Grade: 4 bulls and 2 cows. 
Turn 358:
> 1gvync
Grade: 2 bulls and 4 cows. 
Turn 359:
> g1vync
Grade: 2 bulls and 4 cows. 
Turn 360:
> gyv1nc
Grade: 3 bulls and 3 cows. 
Turn 361:
> ygv1nc
Grade: 2 bulls and 4 cows. 
Turn 362:
> vgy1nc
Grade: 3 bulls and 3 cows. 
Turn 363:
> gvy1nc
Grade: 2 bulls and 4 cows. 
Turn 364:
> yvg1nc
Grade: 2 bulls and 4 cows. 
Turn 365:
> vyg1nc
Grade: 4 bulls and 2 cows. 
Turn 366:
> vy1gnc
Grade: 6 bulls. 
Congratulations! You guessed the secret code.
?[1;31m
Start test 7?[0m
Input the length of the secret code:
> 0
Error: length of secret code must greater than 0.
?[1;31m
Start test 8?[0m
Input the length of the secret code:
> 10
Input the number of possible symbols in the code:
> 9
Error: it's not possible to generate a code with a length of 10 with 9 unique symbols.
?[1;31m
Start test 9?[0m
Input the length of the secret code:
> 9
Input the number of possible symbols in the code:
> 37
Error: maximum number of possible symbols in the code is 36 (0-9, a-z).
?[1;31m
Start test 10?[0m
Input the length of the secret code:
> abcdefg 1 -6
Error: "abcdefg 1 -6" isn't a valid number.
]]></system-out>
  <system-err><![CDATA[]]></system-err>
</testsuite>
